06:38:41 /ISIMA/SECRET_AJBIHBAO/CHALLENGE_2/DEFI_4/GROUPE_86/LEDS/LED1 WFRy9x4uVLlFFUidMATajA==
00:36:06 /ISIMA/SECRET_AJBIHBAO/CHALLENGE_2/DEFI_4/GROUPE_86/LEDS/LED1 CdZ7Dful8oPsVABsLz8juQ==
02:49:19 /ISIMA/SECRET_AJBIHBAO/CHALLENGE_2/DEFI_4/GROUPE_86/LEDS/LED1 aaiXE0wRMIgfDu9kFwuzDQ==
13:57:12 /ISIMA/SECRET_AJBIHBAO/CHALLENGE_2/DEFI_4/GROUPE_86/LEDS/LED1 XfhPSbH7LihbHmLmeJj9jw==
18:28:07 /ISIMA/SECRET_AJBIHBAO/CHALLENGE_2/DEFI_4/GROUPE_86/LEDS/LED1 Ok1pixVEzpRfcizyY98RhQ==
12:12:22 /ISIMA/SECRET_AJBIHBAO/CHALLENGE_2/DEFI_4/GROUPE_86/LEDS/LED1 E4UNuNUHTEssX3cnQZTq6w==
03:46:16 /ISIMA/SECRET_AJBIHBAO/CHALLENGE_2/DEFI_4/GROUPE_86/LEDS/LED1 nKIHpNyuuRtPLs7Xsgfc8A==
10:34:32 /ISIMA/SECRET_AJBIHBAO/CHALLENGE_2/DEFI_4/GROUPE_86/LEDS/LED1 eudMsKRGYzzgbtzO5hT+tg==
13:06:11 /ISIMA/SECRET_AJBIHBAO/CHALLENGE_2/DEFI_4/GROUPE_86/LEDS/LED1 eAUpRet0a+l2RbowfBZlxw==
06:49:17 /ISIMA/SECRET_AJBIHBAO/CHALLENGE_2/DEFI_4/GROUPE_86/LEDS/LED1 u/kYzCHX6TwapkbaoZvFFw==
03:45:24 /ISIMA/SECRET_AJBIHBAO/CHALLENGE_2/DEFI_4/GROUPE_86/LEDS/LED1 n/XWgL8T/0GRcaJ5safOUg==
03:14:54 /ISIMA/SECRET_AJBIHBAO/CHALLENGE_2/DEFI_4/GROUPE_86/LEDS/LED1 dxGig5MO8rjr2NZtgMuiIQ==
19:19:13 /ISIMA/SECRET_AJBIHBAO/CHALLENGE_2/DEFI_4/GROUPE_86/LEDS/LED1 +3GTa1E92DWSar+UXBDvNg==
23:58:56 /ISIMA/SECRET_AJBIHBAO/CHALLENGE_2/DEFI_4/GROUPE_86/LEDS/LED1 Lib/cqs511q90EPCC+0GeA==
03:17:38 /ISIMA/SECRET_AJBIHBAO/CHALLENGE_2/DEFI_4/GROUPE_86/LEDS/LED1 RVs6TlCQX+za15fffeBKug==
00:31:23 /ISIMA/SECRET_AJBIHBAO/CHALLENGE_2/DEFI_4/GROUPE_86/LEDS/LED1 xwI8syKwKtUj37Iwpvpr2w==
23:43:05 /ISIMA/SECRET_AJBIHBAO/CHALLENGE_2/DEFI_4/GROUPE_86/LEDS/LED1 sz92MAcXNjC1TeRr1YVhZA==
06:27:38 /ISIMA/SECRET_AJBIHBAO/CHALLENGE_2/DEFI_4/GROUPE_86/LEDS/LED1 vlGNMnS7ERP7P4QpwKNASg==
05:59:51 /ISIMA/SECRET_AJBIHBAO/CHALLENGE_2/DEFI_4/GROUPE_86/LEDS/LED1 /AbsJlJf0w9ImqO38irlGg==
01:12:55 /ISIMA/SECRET_AJBIHBAO/CHALLENGE_2/DEFI_4/GROUPE_86/LEDS/LED1 WDCXNkRGgF+NZjeB4UVJjg==
00:41:08 /ISIMA/SECRET_AJBIHBAO/CHALLENGE_2/DEFI_4/GROUPE_86/LEDS/LED1 ICsKR9kAKdryj9Sq2153Sg==
23:14:45 /ISIMA/SECRET_AJBIHBAO/CHALLENGE_2/DEFI_4/GROUPE_86/LEDS/LED1 hXikG8b88uItRXuWcjTnEQ==
08:09:52 /ISIMA/SECRET_AJBIHBAO/CHALLENGE_2/DEFI_4/GROUPE_86/LEDS/LED1 1DiE4Irx2WkMKyM8cSulKg==
04:54:11 /ISIMA/SECRET_AJBIHBAO/CHALLENGE_2/DEFI_4/GROUPE_86/LEDS/LED1 mg4q+vi1wJZTlNIWM582kQ==
17:35:26 /ISIMA/SECRET_AJBIHBAO/CHALLENGE_2/DEFI_4/GROUPE_86/LEDS/LED1 FtgiVnB4tCFAK5rUwpyb2g==
22:21:57 /ISIMA/SECRET_AJBIHBAO/CHALLENGE_2/DEFI_4/GROUPE_86/CONFIG QUVTMTI4IDE2
00:37:53 /ISIMA/SECRET_AJBIHBAO/CHALLENGE_2/DEFI_4/GROUPE_86/LEDS/LED1 u5yHbqiUeIVFvL0HBd3vTA==
18:01:31 /ISIMA/SECRET_AJBIHBAO/CHALLENGE_2/DEFI_4/GROUPE_86/LEDS/LED1 yGjy78lHgw4yIaDgl/fFLQ==
10:43:49 /ISIMA/SECRET_AJBIHBAO/CHALLENGE_2/DEFI_4/GROUPE_86/LEDS/LED1 y17CHLMAHc0MLENxigVgIw==
02:18:44 /ISIMA/SECRET_AJBIHBAO/CHALLENGE_2/DEFI_4/GROUPE_86/LEDS/LED1 TPc4OeDyvzSnjgDpYwC6Jw==
13:20:07 /ISIMA/SECRET_AJBIHBAO/CHALLENGE_2/DEFI_4/GROUPE_86/LEDS/LED1 PUTL0i3+Cc63BqC8Y7KWJQ==
13:47:24 /ISIMA/SECRET_AJBIHBAO/CHALLENGE_2/DEFI_4/GROUPE_86/LEDS/LED1 VQu68a5QXQzAZDGxIBMmaw==
02:12:47 /ISIMA/SECRET_AJBIHBAO/CHALLENGE_2/DEFI_4/GROUPE_86/LEDS/LED1 LGsIYU2ELNUH6mi32pHmuQ==
09:47:34 /ISIMA/SECRET_AJBIHBAO/CHALLENGE_2/DEFI_4/GROUPE_86/LEDS/LED1 R+RxwDbdFjZ2prXGC+Y5uw==
11:33:16 /ISIMA/SECRET_AJBIHBAO/CHALLENGE_2/DEFI_4/GROUPE_86/LEDS/LED1 vSHyPDqYK22V6AagUFJ56w==
12:26:36 /ISIMA/SECRET_AJBIHBAO/CHALLENGE_2/DEFI_4/GROUPE_86/LEDS/LED1 vofEw4886LeFoX1MyC4oMw==
02:11:50 /ISIMA/SECRET_AJBIHBAO/CHALLENGE_2/DEFI_4/GROUPE_86/LEDS/LED1 HUfDXTIrP9chE6oGvvJmiA==
17:48:51 /ISIMA/SECRET_AJBIHBAO/CHALLENGE_2/DEFI_4/GROUPE_86/LEDS/LED1 DCfsqLzxZn+xbMajDbWEkw==
15:19:08 /ISIMA/SECRET_AJBIHBAO/CHALLENGE_2/DEFI_4/GROUPE_86/LEDS/LED1 s7S88UghpA9LsuK0ytqf8g==
04:15:25 /ISIMA/SECRET_AJBIHBAO/CHALLENGE_2/DEFI_4/GROUPE_86/LEDS/LED1 hPE41OAfRzPJ4Ux5T6yRJQ==
08:05:40 /ISIMA/SECRET_AJBIHBAO/CHALLENGE_2/DEFI_4/GROUPE_86/LEDS/LED1 2lRojviqhvoZz++qFKRhBQ==
13:54:54 /ISIMA/SECRET_AJBIHBAO/CHALLENGE_2/DEFI_4/GROUPE_86/LEDS/LED1 AfYy1cw7xhKzJs3N/cnD2A==
04:16:52 /ISIMA/SECRET_AJBIHBAO/CHALLENGE_2/DEFI_4/GROUPE_86/LEDS/LED1 pTTero/lEaBfDos/yhUCZw==
09:37:35 /ISIMA/SECRET_AJBIHBAO/CHALLENGE_2/DEFI_4/GROUPE_86/LEDS/LED1 IDrN/XgRkdbYM6rTGXeNQg==
20:48:13 /ISIMA/SECRET_AJBIHBAO/CHALLENGE_2/DEFI_4/GROUPE_86/LEDS/LED1 DxvaypjyLzUsY2I3SqMFag==
22:09:25 /ISIMA/SECRET_AJBIHBAO/CHALLENGE_2/DEFI_4/GROUPE_86/LEDS/LED1 pjUmcASTU4Eqgyh988A0IQ==
08:38:22 /ISIMA/SECRET_AJBIHBAO/CHALLENGE_2/DEFI_4/GROUPE_86/LEDS/LED1 3iNuQSsJpOYtbXNSW0FChg==
23:38:38 /ISIMA/SECRET_AJBIHBAO/CHALLENGE_2/DEFI_4/GROUPE_86/LEDS/LED1 9LhsfeFXvxG5k4DEEDHIDg==
07:58:08 /ISIMA/SECRET_AJBIHBAO/CHALLENGE_2/DEFI_4/GROUPE_86/LEDS/LED1 zpUd8iCZ0rwgIxsYVQiTQA==
08:46:54 /ISIMA/SECRET_AJBIHBAO/CHALLENGE_2/DEFI_4/GROUPE_86/LEDS/LED1 anqJFbT75ZHE9+35yv6Mrg==
19:11:39 /ISIMA/SECRET_AJBIHBAO/CHALLENGE_2/DEFI_4/GROUPE_86/LEDS/LED1 1V2jMX/3iXEeuBegA+6Mjw==
14:41:08 /ISIMA/SECRET_AJBIHBAO/CHALLENGE_2/DEFI_4/GROUPE_86/LEDS/LED1 JR63ANj6kk7tf7IcC9kI+A==
03:20:08 /ISIMA/SECRET_AJBIHBAO/CHALLENGE_2/DEFI_4/GROUPE_86/LEDS/LED1 lePn91U5FwyAeVvDvlAW5A==
17:56:08 /ISIMA/SECRET_AJBIHBAO/CHALLENGE_2/DEFI_4/GROUPE_86/LEDS/LED1 h0Nh6f21a6d/6WH73Ylpmg==
18:52:15 /ISIMA/SECRET_AJBIHBAO/CHALLENGE_2/DEFI_4/GROUPE_86/LEDS/LED1 PQ8uRr8Ou+zvFGVMfTEdgg==
19:50:07 /ISIMA/SECRET_AJBIHBAO/CHALLENGE_2/DEFI_4/GROUPE_86/LEDS/LED1 gE8DfvSa76FfYj13g3XFxg==
02:32:00 /ISIMA/SECRET_AJBIHBAO/CHALLENGE_2/DEFI_4/GROUPE_86/LEDS/LED1 rqgjC/RwLUyqMkvH92Nf2Q==
05:06:22 /ISIMA/SECRET_AJBIHBAO/CHALLENGE_2/DEFI_4/GROUPE_86/LEDS/LED1 pa+vkQpeqNpnigoRGKEQPQ==
06:24:59 /ISIMA/SECRET_AJBIHBAO/CHALLENGE_2/DEFI_4/GROUPE_86/LEDS/LED1 CSz0uYxUrfBEJhgmRlwfXA==
16:51:51 /ISIMA/SECRET_AJBIHBAO/CHALLENGE_2/DEFI_4/GROUPE_86/LEDS/LED1 iEO3tn9IYK2HNhfobeoYDg==
22:11:38 /ISIMA/SECRET_AJBIHBAO/CHALLENGE_2/DEFI_4/GROUPE_86/LEDS/LED1 BQboDCFpVMRgB6vDYT34XQ==
02:26:04 /ISIMA/SECRET_AJBIHBAO/CHALLENGE_2/DEFI_4/GROUPE_86/LEDS/LED1 aOisluXB6YWICPe7zVdgxQ==
03:36:15 /ISIMA/SECRET_AJBIHBAO/CHALLENGE_2/DEFI_4/GROUPE_86/LEDS/LED1 hvtYYqoBa9vdqmRWxAfyjg==
15:33:58 /ISIMA/SECRET_AJBIHBAO/CHALLENGE_2/DEFI_4/GROUPE_86/LEDS/LED1 sOfWsqYXbEyFSUq15ppkiA==
18:00:26 /ISIMA/SECRET_AJBIHBAO/CHALLENGE_2/DEFI_4/GROUPE_86/LEDS/LED1 QcokjpGtquJygIK33ZehCA==
10:10:18 /ISIMA/SECRET_AJBIHBAO/CHALLENGE_2/DEFI_4/GROUPE_86/LEDS/LED1 b/vXKXzYHBcq13T6CeAyGA==
06:55:30 /ISIMA/SECRET_AJBIHBAO/CHALLENGE_2/DEFI_4/GROUPE_86/LEDS/LED1 TzE1hGZV/B4QUdHWm+UlYw==
12:02:50 /ISIMA/SECRET_AJBIHBAO/CHALLENGE_2/DEFI_4/GROUPE_86/LEDS/LED1 SulC18HVookAqKokdt6fdA==
01:22:21 /ISIMA/SECRET_AJBIHBAO/CHALLENGE_2/DEFI_4/GROUPE_86/LEDS/LED1 1mHh09lbCIlhDc7FWMYllA==
15:09:10 /ISIMA/SECRET_AJBIHBAO/CHALLENGE_2/DEFI_4/GROUPE_86/LEDS/LED1 sTy/ywz/nojbuu3eFjgyGQ==
04:33:12 /ISIMA/SECRET_AJBIHBAO/CHALLENGE_2/DEFI_4/GROUPE_86/LEDS/LED1 E6CZe5HlbtUHg4RNVNJNqQ==
17:00:20 /ISIMA/SECRET_AJBIHBAO/CHALLENGE_2/DEFI_4/GROUPE_86/LEDS/LED1 lRPJlv3NQlfo/B2vRTSFEQ==
19:52:11 /ISIMA/SECRET_AJBIHBAO/CHALLENGE_2/DEFI_4/GROUPE_86/LEDS/LED1 dHXj4HPgE6aUpbYhffi5Yg==
18:17:48 /ISIMA/SECRET_AJBIHBAO/CHALLENGE_2/DEFI_4/GROUPE_86/LEDS/LED1 bkb4QbELVEOH9+ZD285fzQ==
02:42:12 /ISIMA/SECRET_AJBIHBAO/CHALLENGE_2/DEFI_4/GROUPE_86/LEDS/LED1 dxCw3xKkW0S9rALyT7MJWg==
01:13:05 /ISIMA/SECRET_AJBIHBAO/CHALLENGE_2/DEFI_4/GROUPE_86/LEDS/LED1 lQiIneALc6hshy7gFnDDBA==
14:29:03 /ISIMA/SECRET_AJBIHBAO/CHALLENGE_2/DEFI_4/GROUPE_86/LEDS/LED1 nBsOuEFdCknYr27Pa155IQ==
23:35:52 /ISIMA/SECRET_AJBIHBAO/CHALLENGE_2/DEFI_4/GROUPE_86/LEDS/LED1 ZRfOKUxyNNwhq68//7AL0g==
00:28:29 /ISIMA/SECRET_AJBIHBAO/CHALLENGE_2/DEFI_4/GROUPE_86/LEDS/LED1 AmjqpY3Bb19x7YFwhkkxrA==
04:40:55 /ISIMA/SECRET_AJBIHBAO/CHALLENGE_2/DEFI_4/GROUPE_86/LEDS/LED1 kfTu4vy/gWx076Zm/cQ+zw==
00:50:21 /ISIMA/SECRET_AJBIHBAO/CHALLENGE_2/DEFI_4/GROUPE_86/LEDS/LED1 JJdK3jfNNEwGI8DXEi/D/A==
10:34:17 /ISIMA/SECRET_AJBIHBAO/CHALLENGE_2/DEFI_4/GROUPE_86/LEDS/LED1 xXrzIWG+ipl/t/n1X32LPQ==
22:19:06 /ISIMA/SECRET_AJBIHBAO/CHALLENGE_2/DEFI_4/GROUPE_86/LEDS/LED1 piw43wLBC+4f4T3taQo0wg==
09:06:11 /ISIMA/SECRET_AJBIHBAO/CHALLENGE_2/DEFI_4/GROUPE_86/LEDS/LED1 slvfXflOcFZcNKUS2W/9Iw==
02:03:33 /ISIMA/SECRET_AJBIHBAO/CHALLENGE_2/DEFI_4/GROUPE_86/LEDS/LED1 9AhYoB8owXrVPWa77dRgYg==
16:12:27 /ISIMA/SECRET_AJBIHBAO/CHALLENGE_2/DEFI_4/GROUPE_86/LEDS/LED1 gXjuom3V2aH0MU9Bi7K2xg==
16:47:46 /ISIMA/SECRET_AJBIHBAO/CHALLENGE_2/DEFI_4/GROUPE_86/LEDS/LED1 nA8osdRy1nMrzEL03a5yKw==
20:36:31 /ISIMA/SECRET_AJBIHBAO/CHALLENGE_2/DEFI_4/GROUPE_86/LEDS/LED1 jPmMNqmuImwb5Abdiy3t7g==
17:01:01 /ISIMA/SECRET_AJBIHBAO/CHALLENGE_2/DEFI_4/GROUPE_86/LEDS/LED1 iKe+FZSo2GelKURw6cyoWQ==
21:52:06 /ISIMA/SECRET_AJBIHBAO/CHALLENGE_2/DEFI_4/GROUPE_86/LEDS/LED1 hy3EmWmMuEMxdDI8fYXO9w==
19:43:08 /ISIMA/SECRET_AJBIHBAO/CHALLENGE_2/DEFI_4/GROUPE_86/LEDS/LED1 07P2/PYa8m4fXhLYU1DkxA==
07:53:32 /ISIMA/SECRET_AJBIHBAO/CHALLENGE_2/DEFI_4/GROUPE_86/LEDS/LED1 igU5yCS5jNYeA/NbU+5crw==
12:04:01 /ISIMA/SECRET_AJBIHBAO/CHALLENGE_2/DEFI_4/GROUPE_86/LEDS/LED1 ZiTRWwo1h+pD0iHZXrmFVA==
14:58:22 /ISIMA/SECRET_AJBIHBAO/CHALLENGE_2/DEFI_4/GROUPE_86/LEDS/LED1 XRfNILqk8tWyJKddOv1y+Q==
21:47:55 /ISIMA/SECRET_AJBIHBAO/CHALLENGE_2/DEFI_4/GROUPE_86/LEDS/LED1 Sxmul8GHqTeGPPCSVKfnmA==
00:48:17 /ISIMA/SECRET_AJBIHBAO/CHALLENGE_2/DEFI_4/GROUPE_86/LEDS/LED1 TRH0i8JvIhXPE4oTMSy4aw==
06:04:41 /ISIMA/SECRET_AJBIHBAO/CHALLENGE_2/DEFI_4/GROUPE_86/LEDS/LED1 OUX95KIfTGkZBs5uTQIHRA==
15:55:33 /ISIMA/SECRET_AJBIHBAO/CHALLENGE_2/DEFI_4/GROUPE_86/LEDS/LED1 ouhWUQHSEEAja71HqnHztQ==
05:53:07 /ISIMA/SECRET_AJBIHBAO/CHALLENGE_2/DEFI_4/GROUPE_86/LEDS/LED1 OmkdQT9+2MYDN57ACGTlpQ==
12:23:34 /ISIMA/SECRET_AJBIHBAO/CHALLENGE_2/DEFI_4/GROUPE_86/LEDS/LED1 1k5JrK8vgAs9A1jzUV9w3Q==
04:39:47 /ISIMA/SECRET_AJBIHBAO/CHALLENGE_2/DEFI_4/GROUPE_86/LEDS/LED1 nIwcaxdiindMJ4LlBmnapw==
21:47:16 /ISIMA/SECRET_AJBIHBAO/CHALLENGE_2/DEFI_4/GROUPE_86/LEDS/LED1 6FKwovUwf4xIsAN2vNC0LQ==
23:08:11 /ISIMA/SECRET_AJBIHBAO/CHALLENGE_2/DEFI_4/GROUPE_86/LEDS/LED1 JPS+Y7rqSn4lM2uR19rn9A==
11:02:11 /ISIMA/SECRET_AJBIHBAO/CHALLENGE_2/DEFI_4/GROUPE_86/LEDS/LED1 0h/Z1Kv2lhx32Zs3fqaCTg==
08:47:15 /ISIMA/SECRET_AJBIHBAO/CHALLENGE_2/DEFI_4/GROUPE_86/LEDS/LED1 WFRy9x4uVLlFFUidMATajA==
12:35:29 /ISIMA/SECRET_AJBIHBAO/CHALLENGE_2/DEFI_4/GROUPE_86/LEDS/LED1 CdZ7Dful8oPsVABsLz8juQ==
07:34:28 /ISIMA/SECRET_AJBIHBAO/CHALLENGE_2/DEFI_4/GROUPE_86/LEDS/LED1 aaiXE0wRMIgfDu9kFwuzDQ==
09:44:33 /ISIMA/SECRET_AJBIHBAO/CHALLENGE_2/DEFI_4/GROUPE_86/LEDS/LED1 XfhPSbH7LihbHmLmeJj9jw==
09:06:11 /ISIMA/SECRET_AJBIHBAO/CHALLENGE_2/DEFI_4/GROUPE_86/LEDS/LED1 Ok1pixVEzpRfcizyY98RhQ==
15:51:57 /ISIMA/SECRET_AJBIHBAO/CHALLENGE_2/DEFI_4/GROUPE_86/LEDS/LED1 E4UNuNUHTEssX3cnQZTq6w==
09:15:41 /ISIMA/SECRET_AJBIHBAO/CHALLENGE_2/DEFI_4/GROUPE_86/LEDS/LED1 nKIHpNyuuRtPLs7Xsgfc8A==
20:02:34 /ISIMA/SECRET_AJBIHBAO/CHALLENGE_2/DEFI_4/GROUPE_86/LEDS/LED1 eudMsKRGYzzgbtzO5hT+tg==
18:48:43 /ISIMA/SECRET_AJBIHBAO/CHALLENGE_2/DEFI_4/GROUPE_86/LEDS/LED1 eAUpRet0a+l2RbowfBZlxw==
21:23:36 /ISIMA/SECRET_AJBIHBAO/CHALLENGE_2/DEFI_4/GROUPE_86/LEDS/LED1 u/kYzCHX6TwapkbaoZvFFw==
02:13:52 /ISIMA/SECRET_AJBIHBAO/CHALLENGE_2/DEFI_4/GROUPE_86/LEDS/LED1 n/XWgL8T/0GRcaJ5safOUg==
05:43:01 /ISIMA/SECRET_AJBIHBAO/CHALLENGE_2/DEFI_4/GROUPE_86/LEDS/LED1 dxGig5MO8rjr2NZtgMuiIQ==
20:58:06 /ISIMA/SECRET_AJBIHBAO/CHALLENGE_2/DEFI_4/GROUPE_86/LEDS/LED1 +3GTa1E92DWSar+UXBDvNg==
21:56:27 /ISIMA/SECRET_AJBIHBAO/CHALLENGE_2/DEFI_4/GROUPE_86/LEDS/LED1 Lib/cqs511q90EPCC+0GeA==
20:05:10 /ISIMA/SECRET_AJBIHBAO/CHALLENGE_2/DEFI_4/GROUPE_86/LEDS/LED1 RVs6TlCQX+za15fffeBKug==
02:33:37 /ISIMA/SECRET_AJBIHBAO/CHALLENGE_2/DEFI_4/GROUPE_86/LEDS/LED1 xwI8syKwKtUj37Iwpvpr2w==
05:19:36 /ISIMA/SECRET_AJBIHBAO/CHALLENGE_2/DEFI_4/GROUPE_86/LEDS/LED1 sz92MAcXNjC1TeRr1YVhZA==
09:18:21 /ISIMA/SECRET_AJBIHBAO/CHALLENGE_2/DEFI_4/GROUPE_86/LEDS/LED1 vlGNMnS7ERP7P4QpwKNASg==
09:43:44 /ISIMA/SECRET_AJBIHBAO/CHALLENGE_2/DEFI_4/GROUPE_86/LEDS/LED1 /AbsJlJf0w9ImqO38irlGg==
18:43:15 /ISIMA/SECRET_AJBIHBAO/CHALLENGE_2/DEFI_4/GROUPE_86/LEDS/LED1 WDCXNkRGgF+NZjeB4UVJjg==
08:21:46 /ISIMA/SECRET_AJBIHBAO/CHALLENGE_2/DEFI_4/GROUPE_86/LEDS/LED1 ICsKR9kAKdryj9Sq2153Sg==
20:31:54 /ISIMA/SECRET_AJBIHBAO/CHALLENGE_2/DEFI_4/GROUPE_86/LEDS/LED1 hXikG8b88uItRXuWcjTnEQ==
00:09:01 /ISIMA/SECRET_AJBIHBAO/CHALLENGE_2/DEFI_4/GROUPE_86/LEDS/LED1 1DiE4Irx2WkMKyM8cSulKg==
19:26:03 /ISIMA/SECRET_AJBIHBAO/CHALLENGE_2/DEFI_4/GROUPE_86/LEDS/LED1 mg4q+vi1wJZTlNIWM582kQ==
00:53:29 /ISIMA/SECRET_AJBIHBAO/CHALLENGE_2/DEFI_4/GROUPE_86/LEDS/LED1 FtgiVnB4tCFAK5rUwpyb2g==
03:53:30 /ISIMA/SECRET_AJBIHBAO/CHALLENGE_2/DEFI_4/GROUPE_86/LEDS/LED1 u5yHbqiUeIVFvL0HBd3vTA==
19:36:31 /ISIMA/SECRET_AJBIHBAO/CHALLENGE_2/DEFI_4/GROUPE_86/LEDS/LED1 yGjy78lHgw4yIaDgl/fFLQ==
12:53:24 /ISIMA/SECRET_AJBIHBAO/CHALLENGE_2/DEFI_4/GROUPE_86/LEDS/LED1 y17CHLMAHc0MLENxigVgIw==
11:21:26 /ISIMA/SECRET_AJBIHBAO/CHALLENGE_2/DEFI_4/GROUPE_86/LEDS/LED1 TPc4OeDyvzSnjgDpYwC6Jw==
12:05:36 /ISIMA/SECRET_AJBIHBAO/CHALLENGE_2/DEFI_4/GROUPE_86/LEDS/LED1 PUTL0i3+Cc63BqC8Y7KWJQ==
08:50:38 /ISIMA/SECRET_AJBIHBAO/CHALLENGE_2/DEFI_4/GROUPE_86/LEDS/LED1 VQu68a5QXQzAZDGxIBMmaw==
03:12:05 /ISIMA/SECRET_AJBIHBAO/CHALLENGE_2/DEFI_4/GROUPE_86/LEDS/LED1 LGsIYU2ELNUH6mi32pHmuQ==
04:11:07 /ISIMA/SECRET_AJBIHBAO/CHALLENGE_2/DEFI_4/GROUPE_86/LEDS/LED1 R+RxwDbdFjZ2prXGC+Y5uw==
06:49:34 /ISIMA/SECRET_AJBIHBAO/CHALLENGE_2/DEFI_4/GROUPE_86/LEDS/LED1 vSHyPDqYK22V6AagUFJ56w==
20:10:49 /ISIMA/SECRET_AJBIHBAO/CHALLENGE_2/DEFI_4/GROUPE_86/LEDS/LED1 vofEw4886LeFoX1MyC4oMw==
15:35:41 /ISIMA/SECRET_AJBIHBAO/CHALLENGE_2/DEFI_4/GROUPE_86/LEDS/LED1 HUfDXTIrP9chE6oGvvJmiA==
17:37:31 /ISIMA/SECRET_AJBIHBAO/CHALLENGE_2/DEFI_4/GROUPE_86/LEDS/LED1 DCfsqLzxZn+xbMajDbWEkw==
01:38:40 /ISIMA/SECRET_AJBIHBAO/CHALLENGE_2/DEFI_4/GROUPE_86/LEDS/LED1 s7S88UghpA9LsuK0ytqf8g==
05:05:10 /ISIMA/SECRET_AJBIHBAO/CHALLENGE_2/DEFI_4/GROUPE_86/LEDS/LED1 hPE41OAfRzPJ4Ux5T6yRJQ==
04:56:11 /ISIMA/SECRET_AJBIHBAO/CHALLENGE_2/DEFI_4/GROUPE_86/LEDS/LED1 2lRojviqhvoZz++qFKRhBQ==
07:41:01 /ISIMA/SECRET_AJBIHBAO/CHALLENGE_2/DEFI_4/GROUPE_86/LEDS/LED1 AfYy1cw7xhKzJs3N/cnD2A==
20:47:06 /ISIMA/SECRET_AJBIHBAO/CHALLENGE_2/DEFI_4/GROUPE_86/LEDS/LED1 pTTero/lEaBfDos/yhUCZw==
13:42:02 /ISIMA/SECRET_AJBIHBAO/CHALLENGE_2/DEFI_4/GROUPE_86/LEDS/LED1 IDrN/XgRkdbYM6rTGXeNQg==
15:59:39 /ISIMA/SECRET_AJBIHBAO/CHALLENGE_2/DEFI_4/GROUPE_86/LEDS/LED1 DxvaypjyLzUsY2I3SqMFag==
10:29:32 /ISIMA/SECRET_AJBIHBAO/CHALLENGE_2/DEFI_4/GROUPE_86/LEDS/LED1 pjUmcASTU4Eqgyh988A0IQ==
16:07:31 /ISIMA/SECRET_AJBIHBAO/CHALLENGE_2/DEFI_4/GROUPE_86/LEDS/LED1 3iNuQSsJpOYtbXNSW0FChg==
20:10:43 /ISIMA/SECRET_AJBIHBAO/CHALLENGE_2/DEFI_4/GROUPE_86/LEDS/LED1 9LhsfeFXvxG5k4DEEDHIDg==
05:39:47 /ISIMA/SECRET_AJBIHBAO/CHALLENGE_2/DEFI_4/GROUPE_86/LEDS/LED1 zpUd8iCZ0rwgIxsYVQiTQA==
23:42:16 /ISIMA/SECRET_AJBIHBAO/CHALLENGE_2/DEFI_4/GROUPE_86/LEDS/LED1 anqJFbT75ZHE9+35yv6Mrg==
17:17:01 /ISIMA/SECRET_AJBIHBAO/CHALLENGE_2/DEFI_4/GROUPE_86/LEDS/LED1 1V2jMX/3iXEeuBegA+6Mjw==
13:56:32 /ISIMA/SECRET_AJBIHBAO/CHALLENGE_2/DEFI_4/GROUPE_86/LEDS/LED1 JR63ANj6kk7tf7IcC9kI+A==
19:40:18 /ISIMA/SECRET_AJBIHBAO/CHALLENGE_2/DEFI_4/GROUPE_86/LEDS/LED1 lePn91U5FwyAeVvDvlAW5A==
18:54:56 /ISIMA/SECRET_AJBIHBAO/CHALLENGE_2/DEFI_4/GROUPE_86/LEDS/LED1 h0Nh6f21a6d/6WH73Ylpmg==
15:44:44 /ISIMA/SECRET_AJBIHBAO/CHALLENGE_2/DEFI_4/GROUPE_86/LEDS/LED1 PQ8uRr8Ou+zvFGVMfTEdgg==
18:54:13 /ISIMA/SECRET_AJBIHBAO/CHALLENGE_2/DEFI_4/GROUPE_86/LEDS/LED1 gE8DfvSa76FfYj13g3XFxg==
23:50:30 /ISIMA/SECRET_AJBIHBAO/CHALLENGE_2/DEFI_4/GROUPE_86/LEDS/LED1 rqgjC/RwLUyqMkvH92Nf2Q==
05:30:38 /ISIMA/SECRET_AJBIHBAO/CHALLENGE_2/DEFI_4/GROUPE_86/LEDS/LED1 pa+vkQpeqNpnigoRGKEQPQ==
10:29:40 /ISIMA/SECRET_AJBIHBAO/CHALLENGE_2/DEFI_4/GROUPE_86/LEDS/LED1 CSz0uYxUrfBEJhgmRlwfXA==
14:58:26 /ISIMA/SECRET_AJBIHBAO/CHALLENGE_2/DEFI_4/GROUPE_86/LEDS/LED1 iEO3tn9IYK2HNhfobeoYDg==
09:41:32 /ISIMA/SECRET_AJBIHBAO/CHALLENGE_2/DEFI_4/GROUPE_86/LEDS/LED1 BQboDCFpVMRgB6vDYT34XQ==
02:29:09 /ISIMA/SECRET_AJBIHBAO/CHALLENGE_2/DEFI_4/GROUPE_86/LEDS/LED1 aOisluXB6YWICPe7zVdgxQ==
06:13:54 /ISIMA/SECRET_AJBIHBAO/CHALLENGE_2/DEFI_4/GROUPE_86/LEDS/LED1 hvtYYqoBa9vdqmRWxAfyjg==
08:38:22 /ISIMA/SECRET_AJBIHBAO/CHALLENGE_2/DEFI_4/GROUPE_86/LEDS/LED1 sOfWsqYXbEyFSUq15ppkiA==
21:52:17 /ISIMA/SECRET_AJBIHBAO/CHALLENGE_2/DEFI_4/GROUPE_86/LEDS/LED1 QcokjpGtquJygIK33ZehCA==
20:34:16 /ISIMA/SECRET_AJBIHBAO/CHALLENGE_2/DEFI_4/GROUPE_86/LEDS/LED1 b/vXKXzYHBcq13T6CeAyGA==
01:34:40 /ISIMA/SECRET_AJBIHBAO/CHALLENGE_2/DEFI_4/GROUPE_86/LEDS/LED1 TzE1hGZV/B4QUdHWm+UlYw==
02:33:16 /ISIMA/SECRET_AJBIHBAO/CHALLENGE_2/DEFI_4/GROUPE_86/LEDS/LED1 SulC18HVookAqKokdt6fdA==
07:02:59 /ISIMA/SECRET_AJBIHBAO/CHALLENGE_2/DEFI_4/GROUPE_86/LEDS/LED1 1mHh09lbCIlhDc7FWMYllA==
00:54:33 /ISIMA/SECRET_AJBIHBAO/CHALLENGE_2/DEFI_4/GROUPE_86/LEDS/LED1 sTy/ywz/nojbuu3eFjgyGQ==
23:45:18 /ISIMA/SECRET_AJBIHBAO/CHALLENGE_2/DEFI_4/GROUPE_86/LEDS/LED1 E6CZe5HlbtUHg4RNVNJNqQ==
02:45:23 /ISIMA/SECRET_AJBIHBAO/CHALLENGE_2/DEFI_4/GROUPE_86/LEDS/LED1 lRPJlv3NQlfo/B2vRTSFEQ==
12:15:41 /ISIMA/SECRET_AJBIHBAO/CHALLENGE_2/DEFI_4/GROUPE_86/LEDS/LED1 dHXj4HPgE6aUpbYhffi5Yg==
21:10:14 /ISIMA/SECRET_AJBIHBAO/CHALLENGE_2/DEFI_4/GROUPE_86/LEDS/LED1 bkb4QbELVEOH9+ZD285fzQ==
01:56:30 /ISIMA/SECRET_AJBIHBAO/CHALLENGE_2/DEFI_4/GROUPE_86/LEDS/LED1 dxCw3xKkW0S9rALyT7MJWg==
18:50:17 /ISIMA/SECRET_AJBIHBAO/CHALLENGE_2/DEFI_4/GROUPE_86/LEDS/LED1 lQiIneALc6hshy7gFnDDBA==
16:45:58 /ISIMA/SECRET_AJBIHBAO/CHALLENGE_2/DEFI_4/GROUPE_86/LEDS/LED1 nBsOuEFdCknYr27Pa155IQ==
14:06:57 /ISIMA/SECRET_AJBIHBAO/CHALLENGE_2/DEFI_4/GROUPE_86/LEDS/LED1 ZRfOKUxyNNwhq68//7AL0g==
18:35:06 /ISIMA/SECRET_AJBIHBAO/CHALLENGE_2/DEFI_4/GROUPE_86/LEDS/LED1 AmjqpY3Bb19x7YFwhkkxrA==
02:46:36 /ISIMA/SECRET_AJBIHBAO/CHALLENGE_2/DEFI_4/GROUPE_86/LEDS/LED1 kfTu4vy/gWx076Zm/cQ+zw==
06:27:45 /ISIMA/SECRET_AJBIHBAO/CHALLENGE_2/DEFI_4/GROUPE_86/LEDS/LED1 JJdK3jfNNEwGI8DXEi/D/A==
06:17:03 /ISIMA/SECRET_AJBIHBAO/CHALLENGE_2/DEFI_4/GROUPE_86/LEDS/LED1 xXrzIWG+ipl/t/n1X32LPQ==
03:24:54 /ISIMA/SECRET_AJBIHBAO/CHALLENGE_2/DEFI_4/GROUPE_86/LEDS/LED1 piw43wLBC+4f4T3taQo0wg==
18:51:11 /ISIMA/SECRET_AJBIHBAO/CHALLENGE_2/DEFI_4/GROUPE_86/LEDS/LED1 slvfXflOcFZcNKUS2W/9Iw==
15:02:13 /ISIMA/SECRET_AJBIHBAO/CHALLENGE_2/DEFI_4/GROUPE_86/LEDS/LED1 9AhYoB8owXrVPWa77dRgYg==
05:26:55 /ISIMA/SECRET_AJBIHBAO/CHALLENGE_2/DEFI_4/GROUPE_86/LEDS/LED1 gXjuom3V2aH0MU9Bi7K2xg==
11:14:41 /ISIMA/SECRET_AJBIHBAO/CHALLENGE_2/DEFI_4/GROUPE_86/LEDS/LED1 nA8osdRy1nMrzEL03a5yKw==
00:52:47 /ISIMA/SECRET_AJBIHBAO/CHALLENGE_2/DEFI_4/GROUPE_86/LEDS/LED1 jPmMNqmuImwb5Abdiy3t7g==
02:31:55 /ISIMA/SECRET_AJBIHBAO/CHALLENGE_2/DEFI_4/GROUPE_86/LEDS/LED1 iKe+FZSo2GelKURw6cyoWQ==
17:15:24 /ISIMA/SECRET_AJBIHBAO/CHALLENGE_2/DEFI_4/GROUPE_86/LEDS/LED1 hy3EmWmMuEMxdDI8fYXO9w==
22:51:16 /ISIMA/SECRET_AJBIHBAO/CHALLENGE_2/DEFI_4/GROUPE_86/LEDS/LED1 07P2/PYa8m4fXhLYU1DkxA==
02:58:31 /ISIMA/SECRET_AJBIHBAO/CHALLENGE_2/DEFI_4/GROUPE_86/LEDS/LED1 igU5yCS5jNYeA/NbU+5crw==
06:42:14 /ISIMA/SECRET_AJBIHBAO/CHALLENGE_2/DEFI_4/GROUPE_86/LEDS/LED1 ZiTRWwo1h+pD0iHZXrmFVA==
08:26:14 /ISIMA/SECRET_AJBIHBAO/CHALLENGE_2/DEFI_4/GROUPE_86/LEDS/LED1 XRfNILqk8tWyJKddOv1y+Q==
11:51:20 /ISIMA/SECRET_AJBIHBAO/CHALLENGE_2/DEFI_4/GROUPE_86/LEDS/LED1 Sxmul8GHqTeGPPCSVKfnmA==
00:01:38 /ISIMA/SECRET_AJBIHBAO/CHALLENGE_2/DEFI_4/GROUPE_86/LEDS/LED1 TRH0i8JvIhXPE4oTMSy4aw==
16:57:44 /ISIMA/SECRET_AJBIHBAO/CHALLENGE_2/DEFI_4/GROUPE_86/LEDS/LED1 OUX95KIfTGkZBs5uTQIHRA==
04:11:00 /ISIMA/SECRET_AJBIHBAO/CHALLENGE_2/DEFI_4/GROUPE_86/LEDS/LED1 ouhWUQHSEEAja71HqnHztQ==
05:07:22 /ISIMA/SECRET_AJBIHBAO/CHALLENGE_2/DEFI_4/GROUPE_86/LEDS/LED1 OmkdQT9+2MYDN57ACGTlpQ==
08:15:31 /ISIMA/SECRET_AJBIHBAO/CHALLENGE_2/DEFI_4/GROUPE_86/LEDS/LED1 1k5JrK8vgAs9A1jzUV9w3Q==
19:31:15 /ISIMA/SECRET_AJBIHBAO/CHALLENGE_2/DEFI_4/GROUPE_86/LEDS/LED1 nIwcaxdiindMJ4LlBmnapw==
21:57:23 /ISIMA/SECRET_AJBIHBAO/CHALLENGE_2/DEFI_4/GROUPE_86/LEDS/LED1 6FKwovUwf4xIsAN2vNC0LQ==
00:15:27 /ISIMA/SECRET_AJBIHBAO/CHALLENGE_2/DEFI_4/GROUPE_86/LEDS/LED1 JPS+Y7rqSn4lM2uR19rn9A==
15:36:08 /ISIMA/SECRET_AJBIHBAO/CHALLENGE_2/DEFI_4/GROUPE_86/LEDS/LED1 0h/Z1Kv2lhx32Zs3fqaCTg==
20:24:32 /ISIMA/SECRET_AJBIHBAO/CHALLENGE_2/DEFI_4/GROUPE_86/LEDS/LED1 WFRy9x4uVLlFFUidMATajA==
10:03:08 /ISIMA/SECRET_AJBIHBAO/CHALLENGE_2/DEFI_4/GROUPE_86/LEDS/LED1 CdZ7Dful8oPsVABsLz8juQ==
10:45:04 /ISIMA/SECRET_AJBIHBAO/CHALLENGE_2/DEFI_4/GROUPE_86/LEDS/LED1 aaiXE0wRMIgfDu9kFwuzDQ==
06:42:23 /ISIMA/SECRET_AJBIHBAO/CHALLENGE_2/DEFI_4/GROUPE_86/LEDS/LED1 XfhPSbH7LihbHmLmeJj9jw==
10:33:21 /ISIMA/SECRET_AJBIHBAO/CHALLENGE_2/DEFI_4/GROUPE_86/LEDS/LED1 Ok1pixVEzpRfcizyY98RhQ==
15:36:54 /ISIMA/SECRET_AJBIHBAO/CHALLENGE_2/DEFI_4/GROUPE_86/LEDS/LED1 E4UNuNUHTEssX3cnQZTq6w==
18:59:52 /ISIMA/SECRET_AJBIHBAO/CHALLENGE_2/DEFI_4/GROUPE_86/LEDS/LED1 nKIHpNyuuRtPLs7Xsgfc8A==
02:56:38 /ISIMA/SECRET_AJBIHBAO/CHALLENGE_2/DEFI_4/GROUPE_86/LEDS/LED1 eudMsKRGYzzgbtzO5hT+tg==
04:23:06 /ISIMA/SECRET_AJBIHBAO/CHALLENGE_2/DEFI_4/GROUPE_86/LEDS/LED1 eAUpRet0a+l2RbowfBZlxw==
05:27:31 /ISIMA/SECRET_AJBIHBAO/CHALLENGE_2/DEFI_4/GROUPE_86/LEDS/LED1 u/kYzCHX6TwapkbaoZvFFw==
16:12:40 /ISIMA/SECRET_AJBIHBAO/CHALLENGE_2/DEFI_4/GROUPE_86/LEDS/LED1 n/XWgL8T/0GRcaJ5safOUg==
17:03:25 /ISIMA/SECRET_AJBIHBAO/CHALLENGE_2/DEFI_4/GROUPE_86/LEDS/LED1 dxGig5MO8rjr2NZtgMuiIQ==
12:59:49 /ISIMA/SECRET_AJBIHBAO/CHALLENGE_2/DEFI_4/GROUPE_86/LEDS/LED1 +3GTa1E92DWSar+UXBDvNg==
03:03:39 /ISIMA/SECRET_AJBIHBAO/CHALLENGE_2/DEFI_4/GROUPE_86/LEDS/LED1 Lib/cqs511q90EPCC+0GeA==
05:12:00 /ISIMA/SECRET_AJBIHBAO/CHALLENGE_2/DEFI_4/GROUPE_86/LEDS/LED1 RVs6TlCQX+za15fffeBKug==
20:20:12 /ISIMA/SECRET_AJBIHBAO/CHALLENGE_2/DEFI_4/GROUPE_86/LEDS/LED1 xwI8syKwKtUj37Iwpvpr2w==
22:10:49 /ISIMA/SECRET_AJBIHBAO/CHALLENGE_2/DEFI_4/GROUPE_86/LEDS/LED1 sz92MAcXNjC1TeRr1YVhZA==
00:16:35 /ISIMA/SECRET_AJBIHBAO/CHALLENGE_2/DEFI_4/GROUPE_86/LEDS/LED1 vlGNMnS7ERP7P4QpwKNASg==
00:51:05 /ISIMA/SECRET_AJBIHBAO/CHALLENGE_2/DEFI_4/GROUPE_86/LEDS/LED1 /AbsJlJf0w9ImqO38irlGg==
04:05:05 /ISIMA/SECRET_AJBIHBAO/CHALLENGE_2/DEFI_4/GROUPE_86/LEDS/LED1 WDCXNkRGgF+NZjeB4UVJjg==
06:27:11 /ISIMA/SECRET_AJBIHBAO/CHALLENGE_2/DEFI_4/GROUPE_86/LEDS/LED1 ICsKR9kAKdryj9Sq2153Sg==
03:53:21 /ISIMA/SECRET_AJBIHBAO/CHALLENGE_2/DEFI_4/GROUPE_86/LEDS/LED1 hXikG8b88uItRXuWcjTnEQ==
19:44:32 /ISIMA/SECRET_AJBIHBAO/CHALLENGE_2/DEFI_4/GROUPE_86/LEDS/LED1 1DiE4Irx2WkMKyM8cSulKg==
06:50:54 /ISIMA/SECRET_AJBIHBAO/CHALLENGE_2/DEFI_4/GROUPE_86/LEDS/LED1 mg4q+vi1wJZTlNIWM582kQ==
04:00:13 /ISIMA/SECRET_AJBIHBAO/CHALLENGE_2/DEFI_4/GROUPE_86/LEDS/LED1 FtgiVnB4tCFAK5rUwpyb2g==
01:13:54 /ISIMA/SECRET_AJBIHBAO/CHALLENGE_2/DEFI_4/GROUPE_86/LEDS/LED1 u5yHbqiUeIVFvL0HBd3vTA==
10:17:10 /ISIMA/SECRET_AJBIHBAO/CHALLENGE_2/DEFI_4/GROUPE_86/LEDS/LED1 yGjy78lHgw4yIaDgl/fFLQ==
22:12:09 /ISIMA/SECRET_AJBIHBAO/CHALLENGE_2/DEFI_4/GROUPE_86/LEDS/LED1 y17CHLMAHc0MLENxigVgIw==
06:45:28 /ISIMA/SECRET_AJBIHBAO/CHALLENGE_2/DEFI_4/GROUPE_86/LEDS/LED1 TPc4OeDyvzSnjgDpYwC6Jw==
14:35:17 /ISIMA/SECRET_AJBIHBAO/CHALLENGE_2/DEFI_4/GROUPE_86/LEDS/LED1 PUTL0i3+Cc63BqC8Y7KWJQ==
18:07:33 /ISIMA/SECRET_AJBIHBAO/CHALLENGE_2/DEFI_4/GROUPE_86/LEDS/LED1 VQu68a5QXQzAZDGxIBMmaw==
07:31:32 /ISIMA/SECRET_AJBIHBAO/CHALLENGE_2/DEFI_4/GROUPE_86/LEDS/LED1 LGsIYU2ELNUH6mi32pHmuQ==
21:07:12 /ISIMA/SECRET_AJBIHBAO/CHALLENGE_2/DEFI_4/GROUPE_86/LEDS/LED1 R+RxwDbdFjZ2prXGC+Y5uw==
17:04:52 /ISIMA/SECRET_AJBIHBAO/CHALLENGE_2/DEFI_4/GROUPE_86/LEDS/LED1 vSHyPDqYK22V6AagUFJ56w==
10:23:10 /ISIMA/SECRET_AJBIHBAO/CHALLENGE_2/DEFI_4/GROUPE_86/LEDS/LED1 vofEw4886LeFoX1MyC4oMw==
14:35:12 /ISIMA/SECRET_AJBIHBAO/CHALLENGE_2/DEFI_4/GROUPE_86/LEDS/LED1 HUfDXTIrP9chE6oGvvJmiA==
15:02:23 /ISIMA/SECRET_AJBIHBAO/CHALLENGE_2/DEFI_4/GROUPE_86/LEDS/LED1 DCfsqLzxZn+xbMajDbWEkw==
03:47:13 /ISIMA/SECRET_AJBIHBAO/CHALLENGE_2/DEFI_4/GROUPE_86/LEDS/LED1 s7S88UghpA9LsuK0ytqf8g==
07:50:16 /ISIMA/SECRET_AJBIHBAO/CHALLENGE_2/DEFI_4/GROUPE_86/LEDS/LED1 hPE41OAfRzPJ4Ux5T6yRJQ==
03:18:11 /ISIMA/SECRET_AJBIHBAO/CHALLENGE_2/DEFI_4/GROUPE_86/LEDS/LED1 2lRojviqhvoZz++qFKRhBQ==
17:13:41 /ISIMA/SECRET_AJBIHBAO/CHALLENGE_2/DEFI_4/GROUPE_86/LEDS/LED1 AfYy1cw7xhKzJs3N/cnD2A==
18:06:15 /ISIMA/SECRET_AJBIHBAO/CHALLENGE_2/DEFI_4/GROUPE_86/LEDS/LED1 pTTero/lEaBfDos/yhUCZw==
07:18:01 /ISIMA/SECRET_AJBIHBAO/CHALLENGE_2/DEFI_4/GROUPE_86/LEDS/LED1 IDrN/XgRkdbYM6rTGXeNQg==
13:10:40 /ISIMA/SECRET_AJBIHBAO/CHALLENGE_2/DEFI_4/GROUPE_86/LEDS/LED1 DxvaypjyLzUsY2I3SqMFag==
02:36:09 /ISIMA/SECRET_AJBIHBAO/CHALLENGE_2/DEFI_4/GROUPE_86/LEDS/LED1 pjUmcASTU4Eqgyh988A0IQ==
21:39:41 /ISIMA/SECRET_AJBIHBAO/CHALLENGE_2/DEFI_4/GROUPE_86/LEDS/LED1 3iNuQSsJpOYtbXNSW0FChg==
03:12:02 /ISIMA/SECRET_AJBIHBAO/CHALLENGE_2/DEFI_4/GROUPE_86/LEDS/LED1 9LhsfeFXvxG5k4DEEDHIDg==
05:41:08 /ISIMA/SECRET_AJBIHBAO/CHALLENGE_2/DEFI_4/GROUPE_86/LEDS/LED1 zpUd8iCZ0rwgIxsYVQiTQA==
15:24:01 /ISIMA/SECRET_AJBIHBAO/CHALLENGE_2/DEFI_4/GROUPE_86/LEDS/LED1 anqJFbT75ZHE9+35yv6Mrg==
03:35:30 /ISIMA/SECRET_AJBIHBAO/CHALLENGE_2/DEFI_4/GROUPE_86/LEDS/LED1 1V2jMX/3iXEeuBegA+6Mjw==
18:07:05 /ISIMA/SECRET_AJBIHBAO/CHALLENGE_2/DEFI_4/GROUPE_86/LEDS/LED1 JR63ANj6kk7tf7IcC9kI+A==
07:52:05 /ISIMA/SECRET_AJBIHBAO/CHALLENGE_2/DEFI_4/GROUPE_86/LEDS/LED1 lePn91U5FwyAeVvDvlAW5A==
02:40:55 /ISIMA/SECRET_AJBIHBAO/CHALLENGE_2/DEFI_4/GROUPE_86/LEDS/LED1 h0Nh6f21a6d/6WH73Ylpmg==
20:36:05 /ISIMA/SECRET_AJBIHBAO/CHALLENGE_2/DEFI_4/GROUPE_86/LEDS/LED1 PQ8uRr8Ou+zvFGVMfTEdgg==
23:36:45 /ISIMA/SECRET_AJBIHBAO/CHALLENGE_2/DEFI_4/GROUPE_86/LEDS/LED1 gE8DfvSa76FfYj13g3XFxg==
11:52:23 /ISIMA/SECRET_AJBIHBAO/CHALLENGE_2/DEFI_4/GROUPE_86/LEDS/LED1 rqgjC/RwLUyqMkvH92Nf2Q==
23:12:10 /ISIMA/SECRET_AJBIHBAO/CHALLENGE_2/DEFI_4/GROUPE_86/LEDS/LED1 pa+vkQpeqNpnigoRGKEQPQ==
06:37:53 /ISIMA/SECRET_AJBIHBAO/CHALLENGE_2/DEFI_4/GROUPE_86/LEDS/LED1 CSz0uYxUrfBEJhgmRlwfXA==
12:41:52 /ISIMA/SECRET_AJBIHBAO/CHALLENGE_2/DEFI_4/GROUPE_86/LEDS/LED1 iEO3tn9IYK2HNhfobeoYDg==
17:24:46 /ISIMA/SECRET_AJBIHBAO/CHALLENGE_2/DEFI_4/GROUPE_86/LEDS/LED1 BQboDCFpVMRgB6vDYT34XQ==
07:42:31 /ISIMA/SECRET_AJBIHBAO/CHALLENGE_2/DEFI_4/GROUPE_86/LEDS/LED1 aOisluXB6YWICPe7zVdgxQ==
08:51:24 /ISIMA/SECRET_AJBIHBAO/CHALLENGE_2/DEFI_4/GROUPE_86/LEDS/LED1 hvtYYqoBa9vdqmRWxAfyjg==
15:32:55 /ISIMA/SECRET_AJBIHBAO/CHALLENGE_2/DEFI_4/GROUPE_86/LEDS/LED1 sOfWsqYXbEyFSUq15ppkiA==
21:50:27 /ISIMA/SECRET_AJBIHBAO/CHALLENGE_2/DEFI_4/GROUPE_86/LEDS/LED1 QcokjpGtquJygIK33ZehCA==
02:11:08 /ISIMA/SECRET_AJBIHBAO/CHALLENGE_2/DEFI_4/GROUPE_86/LEDS/LED1 b/vXKXzYHBcq13T6CeAyGA==
05:05:01 /ISIMA/SECRET_AJBIHBAO/CHALLENGE_2/DEFI_4/GROUPE_86/LEDS/LED1 TzE1hGZV/B4QUdHWm+UlYw==
14:24:27 /ISIMA/SECRET_AJBIHBAO/CHALLENGE_2/DEFI_4/GROUPE_86/LEDS/LED1 SulC18HVookAqKokdt6fdA==
19:02:51 /ISIMA/SECRET_AJBIHBAO/CHALLENGE_2/DEFI_4/GROUPE_86/LEDS/LED1 1mHh09lbCIlhDc7FWMYllA==
15:59:09 /ISIMA/SECRET_AJBIHBAO/CHALLENGE_2/DEFI_4/GROUPE_86/LEDS/LED1 sTy/ywz/nojbuu3eFjgyGQ==
19:03:48 /ISIMA/SECRET_AJBIHBAO/CHALLENGE_2/DEFI_4/GROUPE_86/LEDS/LED1 E6CZe5HlbtUHg4RNVNJNqQ==
13:45:22 /ISIMA/SECRET_AJBIHBAO/CHALLENGE_2/DEFI_4/GROUPE_86/LEDS/LED1 lRPJlv3NQlfo/B2vRTSFEQ==
01:32:26 /ISIMA/SECRET_AJBIHBAO/CHALLENGE_2/DEFI_4/GROUPE_86/LEDS/LED1 dHXj4HPgE6aUpbYhffi5Yg==
20:12:30 /ISIMA/SECRET_AJBIHBAO/CHALLENGE_2/DEFI_4/GROUPE_86/LEDS/LED1 bkb4QbELVEOH9+ZD285fzQ==
08:44:09 /ISIMA/SECRET_AJBIHBAO/CHALLENGE_2/DEFI_4/GROUPE_86/LEDS/LED1 dxCw3xKkW0S9rALyT7MJWg==
10:32:17 /ISIMA/SECRET_AJBIHBAO/CHALLENGE_2/DEFI_4/GROUPE_86/LEDS/LED1 lQiIneALc6hshy7gFnDDBA==
07:32:59 /ISIMA/SECRET_AJBIHBAO/CHALLENGE_2/DEFI_4/GROUPE_86/LEDS/LED1 nBsOuEFdCknYr27Pa155IQ==
09:15:17 /ISIMA/SECRET_AJBIHBAO/CHALLENGE_2/DEFI_4/GROUPE_86/LEDS/LED1 ZRfOKUxyNNwhq68//7AL0g==
09:45:49 /ISIMA/SECRET_AJBIHBAO/CHALLENGE_2/DEFI_4/GROUPE_86/LEDS/LED1 AmjqpY3Bb19x7YFwhkkxrA==
13:38:26 /ISIMA/SECRET_AJBIHBAO/CHALLENGE_2/DEFI_4/GROUPE_86/LEDS/LED1 kfTu4vy/gWx076Zm/cQ+zw==
20:33:37 /ISIMA/SECRET_AJBIHBAO/CHALLENGE_2/DEFI_4/GROUPE_86/LEDS/LED1 JJdK3jfNNEwGI8DXEi/D/A==
00:16:26 /ISIMA/SECRET_AJBIHBAO/CHALLENGE_2/DEFI_4/GROUPE_86/LEDS/LED1 xXrzIWG+ipl/t/n1X32LPQ==
20:34:30 /ISIMA/SECRET_AJBIHBAO/CHALLENGE_2/DEFI_4/GROUPE_86/LEDS/LED1 piw43wLBC+4f4T3taQo0wg==
23:56:41 /ISIMA/SECRET_AJBIHBAO/CHALLENGE_2/DEFI_4/GROUPE_86/LEDS/LED1 slvfXflOcFZcNKUS2W/9Iw==
20:25:42 /ISIMA/SECRET_AJBIHBAO/CHALLENGE_2/DEFI_4/GROUPE_86/LEDS/LED1 9AhYoB8owXrVPWa77dRgYg==
11:34:15 /ISIMA/SECRET_AJBIHBAO/CHALLENGE_2/DEFI_4/GROUPE_86/LEDS/LED1 gXjuom3V2aH0MU9Bi7K2xg==
03:39:14 /ISIMA/SECRET_AJBIHBAO/CHALLENGE_2/DEFI_4/GROUPE_86/LEDS/LED1 nA8osdRy1nMrzEL03a5yKw==
09:03:49 /ISIMA/SECRET_AJBIHBAO/CHALLENGE_2/DEFI_4/GROUPE_86/LEDS/LED1 jPmMNqmuImwb5Abdiy3t7g==
17:37:18 /ISIMA/SECRET_AJBIHBAO/CHALLENGE_2/DEFI_4/GROUPE_86/LEDS/LED1 iKe+FZSo2GelKURw6cyoWQ==
18:18:51 /ISIMA/SECRET_AJBIHBAO/CHALLENGE_2/DEFI_4/GROUPE_86/LEDS/LED1 hy3EmWmMuEMxdDI8fYXO9w==
08:38:08 /ISIMA/SECRET_AJBIHBAO/CHALLENGE_2/DEFI_4/GROUPE_86/LEDS/LED1 07P2/PYa8m4fXhLYU1DkxA==
14:27:15 /ISIMA/SECRET_AJBIHBAO/CHALLENGE_2/DEFI_4/GROUPE_86/LEDS/LED1 igU5yCS5jNYeA/NbU+5crw==
20:54:40 /ISIMA/SECRET_AJBIHBAO/CHALLENGE_2/DEFI_4/GROUPE_86/LEDS/LED1 ZiTRWwo1h+pD0iHZXrmFVA==
19:06:57 /ISIMA/SECRET_AJBIHBAO/CHALLENGE_2/DEFI_4/GROUPE_86/LEDS/LED1 XRfNILqk8tWyJKddOv1y+Q==
02:22:31 /ISIMA/SECRET_AJBIHBAO/CHALLENGE_2/DEFI_4/GROUPE_86/LEDS/LED1 Sxmul8GHqTeGPPCSVKfnmA==
17:32:43 /ISIMA/SECRET_AJBIHBAO/CHALLENGE_2/DEFI_4/GROUPE_86/LEDS/LED1 TRH0i8JvIhXPE4oTMSy4aw==
16:34:53 /ISIMA/SECRET_AJBIHBAO/CHALLENGE_2/DEFI_4/GROUPE_86/LEDS/LED1 OUX95KIfTGkZBs5uTQIHRA==
22:30:12 /ISIMA/SECRET_AJBIHBAO/CHALLENGE_2/DEFI_4/GROUPE_86/LEDS/LED1 ouhWUQHSEEAja71HqnHztQ==
16:44:06 /ISIMA/SECRET_AJBIHBAO/CHALLENGE_2/DEFI_4/GROUPE_86/LEDS/LED1 OmkdQT9+2MYDN57ACGTlpQ==
00:59:30 /ISIMA/SECRET_AJBIHBAO/CHALLENGE_2/DEFI_4/GROUPE_86/LEDS/LED1 1k5JrK8vgAs9A1jzUV9w3Q==
18:52:47 /ISIMA/SECRET_AJBIHBAO/CHALLENGE_2/DEFI_4/GROUPE_86/LEDS/LED1 nIwcaxdiindMJ4LlBmnapw==
12:54:08 /ISIMA/SECRET_AJBIHBAO/CHALLENGE_2/DEFI_4/GROUPE_86/LEDS/LED1 6FKwovUwf4xIsAN2vNC0LQ==
14:25:31 /ISIMA/SECRET_AJBIHBAO/CHALLENGE_2/DEFI_4/GROUPE_86/LEDS/LED1 JPS+Y7rqSn4lM2uR19rn9A==
08:36:50 /ISIMA/SECRET_AJBIHBAO/CHALLENGE_2/DEFI_4/GROUPE_86/LEDS/LED1 0h/Z1Kv2lhx32Zs3fqaCTg==
17:45:09 /ISIMA/SECRET_AJBIHBAO/CHALLENGE_2/DEFI_4/GROUPE_86/LEDS/LED1 WFRy9x4uVLlFFUidMATajA==
18:02:50 /ISIMA/SECRET_AJBIHBAO/CHALLENGE_2/DEFI_4/GROUPE_86/LEDS/LED1 CdZ7Dful8oPsVABsLz8juQ==
10:56:10 /ISIMA/SECRET_AJBIHBAO/CHALLENGE_2/DEFI_4/GROUPE_86/LEDS/LED1 aaiXE0wRMIgfDu9kFwuzDQ==
12:23:51 /ISIMA/SECRET_AJBIHBAO/CHALLENGE_2/DEFI_4/GROUPE_86/LEDS/LED1 XfhPSbH7LihbHmLmeJj9jw==
15:47:03 /ISIMA/SECRET_AJBIHBAO/CHALLENGE_2/DEFI_4/GROUPE_86/LEDS/LED1 Ok1pixVEzpRfcizyY98RhQ==
01:37:55 /ISIMA/SECRET_AJBIHBAO/CHALLENGE_2/DEFI_4/GROUPE_86/LEDS/LED1 E4UNuNUHTEssX3cnQZTq6w==
05:33:44 /ISIMA/SECRET_AJBIHBAO/CHALLENGE_2/DEFI_4/GROUPE_86/LEDS/LED1 nKIHpNyuuRtPLs7Xsgfc8A==
00:07:51 /ISIMA/SECRET_AJBIHBAO/CHALLENGE_2/DEFI_4/GROUPE_86/LEDS/LED1 eudMsKRGYzzgbtzO5hT+tg==
05:39:06 /ISIMA/SECRET_AJBIHBAO/CHALLENGE_2/DEFI_4/GROUPE_86/LEDS/LED1 eAUpRet0a+l2RbowfBZlxw==
11:15:47 /ISIMA/SECRET_AJBIHBAO/CHALLENGE_2/DEFI_4/GROUPE_86/LEDS/LED1 u/kYzCHX6TwapkbaoZvFFw==
03:55:42 /ISIMA/SECRET_AJBIHBAO/CHALLENGE_2/DEFI_4/GROUPE_86/LEDS/LED1 n/XWgL8T/0GRcaJ5safOUg==
07:04:24 /ISIMA/SECRET_AJBIHBAO/CHALLENGE_2/DEFI_4/GROUPE_86/LEDS/LED1 dxGig5MO8rjr2NZtgMuiIQ==
12:03:34 /ISIMA/SECRET_AJBIHBAO/CHALLENGE_2/DEFI_4/GROUPE_86/LEDS/LED1 +3GTa1E92DWSar+UXBDvNg==
12:34:08 /ISIMA/SECRET_AJBIHBAO/CHALLENGE_2/DEFI_4/GROUPE_86/LEDS/LED1 Lib/cqs511q90EPCC+0GeA==
04:47:42 /ISIMA/SECRET_AJBIHBAO/CHALLENGE_2/DEFI_4/GROUPE_86/LEDS/LED1 RVs6TlCQX+za15fffeBKug==
10:45:17 /ISIMA/SECRET_AJBIHBAO/CHALLENGE_2/DEFI_4/GROUPE_86/LEDS/LED1 xwI8syKwKtUj37Iwpvpr2w==
01:59:06 /ISIMA/SECRET_AJBIHBAO/CHALLENGE_2/DEFI_4/GROUPE_86/LEDS/LED1 sz92MAcXNjC1TeRr1YVhZA==
06:12:56 /ISIMA/SECRET_AJBIHBAO/CHALLENGE_2/DEFI_4/GROUPE_86/LEDS/LED1 vlGNMnS7ERP7P4QpwKNASg==
07:20:36 /ISIMA/SECRET_AJBIHBAO/CHALLENGE_2/DEFI_4/GROUPE_86/LEDS/LED1 /AbsJlJf0w9ImqO38irlGg==
10:23:20 /ISIMA/SECRET_AJBIHBAO/CHALLENGE_2/DEFI_4/GROUPE_86/LEDS/LED1 WDCXNkRGgF+NZjeB4UVJjg==
17:09:31 /ISIMA/SECRET_AJBIHBAO/CHALLENGE_2/DEFI_4/GROUPE_86/LEDS/LED1 ICsKR9kAKdryj9Sq2153Sg==
01:47:39 /ISIMA/SECRET_AJBIHBAO/CHALLENGE_2/DEFI_4/GROUPE_86/LEDS/LED1 hXikG8b88uItRXuWcjTnEQ==
13:59:44 /ISIMA/SECRET_AJBIHBAO/CHALLENGE_2/DEFI_4/GROUPE_86/LEDS/LED1 1DiE4Irx2WkMKyM8cSulKg==
17:34:01 /ISIMA/SECRET_AJBIHBAO/CHALLENGE_2/DEFI_4/GROUPE_86/LEDS/LED1 mg4q+vi1wJZTlNIWM582kQ==
13:59:18 /ISIMA/SECRET_AJBIHBAO/CHALLENGE_2/DEFI_4/GROUPE_86/LEDS/LED1 FtgiVnB4tCFAK5rUwpyb2g==
14:43:57 /ISIMA/SECRET_AJBIHBAO/CHALLENGE_2/DEFI_4/GROUPE_86/LEDS/LED1 u5yHbqiUeIVFvL0HBd3vTA==
14:42:24 /ISIMA/SECRET_AJBIHBAO/CHALLENGE_2/DEFI_4/GROUPE_86/LEDS/LED1 yGjy78lHgw4yIaDgl/fFLQ==
12:58:55 /ISIMA/SECRET_AJBIHBAO/CHALLENGE_2/DEFI_4/GROUPE_86/LEDS/LED1 y17CHLMAHc0MLENxigVgIw==
18:27:23 /ISIMA/SECRET_AJBIHBAO/CHALLENGE_2/DEFI_4/GROUPE_86/LEDS/LED1 TPc4OeDyvzSnjgDpYwC6Jw==
00:11:15 /ISIMA/SECRET_AJBIHBAO/CHALLENGE_2/DEFI_4/GROUPE_86/LEDS/LED1 PUTL0i3+Cc63BqC8Y7KWJQ==
13:59:40 /ISIMA/SECRET_AJBIHBAO/CHALLENGE_2/DEFI_4/GROUPE_86/LEDS/LED1 VQu68a5QXQzAZDGxIBMmaw==
03:46:53 /ISIMA/SECRET_AJBIHBAO/CHALLENGE_2/DEFI_4/GROUPE_86/LEDS/LED1 LGsIYU2ELNUH6mi32pHmuQ==
23:28:18 /ISIMA/SECRET_AJBIHBAO/CHALLENGE_2/DEFI_4/GROUPE_86/LEDS/LED1 R+RxwDbdFjZ2prXGC+Y5uw==
19:32:12 /ISIMA/SECRET_AJBIHBAO/CHALLENGE_2/DEFI_4/GROUPE_86/LEDS/LED1 vSHyPDqYK22V6AagUFJ56w==
06:41:12 /ISIMA/SECRET_AJBIHBAO/CHALLENGE_2/DEFI_4/GROUPE_86/LEDS/LED1 vofEw4886LeFoX1MyC4oMw==
09:56:47 /ISIMA/SECRET_AJBIHBAO/CHALLENGE_2/DEFI_4/GROUPE_86/LEDS/LED1 HUfDXTIrP9chE6oGvvJmiA==
18:22:21 /ISIMA/SECRET_AJBIHBAO/CHALLENGE_2/DEFI_4/GROUPE_86/LEDS/LED1 DCfsqLzxZn+xbMajDbWEkw==
20:25:17 /ISIMA/SECRET_AJBIHBAO/CHALLENGE_2/DEFI_4/GROUPE_86/LEDS/LED1 s7S88UghpA9LsuK0ytqf8g==
15:01:31 /ISIMA/SECRET_AJBIHBAO/CHALLENGE_2/DEFI_4/GROUPE_86/LEDS/LED1 hPE41OAfRzPJ4Ux5T6yRJQ==
18:36:18 /ISIMA/SECRET_AJBIHBAO/CHALLENGE_2/DEFI_4/GROUPE_86/LEDS/LED1 2lRojviqhvoZz++qFKRhBQ==
09:27:35 /ISIMA/SECRET_AJBIHBAO/CHALLENGE_2/DEFI_4/GROUPE_86/LEDS/LED1 AfYy1cw7xhKzJs3N/cnD2A==
14:27:41 /ISIMA/SECRET_AJBIHBAO/CHALLENGE_2/DEFI_4/GROUPE_86/LEDS/LED1 pTTero/lEaBfDos/yhUCZw==
03:36:40 /ISIMA/SECRET_AJBIHBAO/CHALLENGE_2/DEFI_4/GROUPE_86/LEDS/LED1 IDrN/XgRkdbYM6rTGXeNQg==
13:32:54 /ISIMA/SECRET_AJBIHBAO/CHALLENGE_2/DEFI_4/GROUPE_86/LEDS/LED1 DxvaypjyLzUsY2I3SqMFag==
18:41:19 /ISIMA/SECRET_AJBIHBAO/CHALLENGE_2/DEFI_4/GROUPE_86/LEDS/LED1 pjUmcASTU4Eqgyh988A0IQ==
00:31:38 /ISIMA/SECRET_AJBIHBAO/CHALLENGE_2/DEFI_4/GROUPE_86/LEDS/LED1 3iNuQSsJpOYtbXNSW0FChg==
02:36:56 /ISIMA/SECRET_AJBIHBAO/CHALLENGE_2/DEFI_4/GROUPE_86/LEDS/LED1 9LhsfeFXvxG5k4DEEDHIDg==
02:46:58 /ISIMA/SECRET_AJBIHBAO/CHALLENGE_2/DEFI_4/GROUPE_86/LEDS/LED1 zpUd8iCZ0rwgIxsYVQiTQA==
05:37:29 /ISIMA/SECRET_AJBIHBAO/CHALLENGE_2/DEFI_4/GROUPE_86/LEDS/LED1 anqJFbT75ZHE9+35yv6Mrg==
01:26:18 /ISIMA/SECRET_AJBIHBAO/CHALLENGE_2/DEFI_4/GROUPE_86/LEDS/LED1 1V2jMX/3iXEeuBegA+6Mjw==
02:13:23 /ISIMA/SECRET_AJBIHBAO/CHALLENGE_2/DEFI_4/GROUPE_86/LEDS/LED1 JR63ANj6kk7tf7IcC9kI+A==
14:23:57 /ISIMA/SECRET_AJBIHBAO/CHALLENGE_2/DEFI_4/GROUPE_86/LEDS/LED1 lePn91U5FwyAeVvDvlAW5A==
07:51:52 /ISIMA/SECRET_AJBIHBAO/CHALLENGE_2/DEFI_4/GROUPE_86/LEDS/LED1 h0Nh6f21a6d/6WH73Ylpmg==
03:25:40 /ISIMA/SECRET_AJBIHBAO/CHALLENGE_2/DEFI_4/GROUPE_86/LEDS/LED1 PQ8uRr8Ou+zvFGVMfTEdgg==
09:11:36 /ISIMA/SECRET_AJBIHBAO/CHALLENGE_2/DEFI_4/GROUPE_86/LEDS/LED1 gE8DfvSa76FfYj13g3XFxg==
22:53:41 /ISIMA/SECRET_AJBIHBAO/CHALLENGE_2/DEFI_4/GROUPE_86/LEDS/LED1 rqgjC/RwLUyqMkvH92Nf2Q==
02:02:11 /ISIMA/SECRET_AJBIHBAO/CHALLENGE_2/DEFI_4/GROUPE_86/LEDS/LED1 pa+vkQpeqNpnigoRGKEQPQ==
20:59:14 /ISIMA/SECRET_AJBIHBAO/CHALLENGE_2/DEFI_4/GROUPE_86/LEDS/LED1 CSz0uYxUrfBEJhgmRlwfXA==
23:42:29 /ISIMA/SECRET_AJBIHBAO/CHALLENGE_2/DEFI_4/GROUPE_86/LEDS/LED1 iEO3tn9IYK2HNhfobeoYDg==
14:16:14 /ISIMA/SECRET_AJBIHBAO/CHALLENGE_2/DEFI_4/GROUPE_86/LEDS/LED1 BQboDCFpVMRgB6vDYT34XQ==
19:44:00 /ISIMA/SECRET_AJBIHBAO/CHALLENGE_2/DEFI_4/GROUPE_86/LEDS/LED1 aOisluXB6YWICPe7zVdgxQ==
06:52:05 /ISIMA/SECRET_AJBIHBAO/CHALLENGE_2/DEFI_4/GROUPE_86/LEDS/LED1 hvtYYqoBa9vdqmRWxAfyjg==
08:46:09 /ISIMA/SECRET_AJBIHBAO/CHALLENGE_2/DEFI_4/GROUPE_86/LEDS/LED1 sOfWsqYXbEyFSUq15ppkiA==
20:11:23 /ISIMA/SECRET_AJBIHBAO/CHALLENGE_2/DEFI_4/GROUPE_86/LEDS/LED1 QcokjpGtquJygIK33ZehCA==
04:04:28 /ISIMA/SECRET_AJBIHBAO/CHALLENGE_2/DEFI_4/GROUPE_86/LEDS/LED1 b/vXKXzYHBcq13T6CeAyGA==
19:21:25 /ISIMA/SECRET_AJBIHBAO/CHALLENGE_2/DEFI_4/GROUPE_86/LEDS/LED1 TzE1hGZV/B4QUdHWm+UlYw==
08:54:05 /ISIMA/SECRET_AJBIHBAO/CHALLENGE_2/DEFI_4/GROUPE_86/LEDS/LED1 SulC18HVookAqKokdt6fdA==
14:26:50 /ISIMA/SECRET_AJBIHBAO/CHALLENGE_2/DEFI_4/GROUPE_86/LEDS/LED1 1mHh09lbCIlhDc7FWMYllA==
13:43:09 /ISIMA/SECRET_AJBIHBAO/CHALLENGE_2/DEFI_4/GROUPE_86/LEDS/LED1 sTy/ywz/nojbuu3eFjgyGQ==
04:38:13 /ISIMA/SECRET_AJBIHBAO/CHALLENGE_2/DEFI_4/GROUPE_86/LEDS/LED1 E6CZe5HlbtUHg4RNVNJNqQ==
21:36:27 /ISIMA/SECRET_AJBIHBAO/CHALLENGE_2/DEFI_4/GROUPE_86/LEDS/LED1 lRPJlv3NQlfo/B2vRTSFEQ==
17:06:53 /ISIMA/SECRET_AJBIHBAO/CHALLENGE_2/DEFI_4/GROUPE_86/LEDS/LED1 dHXj4HPgE6aUpbYhffi5Yg==
03:54:23 /ISIMA/SECRET_AJBIHBAO/CHALLENGE_2/DEFI_4/GROUPE_86/LEDS/LED1 bkb4QbELVEOH9+ZD285fzQ==
10:36:09 /ISIMA/SECRET_AJBIHBAO/CHALLENGE_2/DEFI_4/GROUPE_86/LEDS/LED1 dxCw3xKkW0S9rALyT7MJWg==
14:01:07 /ISIMA/SECRET_AJBIHBAO/CHALLENGE_2/DEFI_4/GROUPE_86/LEDS/LED1 lQiIneALc6hshy7gFnDDBA==
11:54:54 /ISIMA/SECRET_AJBIHBAO/CHALLENGE_2/DEFI_4/GROUPE_86/LEDS/LED1 nBsOuEFdCknYr27Pa155IQ==
22:14:25 /ISIMA/SECRET_AJBIHBAO/CHALLENGE_2/DEFI_4/GROUPE_86/LEDS/LED1 ZRfOKUxyNNwhq68//7AL0g==
18:00:09 /ISIMA/SECRET_AJBIHBAO/CHALLENGE_2/DEFI_4/GROUPE_86/LEDS/LED1 AmjqpY3Bb19x7YFwhkkxrA==
22:45:54 /ISIMA/SECRET_AJBIHBAO/CHALLENGE_2/DEFI_4/GROUPE_86/LEDS/LED1 kfTu4vy/gWx076Zm/cQ+zw==
11:14:20 /ISIMA/SECRET_AJBIHBAO/CHALLENGE_2/DEFI_4/GROUPE_86/LEDS/LED1 JJdK3jfNNEwGI8DXEi/D/A==
04:04:37 /ISIMA/SECRET_AJBIHBAO/CHALLENGE_2/DEFI_4/GROUPE_86/LEDS/LED1 xXrzIWG+ipl/t/n1X32LPQ==
17:43:23 /ISIMA/SECRET_AJBIHBAO/CHALLENGE_2/DEFI_4/GROUPE_86/LEDS/LED1 piw43wLBC+4f4T3taQo0wg==
23:35:34 /ISIMA/SECRET_AJBIHBAO/CHALLENGE_2/DEFI_4/GROUPE_86/LEDS/LED1 slvfXflOcFZcNKUS2W/9Iw==
20:16:45 /ISIMA/SECRET_AJBIHBAO/CHALLENGE_2/DEFI_4/GROUPE_86/LEDS/LED1 9AhYoB8owXrVPWa77dRgYg==
15:06:47 /ISIMA/SECRET_AJBIHBAO/CHALLENGE_2/DEFI_4/GROUPE_86/LEDS/LED1 gXjuom3V2aH0MU9Bi7K2xg==
21:09:53 /ISIMA/SECRET_AJBIHBAO/CHALLENGE_2/DEFI_4/GROUPE_86/LEDS/LED1 nA8osdRy1nMrzEL03a5yKw==
16:34:21 /ISIMA/SECRET_AJBIHBAO/CHALLENGE_2/DEFI_4/GROUPE_86/LEDS/LED1 jPmMNqmuImwb5Abdiy3t7g==
16:31:44 /ISIMA/SECRET_AJBIHBAO/CHALLENGE_2/DEFI_4/GROUPE_86/LEDS/LED1 iKe+FZSo2GelKURw6cyoWQ==
03:43:10 /ISIMA/SECRET_AJBIHBAO/CHALLENGE_2/DEFI_4/GROUPE_86/LEDS/LED1 hy3EmWmMuEMxdDI8fYXO9w==
22:33:52 /ISIMA/SECRET_AJBIHBAO/CHALLENGE_2/DEFI_4/GROUPE_86/LEDS/LED1 07P2/PYa8m4fXhLYU1DkxA==
01:18:16 /ISIMA/SECRET_AJBIHBAO/CHALLENGE_2/DEFI_4/GROUPE_86/LEDS/LED1 igU5yCS5jNYeA/NbU+5crw==
05:10:55 /ISIMA/SECRET_AJBIHBAO/CHALLENGE_2/DEFI_4/GROUPE_86/LEDS/LED1 ZiTRWwo1h+pD0iHZXrmFVA==
10:25:55 /ISIMA/SECRET_AJBIHBAO/CHALLENGE_2/DEFI_4/GROUPE_86/LEDS/LED1 XRfNILqk8tWyJKddOv1y+Q==
23:08:08 /ISIMA/SECRET_AJBIHBAO/CHALLENGE_2/DEFI_4/GROUPE_86/LEDS/LED1 Sxmul8GHqTeGPPCSVKfnmA==
20:17:46 /ISIMA/SECRET_AJBIHBAO/CHALLENGE_2/DEFI_4/GROUPE_86/LEDS/LED1 TRH0i8JvIhXPE4oTMSy4aw==
01:18:13 /ISIMA/SECRET_AJBIHBAO/CHALLENGE_2/DEFI_4/GROUPE_86/LEDS/LED1 OUX95KIfTGkZBs5uTQIHRA==
22:12:41 /ISIMA/SECRET_AJBIHBAO/CHALLENGE_2/DEFI_4/GROUPE_86/LEDS/LED1 ouhWUQHSEEAja71HqnHztQ==
00:47:19 /ISIMA/SECRET_AJBIHBAO/CHALLENGE_2/DEFI_4/GROUPE_86/LEDS/LED1 OmkdQT9+2MYDN57ACGTlpQ==
01:17:19 /ISIMA/SECRET_AJBIHBAO/CHALLENGE_2/DEFI_4/GROUPE_86/LEDS/LED1 1k5JrK8vgAs9A1jzUV9w3Q==
13:37:23 /ISIMA/SECRET_AJBIHBAO/CHALLENGE_2/DEFI_4/GROUPE_86/LEDS/LED1 nIwcaxdiindMJ4LlBmnapw==
23:03:56 /ISIMA/SECRET_AJBIHBAO/CHALLENGE_2/DEFI_4/GROUPE_86/LEDS/LED1 6FKwovUwf4xIsAN2vNC0LQ==
00:30:57 /ISIMA/SECRET_AJBIHBAO/CHALLENGE_2/DEFI_4/GROUPE_86/LEDS/LED1 JPS+Y7rqSn4lM2uR19rn9A==
10:29:29 /ISIMA/SECRET_AJBIHBAO/CHALLENGE_2/DEFI_4/GROUPE_86/LEDS/LED1 0h/Z1Kv2lhx32Zs3fqaCTg==
14:20:15 /ISIMA/SECRET_AJBIHBAO/CHALLENGE_2/DEFI_4/GROUPE_86/LEDS/LED1 WFRy9x4uVLlFFUidMATajA==
10:45:33 /ISIMA/SECRET_AJBIHBAO/CHALLENGE_2/DEFI_4/GROUPE_86/LEDS/LED1 CdZ7Dful8oPsVABsLz8juQ==
13:54:08 /ISIMA/SECRET_AJBIHBAO/CHALLENGE_2/DEFI_4/GROUPE_86/LEDS/LED1 aaiXE0wRMIgfDu9kFwuzDQ==
05:16:29 /ISIMA/SECRET_AJBIHBAO/CHALLENGE_2/DEFI_4/GROUPE_86/LEDS/LED1 XfhPSbH7LihbHmLmeJj9jw==
10:22:13 /ISIMA/SECRET_AJBIHBAO/CHALLENGE_2/DEFI_4/GROUPE_86/LEDS/LED1 Ok1pixVEzpRfcizyY98RhQ==
18:45:47 /ISIMA/SECRET_AJBIHBAO/CHALLENGE_2/DEFI_4/GROUPE_86/LEDS/LED1 E4UNuNUHTEssX3cnQZTq6w==
20:08:41 /ISIMA/SECRET_AJBIHBAO/CHALLENGE_2/DEFI_4/GROUPE_86/LEDS/LED1 nKIHpNyuuRtPLs7Xsgfc8A==
00:56:24 /ISIMA/SECRET_AJBIHBAO/CHALLENGE_2/DEFI_4/GROUPE_86/LEDS/LED1 eudMsKRGYzzgbtzO5hT+tg==
15:53:09 /ISIMA/SECRET_AJBIHBAO/CHALLENGE_2/DEFI_4/GROUPE_86/LEDS/LED1 eAUpRet0a+l2RbowfBZlxw==
20:36:37 /ISIMA/SECRET_AJBIHBAO/CHALLENGE_2/DEFI_4/GROUPE_86/LEDS/LED1 u/kYzCHX6TwapkbaoZvFFw==
12:57:08 /ISIMA/SECRET_AJBIHBAO/CHALLENGE_2/DEFI_4/GROUPE_86/LEDS/LED1 n/XWgL8T/0GRcaJ5safOUg==
12:42:34 /ISIMA/SECRET_AJBIHBAO/CHALLENGE_2/DEFI_4/GROUPE_86/LEDS/LED1 dxGig5MO8rjr2NZtgMuiIQ==
06:46:22 /ISIMA/SECRET_AJBIHBAO/CHALLENGE_2/DEFI_4/GROUPE_86/LEDS/LED1 +3GTa1E92DWSar+UXBDvNg==
22:25:57 /ISIMA/SECRET_AJBIHBAO/CHALLENGE_2/DEFI_4/GROUPE_86/LEDS/LED1 Lib/cqs511q90EPCC+0GeA==
15:28:47 /ISIMA/SECRET_AJBIHBAO/CHALLENGE_2/DEFI_4/GROUPE_86/LEDS/LED1 RVs6TlCQX+za15fffeBKug==
04:29:11 /ISIMA/SECRET_AJBIHBAO/CHALLENGE_2/DEFI_4/GROUPE_86/LEDS/LED1 xwI8syKwKtUj37Iwpvpr2w==
01:11:45 /ISIMA/SECRET_AJBIHBAO/CHALLENGE_2/DEFI_4/GROUPE_86/LEDS/LED1 sz92MAcXNjC1TeRr1YVhZA==
22:15:41 /ISIMA/SECRET_AJBIHBAO/CHALLENGE_2/DEFI_4/GROUPE_86/LEDS/LED1 vlGNMnS7ERP7P4QpwKNASg==
12:21:24 /ISIMA/SECRET_AJBIHBAO/CHALLENGE_2/DEFI_4/GROUPE_86/LEDS/LED1 /AbsJlJf0w9ImqO38irlGg==
04:13:15 /ISIMA/SECRET_AJBIHBAO/CHALLENGE_2/DEFI_4/GROUPE_86/LEDS/LED1 WDCXNkRGgF+NZjeB4UVJjg==
09:34:35 /ISIMA/SECRET_AJBIHBAO/CHALLENGE_2/DEFI_4/GROUPE_86/LEDS/LED1 ICsKR9kAKdryj9Sq2153Sg==
09:26:30 /ISIMA/SECRET_AJBIHBAO/CHALLENGE_2/DEFI_4/GROUPE_86/LEDS/LED1 hXikG8b88uItRXuWcjTnEQ==
06:22:48 /ISIMA/SECRET_AJBIHBAO/CHALLENGE_2/DEFI_4/GROUPE_86/LEDS/LED1 1DiE4Irx2WkMKyM8cSulKg==
11:43:40 /ISIMA/SECRET_AJBIHBAO/CHALLENGE_2/DEFI_4/GROUPE_86/LEDS/LED1 mg4q+vi1wJZTlNIWM582kQ==
07:21:09 /ISIMA/SECRET_AJBIHBAO/CHALLENGE_2/DEFI_4/GROUPE_86/LEDS/LED1 FtgiVnB4tCFAK5rUwpyb2g==
09:41:35 /ISIMA/SECRET_AJBIHBAO/CHALLENGE_2/DEFI_4/GROUPE_86/LEDS/LED1 u5yHbqiUeIVFvL0HBd3vTA==
16:50:16 /ISIMA/SECRET_AJBIHBAO/CHALLENGE_2/DEFI_4/GROUPE_86/LEDS/LED1 yGjy78lHgw4yIaDgl/fFLQ==
22:45:10 /ISIMA/SECRET_AJBIHBAO/CHALLENGE_2/DEFI_4/GROUPE_86/LEDS/LED1 y17CHLMAHc0MLENxigVgIw==
19:57:08 /ISIMA/SECRET_AJBIHBAO/CHALLENGE_2/DEFI_4/GROUPE_86/LEDS/LED1 TPc4OeDyvzSnjgDpYwC6Jw==
11:14:38 /ISIMA/SECRET_AJBIHBAO/CHALLENGE_2/DEFI_4/GROUPE_86/LEDS/LED1 PUTL0i3+Cc63BqC8Y7KWJQ==
22:40:40 /ISIMA/SECRET_AJBIHBAO/CHALLENGE_2/DEFI_4/GROUPE_86/LEDS/LED1 VQu68a5QXQzAZDGxIBMmaw==
16:37:45 /ISIMA/SECRET_AJBIHBAO/CHALLENGE_2/DEFI_4/GROUPE_86/LEDS/LED1 LGsIYU2ELNUH6mi32pHmuQ==
17:43:32 /ISIMA/SECRET_AJBIHBAO/CHALLENGE_2/DEFI_4/GROUPE_86/LEDS/LED1 R+RxwDbdFjZ2prXGC+Y5uw==
20:02:10 /ISIMA/SECRET_AJBIHBAO/CHALLENGE_2/DEFI_4/GROUPE_86/LEDS/LED1 vSHyPDqYK22V6AagUFJ56w==
10:45:50 /ISIMA/SECRET_AJBIHBAO/CHALLENGE_2/DEFI_4/GROUPE_86/LEDS/LED1 vofEw4886LeFoX1MyC4oMw==
19:06:18 /ISIMA/SECRET_AJBIHBAO/CHALLENGE_2/DEFI_4/GROUPE_86/LEDS/LED1 HUfDXTIrP9chE6oGvvJmiA==
20:59:19 /ISIMA/SECRET_AJBIHBAO/CHALLENGE_2/DEFI_4/GROUPE_86/LEDS/LED1 DCfsqLzxZn+xbMajDbWEkw==
05:52:42 /ISIMA/SECRET_AJBIHBAO/CHALLENGE_2/DEFI_4/GROUPE_86/LEDS/LED1 s7S88UghpA9LsuK0ytqf8g==
20:44:01 /ISIMA/SECRET_AJBIHBAO/CHALLENGE_2/DEFI_4/GROUPE_86/LEDS/LED1 hPE41OAfRzPJ4Ux5T6yRJQ==
11:26:00 /ISIMA/SECRET_AJBIHBAO/CHALLENGE_2/DEFI_4/GROUPE_86/LEDS/LED1 2lRojviqhvoZz++qFKRhBQ==
13:23:21 /ISIMA/SECRET_AJBIHBAO/CHALLENGE_2/DEFI_4/GROUPE_86/LEDS/LED1 AfYy1cw7xhKzJs3N/cnD2A==
04:02:04 /ISIMA/SECRET_AJBIHBAO/CHALLENGE_2/DEFI_4/GROUPE_86/LEDS/LED1 pTTero/lEaBfDos/yhUCZw==
07:34:48 /ISIMA/SECRET_AJBIHBAO/CHALLENGE_2/DEFI_4/GROUPE_86/LEDS/LED1 IDrN/XgRkdbYM6rTGXeNQg==
07:29:43 /ISIMA/SECRET_AJBIHBAO/CHALLENGE_2/DEFI_4/GROUPE_86/LEDS/LED1 DxvaypjyLzUsY2I3SqMFag==
01:07:23 /ISIMA/SECRET_AJBIHBAO/CHALLENGE_2/DEFI_4/GROUPE_86/LEDS/LED1 pjUmcASTU4Eqgyh988A0IQ==
13:35:16 /ISIMA/SECRET_AJBIHBAO/CHALLENGE_2/DEFI_4/GROUPE_86/LEDS/LED1 3iNuQSsJpOYtbXNSW0FChg==
09:21:39 /ISIMA/SECRET_AJBIHBAO/CHALLENGE_2/DEFI_4/GROUPE_86/LEDS/LED1 9LhsfeFXvxG5k4DEEDHIDg==
22:09:44 /ISIMA/SECRET_AJBIHBAO/CHALLENGE_2/DEFI_4/GROUPE_86/LEDS/LED1 zpUd8iCZ0rwgIxsYVQiTQA==
22:27:56 /ISIMA/SECRET_AJBIHBAO/CHALLENGE_2/DEFI_4/GROUPE_86/LEDS/LED1 anqJFbT75ZHE9+35yv6Mrg==
11:11:53 /ISIMA/SECRET_AJBIHBAO/CHALLENGE_2/DEFI_4/GROUPE_86/LEDS/LED1 1V2jMX/3iXEeuBegA+6Mjw==
09:26:19 /ISIMA/SECRET_AJBIHBAO/CHALLENGE_2/DEFI_4/GROUPE_86/LEDS/LED1 JR63ANj6kk7tf7IcC9kI+A==
20:55:49 /ISIMA/SECRET_AJBIHBAO/CHALLENGE_2/DEFI_4/GROUPE_86/LEDS/LED1 lePn91U5FwyAeVvDvlAW5A==
03:18:40 /ISIMA/SECRET_AJBIHBAO/CHALLENGE_2/DEFI_4/GROUPE_86/LEDS/LED1 h0Nh6f21a6d/6WH73Ylpmg==
11:35:52 /ISIMA/SECRET_AJBIHBAO/CHALLENGE_2/DEFI_4/GROUPE_86/LEDS/LED1 PQ8uRr8Ou+zvFGVMfTEdgg==
13:38:17 /ISIMA/SECRET_AJBIHBAO/CHALLENGE_2/DEFI_4/GROUPE_86/LEDS/LED1 gE8DfvSa76FfYj13g3XFxg==
18:33:11 /ISIMA/SECRET_AJBIHBAO/CHALLENGE_2/DEFI_4/GROUPE_86/LEDS/LED1 rqgjC/RwLUyqMkvH92Nf2Q==
21:04:34 /ISIMA/SECRET_AJBIHBAO/CHALLENGE_2/DEFI_4/GROUPE_86/LEDS/LED1 pa+vkQpeqNpnigoRGKEQPQ==
23:37:44 /ISIMA/SECRET_AJBIHBAO/CHALLENGE_2/DEFI_4/GROUPE_86/LEDS/LED1 CSz0uYxUrfBEJhgmRlwfXA==
02:09:22 /ISIMA/SECRET_AJBIHBAO/CHALLENGE_2/DEFI_4/GROUPE_86/LEDS/LED1 iEO3tn9IYK2HNhfobeoYDg==
21:32:04 /ISIMA/SECRET_AJBIHBAO/CHALLENGE_2/DEFI_4/GROUPE_86/LEDS/LED1 BQboDCFpVMRgB6vDYT34XQ==
18:16:49 /ISIMA/SECRET_AJBIHBAO/CHALLENGE_2/DEFI_4/GROUPE_86/LEDS/LED1 aOisluXB6YWICPe7zVdgxQ==
06:01:01 /ISIMA/SECRET_AJBIHBAO/CHALLENGE_2/DEFI_4/GROUPE_86/LEDS/LED1 hvtYYqoBa9vdqmRWxAfyjg==
21:13:11 /ISIMA/SECRET_AJBIHBAO/CHALLENGE_2/DEFI_4/GROUPE_86/LEDS/LED1 sOfWsqYXbEyFSUq15ppkiA==
07:39:58 /ISIMA/SECRET_AJBIHBAO/CHALLENGE_2/DEFI_4/GROUPE_86/LEDS/LED1 QcokjpGtquJygIK33ZehCA==
04:44:18 /ISIMA/SECRET_AJBIHBAO/CHALLENGE_2/DEFI_4/GROUPE_86/LEDS/LED1 b/vXKXzYHBcq13T6CeAyGA==
09:21:04 /ISIMA/SECRET_AJBIHBAO/CHALLENGE_2/DEFI_4/GROUPE_86/LEDS/LED1 TzE1hGZV/B4QUdHWm+UlYw==
11:42:15 /ISIMA/SECRET_AJBIHBAO/CHALLENGE_2/DEFI_4/GROUPE_86/LEDS/LED1 SulC18HVookAqKokdt6fdA==
23:46:51 /ISIMA/SECRET_AJBIHBAO/CHALLENGE_2/DEFI_4/GROUPE_86/LEDS/LED1 1mHh09lbCIlhDc7FWMYllA==
13:33:13 /ISIMA/SECRET_AJBIHBAO/CHALLENGE_2/DEFI_4/GROUPE_86/LEDS/LED1 sTy/ywz/nojbuu3eFjgyGQ==
17:51:11 /ISIMA/SECRET_AJBIHBAO/CHALLENGE_2/DEFI_4/GROUPE_86/LEDS/LED1 E6CZe5HlbtUHg4RNVNJNqQ==
04:14:38 /ISIMA/SECRET_AJBIHBAO/CHALLENGE_2/DEFI_4/GROUPE_86/LEDS/LED1 lRPJlv3NQlfo/B2vRTSFEQ==
13:18:19 /ISIMA/SECRET_AJBIHBAO/CHALLENGE_2/DEFI_4/GROUPE_86/LEDS/LED1 dHXj4HPgE6aUpbYhffi5Yg==
15:41:58 /ISIMA/SECRET_AJBIHBAO/CHALLENGE_2/DEFI_4/GROUPE_86/LEDS/LED1 bkb4QbELVEOH9+ZD285fzQ==
16:50:40 /ISIMA/SECRET_AJBIHBAO/CHALLENGE_2/DEFI_4/GROUPE_86/LEDS/LED1 dxCw3xKkW0S9rALyT7MJWg==
22:31:42 /ISIMA/SECRET_AJBIHBAO/CHALLENGE_2/DEFI_4/GROUPE_86/LEDS/LED1 lQiIneALc6hshy7gFnDDBA==
21:30:41 /ISIMA/SECRET_AJBIHBAO/CHALLENGE_2/DEFI_4/GROUPE_86/LEDS/LED1 nBsOuEFdCknYr27Pa155IQ==
23:07:52 /ISIMA/SECRET_AJBIHBAO/CHALLENGE_2/DEFI_4/GROUPE_86/LEDS/LED1 ZRfOKUxyNNwhq68//7AL0g==
07:25:45 /ISIMA/SECRET_AJBIHBAO/CHALLENGE_2/DEFI_4/GROUPE_86/LEDS/LED1 AmjqpY3Bb19x7YFwhkkxrA==
13:39:01 /ISIMA/SECRET_AJBIHBAO/CHALLENGE_2/DEFI_4/GROUPE_86/LEDS/LED1 kfTu4vy/gWx076Zm/cQ+zw==
04:44:39 /ISIMA/SECRET_AJBIHBAO/CHALLENGE_2/DEFI_4/GROUPE_86/LEDS/LED1 JJdK3jfNNEwGI8DXEi/D/A==
05:04:12 /ISIMA/SECRET_AJBIHBAO/CHALLENGE_2/DEFI_4/GROUPE_86/LEDS/LED1 xXrzIWG+ipl/t/n1X32LPQ==
16:49:39 /ISIMA/SECRET_AJBIHBAO/CHALLENGE_2/DEFI_4/GROUPE_86/LEDS/LED1 piw43wLBC+4f4T3taQo0wg==
19:36:03 /ISIMA/SECRET_AJBIHBAO/CHALLENGE_2/DEFI_4/GROUPE_86/LEDS/LED1 slvfXflOcFZcNKUS2W/9Iw==
17:21:28 /ISIMA/SECRET_AJBIHBAO/CHALLENGE_2/DEFI_4/GROUPE_86/LEDS/LED1 9AhYoB8owXrVPWa77dRgYg==
11:50:18 /ISIMA/SECRET_AJBIHBAO/CHALLENGE_2/DEFI_4/GROUPE_86/LEDS/LED1 gXjuom3V2aH0MU9Bi7K2xg==
02:08:33 /ISIMA/SECRET_AJBIHBAO/CHALLENGE_2/DEFI_4/GROUPE_86/LEDS/LED1 nA8osdRy1nMrzEL03a5yKw==
06:16:58 /ISIMA/SECRET_AJBIHBAO/CHALLENGE_2/DEFI_4/GROUPE_86/LEDS/LED1 jPmMNqmuImwb5Abdiy3t7g==
06:59:47 /ISIMA/SECRET_AJBIHBAO/CHALLENGE_2/DEFI_4/GROUPE_86/LEDS/LED1 iKe+FZSo2GelKURw6cyoWQ==
17:01:05 /ISIMA/SECRET_AJBIHBAO/CHALLENGE_2/DEFI_4/GROUPE_86/LEDS/LED1 hy3EmWmMuEMxdDI8fYXO9w==
18:13:12 /ISIMA/SECRET_AJBIHBAO/CHALLENGE_2/DEFI_4/GROUPE_86/LEDS/LED1 07P2/PYa8m4fXhLYU1DkxA==
23:39:05 /ISIMA/SECRET_AJBIHBAO/CHALLENGE_2/DEFI_4/GROUPE_86/LEDS/LED1 igU5yCS5jNYeA/NbU+5crw==
11:28:21 /ISIMA/SECRET_AJBIHBAO/CHALLENGE_2/DEFI_4/GROUPE_86/LEDS/LED1 ZiTRWwo1h+pD0iHZXrmFVA==
03:56:02 /ISIMA/SECRET_AJBIHBAO/CHALLENGE_2/DEFI_4/GROUPE_86/LEDS/LED1 XRfNILqk8tWyJKddOv1y+Q==
05:16:38 /ISIMA/SECRET_AJBIHBAO/CHALLENGE_2/DEFI_4/GROUPE_86/LEDS/LED1 Sxmul8GHqTeGPPCSVKfnmA==
22:37:41 /ISIMA/SECRET_AJBIHBAO/CHALLENGE_2/DEFI_4/GROUPE_86/LEDS/LED1 TRH0i8JvIhXPE4oTMSy4aw==
09:40:26 /ISIMA/SECRET_AJBIHBAO/CHALLENGE_2/DEFI_4/GROUPE_86/LEDS/LED1 OUX95KIfTGkZBs5uTQIHRA==
05:36:45 /ISIMA/SECRET_AJBIHBAO/CHALLENGE_2/DEFI_4/GROUPE_86/LEDS/LED1 ouhWUQHSEEAja71HqnHztQ==
04:16:12 /ISIMA/SECRET_AJBIHBAO/CHALLENGE_2/DEFI_4/GROUPE_86/LEDS/LED1 OmkdQT9+2MYDN57ACGTlpQ==
06:35:40 /ISIMA/SECRET_AJBIHBAO/CHALLENGE_2/DEFI_4/GROUPE_86/LEDS/LED1 1k5JrK8vgAs9A1jzUV9w3Q==
07:20:25 /ISIMA/SECRET_AJBIHBAO/CHALLENGE_2/DEFI_4/GROUPE_86/LEDS/LED1 nIwcaxdiindMJ4LlBmnapw==
12:58:43 /ISIMA/SECRET_AJBIHBAO/CHALLENGE_2/DEFI_4/GROUPE_86/LEDS/LED1 6FKwovUwf4xIsAN2vNC0LQ==
20:43:42 /ISIMA/SECRET_AJBIHBAO/CHALLENGE_2/DEFI_4/GROUPE_86/LEDS/LED1 JPS+Y7rqSn4lM2uR19rn9A==
10:50:28 /ISIMA/SECRET_AJBIHBAO/CHALLENGE_2/DEFI_4/GROUPE_86/LEDS/LED1 0h/Z1Kv2lhx32Zs3fqaCTg==
19:25:43 /ISIMA/SECRET_AJBIHBAO/CHALLENGE_2/DEFI_4/GROUPE_86/LEDS/LED1 WFRy9x4uVLlFFUidMATajA==
01:26:36 /ISIMA/SECRET_AJBIHBAO/CHALLENGE_2/DEFI_4/GROUPE_86/LEDS/LED1 CdZ7Dful8oPsVABsLz8juQ==
02:14:17 /ISIMA/SECRET_AJBIHBAO/CHALLENGE_2/DEFI_4/GROUPE_86/LEDS/LED1 aaiXE0wRMIgfDu9kFwuzDQ==
06:15:38 /ISIMA/SECRET_AJBIHBAO/CHALLENGE_2/DEFI_4/GROUPE_86/LEDS/LED1 XfhPSbH7LihbHmLmeJj9jw==
05:56:34 /ISIMA/SECRET_AJBIHBAO/CHALLENGE_2/DEFI_4/GROUPE_86/LEDS/LED1 Ok1pixVEzpRfcizyY98RhQ==
07:51:24 /ISIMA/SECRET_AJBIHBAO/CHALLENGE_2/DEFI_4/GROUPE_86/LEDS/LED1 E4UNuNUHTEssX3cnQZTq6w==
06:06:34 /ISIMA/SECRET_AJBIHBAO/CHALLENGE_2/DEFI_4/GROUPE_86/LEDS/LED1 nKIHpNyuuRtPLs7Xsgfc8A==
00:57:11 /ISIMA/SECRET_AJBIHBAO/CHALLENGE_2/DEFI_4/GROUPE_86/LEDS/LED1 eudMsKRGYzzgbtzO5hT+tg==
08:21:52 /ISIMA/SECRET_AJBIHBAO/CHALLENGE_2/DEFI_4/GROUPE_86/LEDS/LED1 eAUpRet0a+l2RbowfBZlxw==
08:35:16 /ISIMA/SECRET_AJBIHBAO/CHALLENGE_2/DEFI_4/GROUPE_86/LEDS/LED1 u/kYzCHX6TwapkbaoZvFFw==
23:49:36 /ISIMA/SECRET_AJBIHBAO/CHALLENGE_2/DEFI_4/GROUPE_86/LEDS/LED1 n/XWgL8T/0GRcaJ5safOUg==
20:42:07 /ISIMA/SECRET_AJBIHBAO/CHALLENGE_2/DEFI_4/GROUPE_86/LEDS/LED1 dxGig5MO8rjr2NZtgMuiIQ==
16:34:37 /ISIMA/SECRET_AJBIHBAO/CHALLENGE_2/DEFI_4/GROUPE_86/LEDS/LED1 +3GTa1E92DWSar+UXBDvNg==
17:35:42 /ISIMA/SECRET_AJBIHBAO/CHALLENGE_2/DEFI_4/GROUPE_86/LEDS/LED1 Lib/cqs511q90EPCC+0GeA==
18:07:02 /ISIMA/SECRET_AJBIHBAO/CHALLENGE_2/DEFI_4/GROUPE_86/LEDS/LED1 RVs6TlCQX+za15fffeBKug==
09:54:31 /ISIMA/SECRET_AJBIHBAO/CHALLENGE_2/DEFI_4/GROUPE_86/LEDS/LED1 xwI8syKwKtUj37Iwpvpr2w==
11:48:12 /ISIMA/SECRET_AJBIHBAO/CHALLENGE_2/DEFI_4/GROUPE_86/LEDS/LED1 sz92MAcXNjC1TeRr1YVhZA==
08:23:20 /ISIMA/SECRET_AJBIHBAO/CHALLENGE_2/DEFI_4/GROUPE_86/LEDS/LED1 vlGNMnS7ERP7P4QpwKNASg==
19:17:39 /ISIMA/SECRET_AJBIHBAO/CHALLENGE_2/DEFI_4/GROUPE_86/LEDS/LED1 /AbsJlJf0w9ImqO38irlGg==
09:15:07 /ISIMA/SECRET_AJBIHBAO/CHALLENGE_2/DEFI_4/GROUPE_86/LEDS/LED1 WDCXNkRGgF+NZjeB4UVJjg==
11:38:25 /ISIMA/SECRET_AJBIHBAO/CHALLENGE_2/DEFI_4/GROUPE_86/LEDS/LED1 ICsKR9kAKdryj9Sq2153Sg==
12:41:00 /ISIMA/SECRET_AJBIHBAO/CHALLENGE_2/DEFI_4/GROUPE_86/LEDS/LED1 hXikG8b88uItRXuWcjTnEQ==
02:59:31 /ISIMA/SECRET_AJBIHBAO/CHALLENGE_2/DEFI_4/GROUPE_86/LEDS/LED1 1DiE4Irx2WkMKyM8cSulKg==
06:15:50 /ISIMA/SECRET_AJBIHBAO/CHALLENGE_2/DEFI_4/GROUPE_86/LEDS/LED1 mg4q+vi1wJZTlNIWM582kQ==
19:21:51 /ISIMA/SECRET_AJBIHBAO/CHALLENGE_2/DEFI_4/GROUPE_86/LEDS/LED1 FtgiVnB4tCFAK5rUwpyb2g==
00:00:20 /ISIMA/SECRET_AJBIHBAO/CHALLENGE_2/DEFI_4/GROUPE_86/LEDS/LED1 u5yHbqiUeIVFvL0HBd3vTA==
03:30:46 /ISIMA/SECRET_AJBIHBAO/CHALLENGE_2/DEFI_4/GROUPE_86/LEDS/LED1 yGjy78lHgw4yIaDgl/fFLQ==
04:50:50 /ISIMA/SECRET_AJBIHBAO/CHALLENGE_2/DEFI_4/GROUPE_86/LEDS/LED1 y17CHLMAHc0MLENxigVgIw==
05:12:45 /ISIMA/SECRET_AJBIHBAO/CHALLENGE_2/DEFI_4/GROUPE_86/LEDS/LED1 TPc4OeDyvzSnjgDpYwC6Jw==
07:15:37 /ISIMA/SECRET_AJBIHBAO/CHALLENGE_2/DEFI_4/GROUPE_86/LEDS/LED1 PUTL0i3+Cc63BqC8Y7KWJQ==
17:57:47 /ISIMA/SECRET_AJBIHBAO/CHALLENGE_2/DEFI_4/GROUPE_86/LEDS/LED1 VQu68a5QXQzAZDGxIBMmaw==
08:05:31 /ISIMA/SECRET_AJBIHBAO/CHALLENGE_2/DEFI_4/GROUPE_86/LEDS/LED1 LGsIYU2ELNUH6mi32pHmuQ==
18:54:21 /ISIMA/SECRET_AJBIHBAO/CHALLENGE_2/DEFI_4/GROUPE_86/LEDS/LED1 R+RxwDbdFjZ2prXGC+Y5uw==
15:07:25 /ISIMA/SECRET_AJBIHBAO/CHALLENGE_2/DEFI_4/GROUPE_86/LEDS/LED1 vSHyPDqYK22V6AagUFJ56w==
18:06:26 /ISIMA/SECRET_AJBIHBAO/CHALLENGE_2/DEFI_4/GROUPE_86/LEDS/LED1 vofEw4886LeFoX1MyC4oMw==
07:12:51 /ISIMA/SECRET_AJBIHBAO/CHALLENGE_2/DEFI_4/GROUPE_86/LEDS/LED1 HUfDXTIrP9chE6oGvvJmiA==
05:03:17 /ISIMA/SECRET_AJBIHBAO/CHALLENGE_2/DEFI_4/GROUPE_86/LEDS/LED1 DCfsqLzxZn+xbMajDbWEkw==
19:13:50 /ISIMA/SECRET_AJBIHBAO/CHALLENGE_2/DEFI_4/GROUPE_86/LEDS/LED1 s7S88UghpA9LsuK0ytqf8g==
22:53:14 /ISIMA/SECRET_AJBIHBAO/CHALLENGE_2/DEFI_4/GROUPE_86/LEDS/LED1 hPE41OAfRzPJ4Ux5T6yRJQ==
01:57:57 /ISIMA/SECRET_AJBIHBAO/CHALLENGE_2/DEFI_4/GROUPE_86/LEDS/LED1 2lRojviqhvoZz++qFKRhBQ==
07:46:36 /ISIMA/SECRET_AJBIHBAO/CHALLENGE_2/DEFI_4/GROUPE_86/LEDS/LED1 AfYy1cw7xhKzJs3N/cnD2A==
23:17:15 /ISIMA/SECRET_AJBIHBAO/CHALLENGE_2/DEFI_4/GROUPE_86/LEDS/LED1 pTTero/lEaBfDos/yhUCZw==
17:21:38 /ISIMA/SECRET_AJBIHBAO/CHALLENGE_2/DEFI_4/GROUPE_86/LEDS/LED1 IDrN/XgRkdbYM6rTGXeNQg==
03:21:08 /ISIMA/SECRET_AJBIHBAO/CHALLENGE_2/DEFI_4/GROUPE_86/LEDS/LED1 DxvaypjyLzUsY2I3SqMFag==
01:58:32 /ISIMA/SECRET_AJBIHBAO/CHALLENGE_2/DEFI_4/GROUPE_86/LEDS/LED1 pjUmcASTU4Eqgyh988A0IQ==
17:13:52 /ISIMA/SECRET_AJBIHBAO/CHALLENGE_2/DEFI_4/GROUPE_86/LEDS/LED1 3iNuQSsJpOYtbXNSW0FChg==
19:39:47 /ISIMA/SECRET_AJBIHBAO/CHALLENGE_2/DEFI_4/GROUPE_86/LEDS/LED1 9LhsfeFXvxG5k4DEEDHIDg==
18:20:20 /ISIMA/SECRET_AJBIHBAO/CHALLENGE_2/DEFI_4/GROUPE_86/LEDS/LED1 zpUd8iCZ0rwgIxsYVQiTQA==
01:39:24 /ISIMA/SECRET_AJBIHBAO/CHALLENGE_2/DEFI_4/GROUPE_86/LEDS/LED1 anqJFbT75ZHE9+35yv6Mrg==
10:17:50 /ISIMA/SECRET_AJBIHBAO/CHALLENGE_2/DEFI_4/GROUPE_86/LEDS/LED1 1V2jMX/3iXEeuBegA+6Mjw==
01:33:56 /ISIMA/SECRET_AJBIHBAO/CHALLENGE_2/DEFI_4/GROUPE_86/LEDS/LED1 JR63ANj6kk7tf7IcC9kI+A==
02:27:39 /ISIMA/SECRET_AJBIHBAO/CHALLENGE_2/DEFI_4/GROUPE_86/LEDS/LED1 lePn91U5FwyAeVvDvlAW5A==
04:33:29 /ISIMA/SECRET_AJBIHBAO/CHALLENGE_2/DEFI_4/GROUPE_86/LEDS/LED1 h0Nh6f21a6d/6WH73Ylpmg==
13:11:38 /ISIMA/SECRET_AJBIHBAO/CHALLENGE_2/DEFI_4/GROUPE_86/LEDS/LED1 PQ8uRr8Ou+zvFGVMfTEdgg==
05:23:10 /ISIMA/SECRET_AJBIHBAO/CHALLENGE_2/DEFI_4/GROUPE_86/LEDS/LED1 gE8DfvSa76FfYj13g3XFxg==
23:09:22 /ISIMA/SECRET_AJBIHBAO/CHALLENGE_2/DEFI_4/GROUPE_86/LEDS/LED1 rqgjC/RwLUyqMkvH92Nf2Q==
14:36:53 /ISIMA/SECRET_AJBIHBAO/CHALLENGE_2/DEFI_4/GROUPE_86/LEDS/LED1 pa+vkQpeqNpnigoRGKEQPQ==
12:07:13 /ISIMA/SECRET_AJBIHBAO/CHALLENGE_2/DEFI_4/GROUPE_86/LEDS/LED1 CSz0uYxUrfBEJhgmRlwfXA==
13:06:52 /ISIMA/SECRET_AJBIHBAO/CHALLENGE_2/DEFI_4/GROUPE_86/LEDS/LED1 iEO3tn9IYK2HNhfobeoYDg==
17:58:14 /ISIMA/SECRET_AJBIHBAO/CHALLENGE_2/DEFI_4/GROUPE_86/LEDS/LED1 BQboDCFpVMRgB6vDYT34XQ==
01:28:18 /ISIMA/SECRET_AJBIHBAO/CHALLENGE_2/DEFI_4/GROUPE_86/LEDS/LED1 aOisluXB6YWICPe7zVdgxQ==
23:24:45 /ISIMA/SECRET_AJBIHBAO/CHALLENGE_2/DEFI_4/GROUPE_86/LEDS/LED1 hvtYYqoBa9vdqmRWxAfyjg==
00:40:05 /ISIMA/SECRET_AJBIHBAO/CHALLENGE_2/DEFI_4/GROUPE_86/LEDS/LED1 sOfWsqYXbEyFSUq15ppkiA==
04:55:16 /ISIMA/SECRET_AJBIHBAO/CHALLENGE_2/DEFI_4/GROUPE_86/LEDS/LED1 QcokjpGtquJygIK33ZehCA==
07:17:47 /ISIMA/SECRET_AJBIHBAO/CHALLENGE_2/DEFI_4/GROUPE_86/LEDS/LED1 b/vXKXzYHBcq13T6CeAyGA==
05:40:42 /ISIMA/SECRET_AJBIHBAO/CHALLENGE_2/DEFI_4/GROUPE_86/LEDS/LED1 TzE1hGZV/B4QUdHWm+UlYw==
13:02:14 /ISIMA/SECRET_AJBIHBAO/CHALLENGE_2/DEFI_4/GROUPE_86/LEDS/LED1 SulC18HVookAqKokdt6fdA==
14:45:54 /ISIMA/SECRET_AJBIHBAO/CHALLENGE_2/DEFI_4/GROUPE_86/LEDS/LED1 1mHh09lbCIlhDc7FWMYllA==
22:54:51 /ISIMA/SECRET_AJBIHBAO/CHALLENGE_2/DEFI_4/GROUPE_86/LEDS/LED1 sTy/ywz/nojbuu3eFjgyGQ==
23:39:19 /ISIMA/SECRET_AJBIHBAO/CHALLENGE_2/DEFI_4/GROUPE_86/LEDS/LED1 E6CZe5HlbtUHg4RNVNJNqQ==
10:47:23 /ISIMA/SECRET_AJBIHBAO/CHALLENGE_2/DEFI_4/GROUPE_86/LEDS/LED1 lRPJlv3NQlfo/B2vRTSFEQ==
09:58:41 /ISIMA/SECRET_AJBIHBAO/CHALLENGE_2/DEFI_4/GROUPE_86/LEDS/LED1 dHXj4HPgE6aUpbYhffi5Yg==
12:29:00 /ISIMA/SECRET_AJBIHBAO/CHALLENGE_2/DEFI_4/GROUPE_86/LEDS/LED1 bkb4QbELVEOH9+ZD285fzQ==
15:11:54 /ISIMA/SECRET_AJBIHBAO/CHALLENGE_2/DEFI_4/GROUPE_86/LEDS/LED1 dxCw3xKkW0S9rALyT7MJWg==
22:42:25 /ISIMA/SECRET_AJBIHBAO/CHALLENGE_2/DEFI_4/GROUPE_86/LEDS/LED1 lQiIneALc6hshy7gFnDDBA==
00:24:11 /ISIMA/SECRET_AJBIHBAO/CHALLENGE_2/DEFI_4/GROUPE_86/LEDS/LED1 nBsOuEFdCknYr27Pa155IQ==
10:54:17 /ISIMA/SECRET_AJBIHBAO/CHALLENGE_2/DEFI_4/GROUPE_86/LEDS/LED1 ZRfOKUxyNNwhq68//7AL0g==
04:35:05 /ISIMA/SECRET_AJBIHBAO/CHALLENGE_2/DEFI_4/GROUPE_86/LEDS/LED1 AmjqpY3Bb19x7YFwhkkxrA==
12:01:50 /ISIMA/SECRET_AJBIHBAO/CHALLENGE_2/DEFI_4/GROUPE_86/LEDS/LED1 kfTu4vy/gWx076Zm/cQ+zw==
02:27:20 /ISIMA/SECRET_AJBIHBAO/CHALLENGE_2/DEFI_4/GROUPE_86/LEDS/LED1 JJdK3jfNNEwGI8DXEi/D/A==
01:15:03 /ISIMA/SECRET_AJBIHBAO/CHALLENGE_2/DEFI_4/GROUPE_86/LEDS/LED1 xXrzIWG+ipl/t/n1X32LPQ==
22:23:26 /ISIMA/SECRET_AJBIHBAO/CHALLENGE_2/DEFI_4/GROUPE_86/LEDS/LED1 piw43wLBC+4f4T3taQo0wg==
03:23:22 /ISIMA/SECRET_AJBIHBAO/CHALLENGE_2/DEFI_4/GROUPE_86/LEDS/LED1 slvfXflOcFZcNKUS2W/9Iw==
04:15:30 /ISIMA/SECRET_AJBIHBAO/CHALLENGE_2/DEFI_4/GROUPE_86/LEDS/LED1 9AhYoB8owXrVPWa77dRgYg==
08:43:42 /ISIMA/SECRET_AJBIHBAO/CHALLENGE_2/DEFI_4/GROUPE_86/LEDS/LED1 gXjuom3V2aH0MU9Bi7K2xg==
09:02:35 /ISIMA/SECRET_AJBIHBAO/CHALLENGE_2/DEFI_4/GROUPE_86/LEDS/LED1 nA8osdRy1nMrzEL03a5yKw==
10:12:46 /ISIMA/SECRET_AJBIHBAO/CHALLENGE_2/DEFI_4/GROUPE_86/LEDS/LED1 jPmMNqmuImwb5Abdiy3t7g==
06:56:08 /ISIMA/SECRET_AJBIHBAO/CHALLENGE_2/DEFI_4/GROUPE_86/LEDS/LED1 iKe+FZSo2GelKURw6cyoWQ==
11:25:20 /ISIMA/SECRET_AJBIHBAO/CHALLENGE_2/DEFI_4/GROUPE_86/LEDS/LED1 hy3EmWmMuEMxdDI8fYXO9w==
12:51:26 /ISIMA/SECRET_AJBIHBAO/CHALLENGE_2/DEFI_4/GROUPE_86/LEDS/LED1 07P2/PYa8m4fXhLYU1DkxA==
12:31:37 /ISIMA/SECRET_AJBIHBAO/CHALLENGE_2/DEFI_4/GROUPE_86/LEDS/LED1 igU5yCS5jNYeA/NbU+5crw==
00:36:14 /ISIMA/SECRET_AJBIHBAO/CHALLENGE_2/DEFI_4/GROUPE_86/LEDS/LED1 ZiTRWwo1h+pD0iHZXrmFVA==
23:18:18 /ISIMA/SECRET_AJBIHBAO/CHALLENGE_2/DEFI_4/GROUPE_86/LEDS/LED1 XRfNILqk8tWyJKddOv1y+Q==
01:08:17 /ISIMA/SECRET_AJBIHBAO/CHALLENGE_2/DEFI_4/GROUPE_86/LEDS/LED1 Sxmul8GHqTeGPPCSVKfnmA==
03:17:00 /ISIMA/SECRET_AJBIHBAO/CHALLENGE_2/DEFI_4/GROUPE_86/LEDS/LED1 TRH0i8JvIhXPE4oTMSy4aw==
03:53:59 /ISIMA/SECRET_AJBIHBAO/CHALLENGE_2/DEFI_4/GROUPE_86/LEDS/LED1 OUX95KIfTGkZBs5uTQIHRA==
07:41:46 /ISIMA/SECRET_AJBIHBAO/CHALLENGE_2/DEFI_4/GROUPE_86/LEDS/LED1 ouhWUQHSEEAja71HqnHztQ==
10:31:05 /ISIMA/SECRET_AJBIHBAO/CHALLENGE_2/DEFI_4/GROUPE_86/LEDS/LED1 OmkdQT9+2MYDN57ACGTlpQ==
13:34:53 /ISIMA/SECRET_AJBIHBAO/CHALLENGE_2/DEFI_4/GROUPE_86/LEDS/LED1 1k5JrK8vgAs9A1jzUV9w3Q==
21:29:51 /ISIMA/SECRET_AJBIHBAO/CHALLENGE_2/DEFI_4/GROUPE_86/LEDS/LED1 nIwcaxdiindMJ4LlBmnapw==
00:23:39 /ISIMA/SECRET_AJBIHBAO/CHALLENGE_2/DEFI_4/GROUPE_86/LEDS/LED1 6FKwovUwf4xIsAN2vNC0LQ==
02:01:57 /ISIMA/SECRET_AJBIHBAO/CHALLENGE_2/DEFI_4/GROUPE_86/LEDS/LED1 JPS+Y7rqSn4lM2uR19rn9A==
20:12:58 /ISIMA/SECRET_AJBIHBAO/CHALLENGE_2/DEFI_4/GROUPE_86/LEDS/LED1 0h/Z1Kv2lhx32Zs3fqaCTg==
20:41:30 /ISIMA/SECRET_AJBIHBAO/CHALLENGE_2/DEFI_4/GROUPE_86/LEDS/LED1 WFRy9x4uVLlFFUidMATajA==
20:59:55 /ISIMA/SECRET_AJBIHBAO/CHALLENGE_2/DEFI_4/GROUPE_86/LEDS/LED1 CdZ7Dful8oPsVABsLz8juQ==
08:36:38 /ISIMA/SECRET_AJBIHBAO/CHALLENGE_2/DEFI_4/GROUPE_86/LEDS/LED1 aaiXE0wRMIgfDu9kFwuzDQ==
12:15:19 /ISIMA/SECRET_AJBIHBAO/CHALLENGE_2/DEFI_4/GROUPE_86/LEDS/LED1 XfhPSbH7LihbHmLmeJj9jw==
19:25:17 /ISIMA/SECRET_AJBIHBAO/CHALLENGE_2/DEFI_4/GROUPE_86/LEDS/LED1 Ok1pixVEzpRfcizyY98RhQ==
19:23:10 /ISIMA/SECRET_AJBIHBAO/CHALLENGE_2/DEFI_4/GROUPE_86/LEDS/LED1 E4UNuNUHTEssX3cnQZTq6w==
05:15:23 /ISIMA/SECRET_AJBIHBAO/CHALLENGE_2/DEFI_4/GROUPE_86/LEDS/LED1 nKIHpNyuuRtPLs7Xsgfc8A==
16:46:32 /ISIMA/SECRET_AJBIHBAO/CHALLENGE_2/DEFI_4/GROUPE_86/LEDS/LED1 eudMsKRGYzzgbtzO5hT+tg==
05:34:38 /ISIMA/SECRET_AJBIHBAO/CHALLENGE_2/DEFI_4/GROUPE_86/LEDS/LED1 eAUpRet0a+l2RbowfBZlxw==
06:13:37 /ISIMA/SECRET_AJBIHBAO/CHALLENGE_2/DEFI_4/GROUPE_86/LEDS/LED1 u/kYzCHX6TwapkbaoZvFFw==
07:01:41 /ISIMA/SECRET_AJBIHBAO/CHALLENGE_2/DEFI_4/GROUPE_86/LEDS/LED1 n/XWgL8T/0GRcaJ5safOUg==
06:49:53 /ISIMA/SECRET_AJBIHBAO/CHALLENGE_2/DEFI_4/GROUPE_86/LEDS/LED1 dxGig5MO8rjr2NZtgMuiIQ==
07:49:23 /ISIMA/SECRET_AJBIHBAO/CHALLENGE_2/DEFI_4/GROUPE_86/LEDS/LED1 +3GTa1E92DWSar+UXBDvNg==
09:25:48 /ISIMA/SECRET_AJBIHBAO/CHALLENGE_2/DEFI_4/GROUPE_86/LEDS/LED1 Lib/cqs511q90EPCC+0GeA==
20:56:41 /ISIMA/SECRET_AJBIHBAO/CHALLENGE_2/DEFI_4/GROUPE_86/LEDS/LED1 RVs6TlCQX+za15fffeBKug==
15:57:56 /ISIMA/SECRET_AJBIHBAO/CHALLENGE_2/DEFI_4/GROUPE_86/LEDS/LED1 xwI8syKwKtUj37Iwpvpr2w==
00:02:33 /ISIMA/SECRET_AJBIHBAO/CHALLENGE_2/DEFI_4/GROUPE_86/LEDS/LED1 sz92MAcXNjC1TeRr1YVhZA==
03:37:35 /ISIMA/SECRET_AJBIHBAO/CHALLENGE_2/DEFI_4/GROUPE_86/LEDS/LED1 vlGNMnS7ERP7P4QpwKNASg==
01:08:47 /ISIMA/SECRET_AJBIHBAO/CHALLENGE_2/DEFI_4/GROUPE_86/LEDS/LED1 /AbsJlJf0w9ImqO38irlGg==
06:56:37 /ISIMA/SECRET_AJBIHBAO/CHALLENGE_2/DEFI_4/GROUPE_86/LEDS/LED1 WDCXNkRGgF+NZjeB4UVJjg==
15:42:11 /ISIMA/SECRET_AJBIHBAO/CHALLENGE_2/DEFI_4/GROUPE_86/LEDS/LED1 ICsKR9kAKdryj9Sq2153Sg==
18:54:56 /ISIMA/SECRET_AJBIHBAO/CHALLENGE_2/DEFI_4/GROUPE_86/LEDS/LED1 hXikG8b88uItRXuWcjTnEQ==
21:20:26 /ISIMA/SECRET_AJBIHBAO/CHALLENGE_2/DEFI_4/GROUPE_86/LEDS/LED1 1DiE4Irx2WkMKyM8cSulKg==
19:30:09 /ISIMA/SECRET_AJBIHBAO/CHALLENGE_2/DEFI_4/GROUPE_86/LEDS/LED1 mg4q+vi1wJZTlNIWM582kQ==
23:13:09 /ISIMA/SECRET_AJBIHBAO/CHALLENGE_2/DEFI_4/GROUPE_86/LEDS/LED1 FtgiVnB4tCFAK5rUwpyb2g==
23:45:10 /ISIMA/SECRET_AJBIHBAO/CHALLENGE_2/DEFI_4/GROUPE_86/LEDS/LED1 u5yHbqiUeIVFvL0HBd3vTA==
20:51:44 /ISIMA/SECRET_AJBIHBAO/CHALLENGE_2/DEFI_4/GROUPE_86/LEDS/LED1 yGjy78lHgw4yIaDgl/fFLQ==
20:08:53 /ISIMA/SECRET_AJBIHBAO/CHALLENGE_2/DEFI_4/GROUPE_86/LEDS/LED1 y17CHLMAHc0MLENxigVgIw==
02:06:21 /ISIMA/SECRET_AJBIHBAO/CHALLENGE_2/DEFI_4/GROUPE_86/LEDS/LED1 TPc4OeDyvzSnjgDpYwC6Jw==
11:59:42 /ISIMA/SECRET_AJBIHBAO/CHALLENGE_2/DEFI_4/GROUPE_86/LEDS/LED1 PUTL0i3+Cc63BqC8Y7KWJQ==
14:56:05 /ISIMA/SECRET_AJBIHBAO/CHALLENGE_2/DEFI_4/GROUPE_86/LEDS/LED1 VQu68a5QXQzAZDGxIBMmaw==
14:29:06 /ISIMA/SECRET_AJBIHBAO/CHALLENGE_2/DEFI_4/GROUPE_86/LEDS/LED1 LGsIYU2ELNUH6mi32pHmuQ==
07:39:27 /ISIMA/SECRET_AJBIHBAO/CHALLENGE_2/DEFI_4/GROUPE_86/LEDS/LED1 R+RxwDbdFjZ2prXGC+Y5uw==
20:01:24 /ISIMA/SECRET_AJBIHBAO/CHALLENGE_2/DEFI_4/GROUPE_86/LEDS/LED1 vSHyPDqYK22V6AagUFJ56w==
22:05:11 /ISIMA/SECRET_AJBIHBAO/CHALLENGE_2/DEFI_4/GROUPE_86/LEDS/LED1 vofEw4886LeFoX1MyC4oMw==
17:57:37 /ISIMA/SECRET_AJBIHBAO/CHALLENGE_2/DEFI_4/GROUPE_86/LEDS/LED1 HUfDXTIrP9chE6oGvvJmiA==
23:30:57 /ISIMA/SECRET_AJBIHBAO/CHALLENGE_2/DEFI_4/GROUPE_86/LEDS/LED1 DCfsqLzxZn+xbMajDbWEkw==
14:47:55 /ISIMA/SECRET_AJBIHBAO/CHALLENGE_2/DEFI_4/GROUPE_86/LEDS/LED1 s7S88UghpA9LsuK0ytqf8g==
08:18:11 /ISIMA/SECRET_AJBIHBAO/CHALLENGE_2/DEFI_4/GROUPE_86/LEDS/LED1 hPE41OAfRzPJ4Ux5T6yRJQ==
14:22:52 /ISIMA/SECRET_AJBIHBAO/CHALLENGE_2/DEFI_4/GROUPE_86/LEDS/LED1 2lRojviqhvoZz++qFKRhBQ==
18:50:45 /ISIMA/SECRET_AJBIHBAO/CHALLENGE_2/DEFI_4/GROUPE_86/LEDS/LED1 AfYy1cw7xhKzJs3N/cnD2A==
11:29:46 /ISIMA/SECRET_AJBIHBAO/CHALLENGE_2/DEFI_4/GROUPE_86/LEDS/LED1 pTTero/lEaBfDos/yhUCZw==
16:47:27 /ISIMA/SECRET_AJBIHBAO/CHALLENGE_2/DEFI_4/GROUPE_86/LEDS/LED1 IDrN/XgRkdbYM6rTGXeNQg==
03:56:37 /ISIMA/SECRET_AJBIHBAO/CHALLENGE_2/DEFI_4/GROUPE_86/LEDS/LED1 DxvaypjyLzUsY2I3SqMFag==
01:42:53 /ISIMA/SECRET_AJBIHBAO/CHALLENGE_2/DEFI_4/GROUPE_86/LEDS/LED1 pjUmcASTU4Eqgyh988A0IQ==
05:55:25 /ISIMA/SECRET_AJBIHBAO/CHALLENGE_2/DEFI_4/GROUPE_86/LEDS/LED1 3iNuQSsJpOYtbXNSW0FChg==
01:53:01 /ISIMA/SECRET_AJBIHBAO/CHALLENGE_2/DEFI_4/GROUPE_86/LEDS/LED1 9LhsfeFXvxG5k4DEEDHIDg==
08:13:32 /ISIMA/SECRET_AJBIHBAO/CHALLENGE_2/DEFI_4/GROUPE_86/LEDS/LED1 zpUd8iCZ0rwgIxsYVQiTQA==
18:40:59 /ISIMA/SECRET_AJBIHBAO/CHALLENGE_2/DEFI_4/GROUPE_86/LEDS/LED1 anqJFbT75ZHE9+35yv6Mrg==
19:20:37 /ISIMA/SECRET_AJBIHBAO/CHALLENGE_2/DEFI_4/GROUPE_86/LEDS/LED1 1V2jMX/3iXEeuBegA+6Mjw==
05:30:27 /ISIMA/SECRET_AJBIHBAO/CHALLENGE_2/DEFI_4/GROUPE_86/LEDS/LED1 JR63ANj6kk7tf7IcC9kI+A==
02:04:54 /ISIMA/SECRET_AJBIHBAO/CHALLENGE_2/DEFI_4/GROUPE_86/LEDS/LED1 lePn91U5FwyAeVvDvlAW5A==
04:45:58 /ISIMA/SECRET_AJBIHBAO/CHALLENGE_2/DEFI_4/GROUPE_86/LEDS/LED1 h0Nh6f21a6d/6WH73Ylpmg==
17:40:29 /ISIMA/SECRET_AJBIHBAO/CHALLENGE_2/DEFI_4/GROUPE_86/LEDS/LED1 PQ8uRr8Ou+zvFGVMfTEdgg==
20:04:16 /ISIMA/SECRET_AJBIHBAO/CHALLENGE_2/DEFI_4/GROUPE_86/LEDS/LED1 gE8DfvSa76FfYj13g3XFxg==
11:01:10 /ISIMA/SECRET_AJBIHBAO/CHALLENGE_2/DEFI_4/GROUPE_86/LEDS/LED1 rqgjC/RwLUyqMkvH92Nf2Q==
17:46:02 /ISIMA/SECRET_AJBIHBAO/CHALLENGE_2/DEFI_4/GROUPE_86/LEDS/LED1 pa+vkQpeqNpnigoRGKEQPQ==
01:07:19 /ISIMA/SECRET_AJBIHBAO/CHALLENGE_2/DEFI_4/GROUPE_86/LEDS/LED1 CSz0uYxUrfBEJhgmRlwfXA==
13:24:48 /ISIMA/SECRET_AJBIHBAO/CHALLENGE_2/DEFI_4/GROUPE_86/LEDS/LED1 iEO3tn9IYK2HNhfobeoYDg==
09:37:25 /ISIMA/SECRET_AJBIHBAO/CHALLENGE_2/DEFI_4/GROUPE_86/LEDS/LED1 BQboDCFpVMRgB6vDYT34XQ==
07:04:35 /ISIMA/SECRET_AJBIHBAO/CHALLENGE_2/DEFI_4/GROUPE_86/LEDS/LED1 aOisluXB6YWICPe7zVdgxQ==
21:56:01 /ISIMA/SECRET_AJBIHBAO/CHALLENGE_2/DEFI_4/GROUPE_86/LEDS/LED1 hvtYYqoBa9vdqmRWxAfyjg==
12:16:06 /ISIMA/SECRET_AJBIHBAO/CHALLENGE_2/DEFI_4/GROUPE_86/LEDS/LED1 sOfWsqYXbEyFSUq15ppkiA==
10:37:09 /ISIMA/SECRET_AJBIHBAO/CHALLENGE_2/DEFI_4/GROUPE_86/LEDS/LED1 QcokjpGtquJygIK33ZehCA==
19:24:33 /ISIMA/SECRET_AJBIHBAO/CHALLENGE_2/DEFI_4/GROUPE_86/LEDS/LED1 b/vXKXzYHBcq13T6CeAyGA==
23:18:41 /ISIMA/SECRET_AJBIHBAO/CHALLENGE_2/DEFI_4/GROUPE_86/LEDS/LED1 TzE1hGZV/B4QUdHWm+UlYw==
00:35:55 /ISIMA/SECRET_AJBIHBAO/CHALLENGE_2/DEFI_4/GROUPE_86/LEDS/LED1 SulC18HVookAqKokdt6fdA==
14:39:11 /ISIMA/SECRET_AJBIHBAO/CHALLENGE_2/DEFI_4/GROUPE_86/LEDS/LED1 1mHh09lbCIlhDc7FWMYllA==
02:39:53 /ISIMA/SECRET_AJBIHBAO/CHALLENGE_2/DEFI_4/GROUPE_86/LEDS/LED1 sTy/ywz/nojbuu3eFjgyGQ==
20:50:21 /ISIMA/SECRET_AJBIHBAO/CHALLENGE_2/DEFI_4/GROUPE_86/LEDS/LED1 E6CZe5HlbtUHg4RNVNJNqQ==
06:33:17 /ISIMA/SECRET_AJBIHBAO/CHALLENGE_2/DEFI_4/GROUPE_86/LEDS/LED1 lRPJlv3NQlfo/B2vRTSFEQ==
03:03:28 /ISIMA/SECRET_AJBIHBAO/CHALLENGE_2/DEFI_4/GROUPE_86/LEDS/LED1 dHXj4HPgE6aUpbYhffi5Yg==
04:17:29 /ISIMA/SECRET_AJBIHBAO/CHALLENGE_2/DEFI_4/GROUPE_86/LEDS/LED1 bkb4QbELVEOH9+ZD285fzQ==
06:04:08 /ISIMA/SECRET_AJBIHBAO/CHALLENGE_2/DEFI_4/GROUPE_86/LEDS/LED1 dxCw3xKkW0S9rALyT7MJWg==
08:07:29 /ISIMA/SECRET_AJBIHBAO/CHALLENGE_2/DEFI_4/GROUPE_86/LEDS/LED1 lQiIneALc6hshy7gFnDDBA==
19:55:00 /ISIMA/SECRET_AJBIHBAO/CHALLENGE_2/DEFI_4/GROUPE_86/LEDS/LED1 nBsOuEFdCknYr27Pa155IQ==
08:02:02 /ISIMA/SECRET_AJBIHBAO/CHALLENGE_2/DEFI_4/GROUPE_86/LEDS/LED1 ZRfOKUxyNNwhq68//7AL0g==
09:15:05 /ISIMA/SECRET_AJBIHBAO/CHALLENGE_2/DEFI_4/GROUPE_86/LEDS/LED1 AmjqpY3Bb19x7YFwhkkxrA==
09:50:51 /ISIMA/SECRET_AJBIHBAO/CHALLENGE_2/DEFI_4/GROUPE_86/LEDS/LED1 kfTu4vy/gWx076Zm/cQ+zw==
18:32:13 /ISIMA/SECRET_AJBIHBAO/CHALLENGE_2/DEFI_4/GROUPE_86/LEDS/LED1 JJdK3jfNNEwGI8DXEi/D/A==
11:23:36 /ISIMA/SECRET_AJBIHBAO/CHALLENGE_2/DEFI_4/GROUPE_86/LEDS/LED1 xXrzIWG+ipl/t/n1X32LPQ==
21:03:24 /ISIMA/SECRET_AJBIHBAO/CHALLENGE_2/DEFI_4/GROUPE_86/LEDS/LED1 piw43wLBC+4f4T3taQo0wg==
09:52:07 /ISIMA/SECRET_AJBIHBAO/CHALLENGE_2/DEFI_4/GROUPE_86/LEDS/LED1 slvfXflOcFZcNKUS2W/9Iw==
08:55:33 /ISIMA/SECRET_AJBIHBAO/CHALLENGE_2/DEFI_4/GROUPE_86/LEDS/LED1 9AhYoB8owXrVPWa77dRgYg==
07:03:59 /ISIMA/SECRET_AJBIHBAO/CHALLENGE_2/DEFI_4/GROUPE_86/LEDS/LED1 gXjuom3V2aH0MU9Bi7K2xg==
11:33:28 /ISIMA/SECRET_AJBIHBAO/CHALLENGE_2/DEFI_4/GROUPE_86/LEDS/LED1 nA8osdRy1nMrzEL03a5yKw==
11:40:23 /ISIMA/SECRET_AJBIHBAO/CHALLENGE_2/DEFI_4/GROUPE_86/LEDS/LED1 jPmMNqmuImwb5Abdiy3t7g==
06:26:57 /ISIMA/SECRET_AJBIHBAO/CHALLENGE_2/DEFI_4/GROUPE_86/LEDS/LED1 iKe+FZSo2GelKURw6cyoWQ==
12:00:39 /ISIMA/SECRET_AJBIHBAO/CHALLENGE_2/DEFI_4/GROUPE_86/LEDS/LED1 hy3EmWmMuEMxdDI8fYXO9w==
15:55:17 /ISIMA/SECRET_AJBIHBAO/CHALLENGE_2/DEFI_4/GROUPE_86/LEDS/LED1 07P2/PYa8m4fXhLYU1DkxA==
18:00:37 /ISIMA/SECRET_AJBIHBAO/CHALLENGE_2/DEFI_4/GROUPE_86/LEDS/LED1 igU5yCS5jNYeA/NbU+5crw==
05:17:35 /ISIMA/SECRET_AJBIHBAO/CHALLENGE_2/DEFI_4/GROUPE_86/LEDS/LED1 ZiTRWwo1h+pD0iHZXrmFVA==
05:52:44 /ISIMA/SECRET_AJBIHBAO/CHALLENGE_2/DEFI_4/GROUPE_86/LEDS/LED1 XRfNILqk8tWyJKddOv1y+Q==
21:33:33 /ISIMA/SECRET_AJBIHBAO/CHALLENGE_2/DEFI_4/GROUPE_86/LEDS/LED1 Sxmul8GHqTeGPPCSVKfnmA==
13:47:27 /ISIMA/SECRET_AJBIHBAO/CHALLENGE_2/DEFI_4/GROUPE_86/LEDS/LED1 TRH0i8JvIhXPE4oTMSy4aw==
19:29:10 /ISIMA/SECRET_AJBIHBAO/CHALLENGE_2/DEFI_4/GROUPE_86/LEDS/LED1 OUX95KIfTGkZBs5uTQIHRA==
23:42:00 /ISIMA/SECRET_AJBIHBAO/CHALLENGE_2/DEFI_4/GROUPE_86/LEDS/LED1 ouhWUQHSEEAja71HqnHztQ==
16:58:53 /ISIMA/SECRET_AJBIHBAO/CHALLENGE_2/DEFI_4/GROUPE_86/LEDS/LED1 OmkdQT9+2MYDN57ACGTlpQ==
20:14:43 /ISIMA/SECRET_AJBIHBAO/CHALLENGE_2/DEFI_4/GROUPE_86/LEDS/LED1 1k5JrK8vgAs9A1jzUV9w3Q==
12:35:08 /ISIMA/SECRET_AJBIHBAO/CHALLENGE_2/DEFI_4/GROUPE_86/LEDS/LED1 nIwcaxdiindMJ4LlBmnapw==
23:07:40 /ISIMA/SECRET_AJBIHBAO/CHALLENGE_2/DEFI_4/GROUPE_86/LEDS/LED1 6FKwovUwf4xIsAN2vNC0LQ==
02:25:41 /ISIMA/SECRET_AJBIHBAO/CHALLENGE_2/DEFI_4/GROUPE_86/LEDS/LED1 JPS+Y7rqSn4lM2uR19rn9A==
14:19:56 /ISIMA/SECRET_AJBIHBAO/CHALLENGE_2/DEFI_4/GROUPE_86/LEDS/LED1 0h/Z1Kv2lhx32Zs3fqaCTg==
05:02:01 /ISIMA/SECRET_AJBIHBAO/CHALLENGE_2/DEFI_4/GROUPE_86/LEDS/LED1 WFRy9x4uVLlFFUidMATajA==
06:18:41 /ISIMA/SECRET_AJBIHBAO/CHALLENGE_2/DEFI_4/GROUPE_86/LEDS/LED1 CdZ7Dful8oPsVABsLz8juQ==
02:30:41 /ISIMA/SECRET_AJBIHBAO/CHALLENGE_2/DEFI_4/GROUPE_86/LEDS/LED1 aaiXE0wRMIgfDu9kFwuzDQ==
04:47:57 /ISIMA/SECRET_AJBIHBAO/CHALLENGE_2/DEFI_4/GROUPE_86/LEDS/LED1 XfhPSbH7LihbHmLmeJj9jw==
09:58:56 /ISIMA/SECRET_AJBIHBAO/CHALLENGE_2/DEFI_4/GROUPE_86/LEDS/LED1 Ok1pixVEzpRfcizyY98RhQ==
02:04:57 /ISIMA/SECRET_AJBIHBAO/CHALLENGE_2/DEFI_4/GROUPE_86/LEDS/LED1 E4UNuNUHTEssX3cnQZTq6w==
05:44:21 /ISIMA/SECRET_AJBIHBAO/CHALLENGE_2/DEFI_4/GROUPE_86/LEDS/LED1 nKIHpNyuuRtPLs7Xsgfc8A==
11:38:19 /ISIMA/SECRET_AJBIHBAO/CHALLENGE_2/DEFI_4/GROUPE_86/LEDS/LED1 eudMsKRGYzzgbtzO5hT+tg==
12:20:18 /ISIMA/SECRET_AJBIHBAO/CHALLENGE_2/DEFI_4/GROUPE_86/LEDS/LED1 eAUpRet0a+l2RbowfBZlxw==
10:47:05 /ISIMA/SECRET_AJBIHBAO/CHALLENGE_2/DEFI_4/GROUPE_86/LEDS/LED1 u/kYzCHX6TwapkbaoZvFFw==
12:00:13 /ISIMA/SECRET_AJBIHBAO/CHALLENGE_2/DEFI_4/GROUPE_86/LEDS/LED1 n/XWgL8T/0GRcaJ5safOUg==
03:52:37 /ISIMA/SECRET_AJBIHBAO/CHALLENGE_2/DEFI_4/GROUPE_86/LEDS/LED1 dxGig5MO8rjr2NZtgMuiIQ==
11:45:53 /ISIMA/SECRET_AJBIHBAO/CHALLENGE_2/DEFI_4/GROUPE_86/LEDS/LED1 +3GTa1E92DWSar+UXBDvNg==
14:03:21 /ISIMA/SECRET_AJBIHBAO/CHALLENGE_2/DEFI_4/GROUPE_86/LEDS/LED1 Lib/cqs511q90EPCC+0GeA==
09:12:58 /ISIMA/SECRET_AJBIHBAO/CHALLENGE_2/DEFI_4/GROUPE_86/LEDS/LED1 RVs6TlCQX+za15fffeBKug==
18:33:34 /ISIMA/SECRET_AJBIHBAO/CHALLENGE_2/DEFI_4/GROUPE_86/LEDS/LED1 xwI8syKwKtUj37Iwpvpr2w==
11:27:08 /ISIMA/SECRET_AJBIHBAO/CHALLENGE_2/DEFI_4/GROUPE_86/LEDS/LED1 sz92MAcXNjC1TeRr1YVhZA==
01:56:43 /ISIMA/SECRET_AJBIHBAO/CHALLENGE_2/DEFI_4/GROUPE_86/LEDS/LED1 vlGNMnS7ERP7P4QpwKNASg==
00:36:32 /ISIMA/SECRET_AJBIHBAO/CHALLENGE_2/DEFI_4/GROUPE_86/LEDS/LED1 /AbsJlJf0w9ImqO38irlGg==
23:38:49 /ISIMA/SECRET_AJBIHBAO/CHALLENGE_2/DEFI_4/GROUPE_86/LEDS/LED1 WDCXNkRGgF+NZjeB4UVJjg==
13:13:35 /ISIMA/SECRET_AJBIHBAO/CHALLENGE_2/DEFI_4/GROUPE_86/LEDS/LED1 ICsKR9kAKdryj9Sq2153Sg==
11:35:02 /ISIMA/SECRET_AJBIHBAO/CHALLENGE_2/DEFI_4/GROUPE_86/LEDS/LED1 hXikG8b88uItRXuWcjTnEQ==
13:07:47 /ISIMA/SECRET_AJBIHBAO/CHALLENGE_2/DEFI_4/GROUPE_86/LEDS/LED1 1DiE4Irx2WkMKyM8cSulKg==
08:04:32 /ISIMA/SECRET_AJBIHBAO/CHALLENGE_2/DEFI_4/GROUPE_86/LEDS/LED1 mg4q+vi1wJZTlNIWM582kQ==
12:10:55 /ISIMA/SECRET_AJBIHBAO/CHALLENGE_2/DEFI_4/GROUPE_86/LEDS/LED1 FtgiVnB4tCFAK5rUwpyb2g==
16:35:44 /ISIMA/SECRET_AJBIHBAO/CHALLENGE_2/DEFI_4/GROUPE_86/LEDS/LED1 u5yHbqiUeIVFvL0HBd3vTA==
16:31:28 /ISIMA/SECRET_AJBIHBAO/CHALLENGE_2/DEFI_4/GROUPE_86/LEDS/LED1 yGjy78lHgw4yIaDgl/fFLQ==
18:43:11 /ISIMA/SECRET_AJBIHBAO/CHALLENGE_2/DEFI_4/GROUPE_86/LEDS/LED1 y17CHLMAHc0MLENxigVgIw==
03:12:14 /ISIMA/SECRET_AJBIHBAO/CHALLENGE_2/DEFI_4/GROUPE_86/LEDS/LED1 TPc4OeDyvzSnjgDpYwC6Jw==
09:29:36 /ISIMA/SECRET_AJBIHBAO/CHALLENGE_2/DEFI_4/GROUPE_86/LEDS/LED1 PUTL0i3+Cc63BqC8Y7KWJQ==
06:47:54 /ISIMA/SECRET_AJBIHBAO/CHALLENGE_2/DEFI_4/GROUPE_86/LEDS/LED1 VQu68a5QXQzAZDGxIBMmaw==
01:11:10 /ISIMA/SECRET_AJBIHBAO/CHALLENGE_2/DEFI_4/GROUPE_86/LEDS/LED1 LGsIYU2ELNUH6mi32pHmuQ==
22:17:35 /ISIMA/SECRET_AJBIHBAO/CHALLENGE_2/DEFI_4/GROUPE_86/LEDS/LED1 R+RxwDbdFjZ2prXGC+Y5uw==
07:40:43 /ISIMA/SECRET_AJBIHBAO/CHALLENGE_2/DEFI_4/GROUPE_86/LEDS/LED1 vSHyPDqYK22V6AagUFJ56w==
08:22:18 /ISIMA/SECRET_AJBIHBAO/CHALLENGE_2/DEFI_4/GROUPE_86/LEDS/LED1 vofEw4886LeFoX1MyC4oMw==
10:11:49 /ISIMA/SECRET_AJBIHBAO/CHALLENGE_2/DEFI_4/GROUPE_86/LEDS/LED1 HUfDXTIrP9chE6oGvvJmiA==
04:25:02 /ISIMA/SECRET_AJBIHBAO/CHALLENGE_2/DEFI_4/GROUPE_86/LEDS/LED1 DCfsqLzxZn+xbMajDbWEkw==
10:17:52 /ISIMA/SECRET_AJBIHBAO/CHALLENGE_2/DEFI_4/GROUPE_86/LEDS/LED1 s7S88UghpA9LsuK0ytqf8g==
15:17:42 /ISIMA/SECRET_AJBIHBAO/CHALLENGE_2/DEFI_4/GROUPE_86/LEDS/LED1 hPE41OAfRzPJ4Ux5T6yRJQ==
19:33:03 /ISIMA/SECRET_AJBIHBAO/CHALLENGE_2/DEFI_4/GROUPE_86/LEDS/LED1 2lRojviqhvoZz++qFKRhBQ==
17:21:49 /ISIMA/SECRET_AJBIHBAO/CHALLENGE_2/DEFI_4/GROUPE_86/LEDS/LED1 AfYy1cw7xhKzJs3N/cnD2A==
14:00:54 /ISIMA/SECRET_AJBIHBAO/CHALLENGE_2/DEFI_4/GROUPE_86/LEDS/LED1 pTTero/lEaBfDos/yhUCZw==
21:10:14 /ISIMA/SECRET_AJBIHBAO/CHALLENGE_2/DEFI_4/GROUPE_86/LEDS/LED1 IDrN/XgRkdbYM6rTGXeNQg==
23:19:48 /ISIMA/SECRET_AJBIHBAO/CHALLENGE_2/DEFI_4/GROUPE_86/LEDS/LED1 DxvaypjyLzUsY2I3SqMFag==
06:08:24 /ISIMA/SECRET_AJBIHBAO/CHALLENGE_2/DEFI_4/GROUPE_86/LEDS/LED1 pjUmcASTU4Eqgyh988A0IQ==
07:32:07 /ISIMA/SECRET_AJBIHBAO/CHALLENGE_2/DEFI_4/GROUPE_86/LEDS/LED1 3iNuQSsJpOYtbXNSW0FChg==
17:51:41 /ISIMA/SECRET_AJBIHBAO/CHALLENGE_2/DEFI_4/GROUPE_86/LEDS/LED1 9LhsfeFXvxG5k4DEEDHIDg==
06:36:05 /ISIMA/SECRET_AJBIHBAO/CHALLENGE_2/DEFI_4/GROUPE_86/LEDS/LED1 zpUd8iCZ0rwgIxsYVQiTQA==
04:13:48 /ISIMA/SECRET_AJBIHBAO/CHALLENGE_2/DEFI_4/GROUPE_86/LEDS/LED1 anqJFbT75ZHE9+35yv6Mrg==
00:44:46 /ISIMA/SECRET_AJBIHBAO/CHALLENGE_2/DEFI_4/GROUPE_86/LEDS/LED1 1V2jMX/3iXEeuBegA+6Mjw==
11:44:09 /ISIMA/SECRET_AJBIHBAO/CHALLENGE_2/DEFI_4/GROUPE_86/LEDS/LED1 JR63ANj6kk7tf7IcC9kI+A==
05:14:37 /ISIMA/SECRET_AJBIHBAO/CHALLENGE_2/DEFI_4/GROUPE_86/LEDS/LED1 lePn91U5FwyAeVvDvlAW5A==
03:20:01 /ISIMA/SECRET_AJBIHBAO/CHALLENGE_2/DEFI_4/GROUPE_86/LEDS/LED1 h0Nh6f21a6d/6WH73Ylpmg==
04:50:19 /ISIMA/SECRET_AJBIHBAO/CHALLENGE_2/DEFI_4/GROUPE_86/LEDS/LED1 PQ8uRr8Ou+zvFGVMfTEdgg==
21:26:51 /ISIMA/SECRET_AJBIHBAO/CHALLENGE_2/DEFI_4/GROUPE_86/LEDS/LED1 gE8DfvSa76FfYj13g3XFxg==
07:20:26 /ISIMA/SECRET_AJBIHBAO/CHALLENGE_2/DEFI_4/GROUPE_86/LEDS/LED1 rqgjC/RwLUyqMkvH92Nf2Q==
19:54:33 /ISIMA/SECRET_AJBIHBAO/CHALLENGE_2/DEFI_4/GROUPE_86/LEDS/LED1 pa+vkQpeqNpnigoRGKEQPQ==
20:44:07 /ISIMA/SECRET_AJBIHBAO/CHALLENGE_2/DEFI_4/GROUPE_86/LEDS/LED1 CSz0uYxUrfBEJhgmRlwfXA==
04:56:55 /ISIMA/SECRET_AJBIHBAO/CHALLENGE_2/DEFI_4/GROUPE_86/LEDS/LED1 iEO3tn9IYK2HNhfobeoYDg==
10:08:54 /ISIMA/SECRET_AJBIHBAO/CHALLENGE_2/DEFI_4/GROUPE_86/LEDS/LED1 BQboDCFpVMRgB6vDYT34XQ==
12:22:52 /ISIMA/SECRET_AJBIHBAO/CHALLENGE_2/DEFI_4/GROUPE_86/LEDS/LED1 aOisluXB6YWICPe7zVdgxQ==
05:30:12 /ISIMA/SECRET_AJBIHBAO/CHALLENGE_2/DEFI_4/GROUPE_86/LEDS/LED1 hvtYYqoBa9vdqmRWxAfyjg==
09:41:51 /ISIMA/SECRET_AJBIHBAO/CHALLENGE_2/DEFI_4/GROUPE_86/LEDS/LED1 sOfWsqYXbEyFSUq15ppkiA==
22:45:18 /ISIMA/SECRET_AJBIHBAO/CHALLENGE_2/DEFI_4/GROUPE_86/LEDS/LED1 QcokjpGtquJygIK33ZehCA==
21:48:47 /ISIMA/SECRET_AJBIHBAO/CHALLENGE_2/DEFI_4/GROUPE_86/LEDS/LED1 b/vXKXzYHBcq13T6CeAyGA==
06:30:38 /ISIMA/SECRET_AJBIHBAO/CHALLENGE_2/DEFI_4/GROUPE_86/LEDS/LED1 TzE1hGZV/B4QUdHWm+UlYw==
23:32:38 /ISIMA/SECRET_AJBIHBAO/CHALLENGE_2/DEFI_4/GROUPE_86/LEDS/LED1 SulC18HVookAqKokdt6fdA==
04:50:37 /ISIMA/SECRET_AJBIHBAO/CHALLENGE_2/DEFI_4/GROUPE_86/LEDS/LED1 1mHh09lbCIlhDc7FWMYllA==
16:46:17 /ISIMA/SECRET_AJBIHBAO/CHALLENGE_2/DEFI_4/GROUPE_86/LEDS/LED1 sTy/ywz/nojbuu3eFjgyGQ==
08:29:07 /ISIMA/SECRET_AJBIHBAO/CHALLENGE_2/DEFI_4/GROUPE_86/LEDS/LED1 E6CZe5HlbtUHg4RNVNJNqQ==
01:18:45 /ISIMA/SECRET_AJBIHBAO/CHALLENGE_2/DEFI_4/GROUPE_86/LEDS/LED1 lRPJlv3NQlfo/B2vRTSFEQ==
21:24:35 /ISIMA/SECRET_AJBIHBAO/CHALLENGE_2/DEFI_4/GROUPE_86/LEDS/LED1 dHXj4HPgE6aUpbYhffi5Yg==
15:30:19 /ISIMA/SECRET_AJBIHBAO/CHALLENGE_2/DEFI_4/GROUPE_86/LEDS/LED1 bkb4QbELVEOH9+ZD285fzQ==
23:57:01 /ISIMA/SECRET_AJBIHBAO/CHALLENGE_2/DEFI_4/GROUPE_86/LEDS/LED1 dxCw3xKkW0S9rALyT7MJWg==
23:22:38 /ISIMA/SECRET_AJBIHBAO/CHALLENGE_2/DEFI_4/GROUPE_86/LEDS/LED1 lQiIneALc6hshy7gFnDDBA==
09:30:57 /ISIMA/SECRET_AJBIHBAO/CHALLENGE_2/DEFI_4/GROUPE_86/LEDS/LED1 nBsOuEFdCknYr27Pa155IQ==
00:35:56 /ISIMA/SECRET_AJBIHBAO/CHALLENGE_2/DEFI_4/GROUPE_86/LEDS/LED1 ZRfOKUxyNNwhq68//7AL0g==