16:56:41 /ISIMA/SECRET_DTRVVLVH/CHALLENGE_2/DEFI_5/GROUPE_75/LEDS/LED1 YyBPTiAxNmI=
22:08:51 /ISIMA/SECRET_DTRVVLVH/CHALLENGE_2/DEFI_5/GROUPE_75/LEDS/LED1 RkYgMTZiYk8=
06:51:10 /ISIMA/SECRET_DTRVVLVH/CHALLENGE_2/DEFI_5/GROUPE_75/LEDS/LED1 IE9OIDE2YmE=
04:49:50 /ISIMA/SECRET_DTRVVLVH/CHALLENGE_2/DEFI_5/GROUPE_75/LEDS/LED1 YjlPRkYgMTY=
15:38:30 /ISIMA/SECRET_DTRVVLVH/CHALLENGE_2/DEFI_5/GROUPE_75/LEDS/LED1 NmI4IE9OIDE=
15:47:35 /ISIMA/SECRET_DTRVVLVH/CHALLENGE_2/DEFI_5/GROUPE_75/LEDS/LED1 IDE2YjdPRkY=
10:45:07 /ISIMA/SECRET_DTRVVLVH/CHALLENGE_2/DEFI_5/GROUPE_75/LEDS/LED1 IE9OIDE2YjY=
19:30:21 /ISIMA/SECRET_DTRVVLVH/CHALLENGE_2/DEFI_5/GROUPE_75/LEDS/LED1 T0ZGIDE2YjU=
21:35:53 /ISIMA/SECRET_DTRVVLVH/CHALLENGE_2/DEFI_5/GROUPE_75/LEDS/LED1 T04gMTZiNCA=
13:44:23 /ISIMA/SECRET_DTRVVLVH/CHALLENGE_2/DEFI_5/GROUPE_75/LEDS/LED1 NmIzT0ZGIDE=
04:30:48 /ISIMA/SECRET_DTRVVLVH/CHALLENGE_2/DEFI_5/GROUPE_75/LEDS/LED1 IE9OIDE2YjI=
04:15:02 /ISIMA/SECRET_DTRVVLVH/CHALLENGE_2/DEFI_5/GROUPE_75/LEDS/LED1 T0ZGIDE2YjE=
15:46:48 /ISIMA/SECRET_DTRVVLVH/CHALLENGE_2/DEFI_5/GROUPE_75/LEDS/LED1 MCBPTiAxNmI=
00:00:02 /ISIMA/SECRET_DTRVVLVH/CHALLENGE_2/DEFI_5/GROUPE_75/LEDS/LED1 RiAxNmFmT0Y=
09:49:48 /ISIMA/SECRET_DTRVVLVH/CHALLENGE_2/DEFI_5/GROUPE_75/LEDS/LED1 ZSBPTiAxNmE=
16:29:42 /ISIMA/SECRET_DTRVVLVH/CHALLENGE_2/DEFI_5/GROUPE_75/LEDS/LED1 YWRPRkYgMTY=
11:02:57 /ISIMA/SECRET_DTRVVLVH/CHALLENGE_2/DEFI_5/GROUPE_75/LEDS/LED1 MTZhYyBPTiA=
06:04:10 /ISIMA/SECRET_DTRVVLVH/CHALLENGE_2/DEFI_5/GROUPE_75/LEDS/LED1 IDE2YWJPRkY=
00:11:32 /ISIMA/SECRET_DTRVVLVH/CHALLENGE_2/DEFI_5/GROUPE_75/LEDS/LED1 IE9OIDE2YWE=
09:35:39 /ISIMA/SECRET_DTRVVLVH/CHALLENGE_2/DEFI_5/GROUPE_75/LEDS/LED1 OU9GRiAxNmE=
06:28:06 /ISIMA/SECRET_DTRVVLVH/CHALLENGE_2/DEFI_5/GROUPE_75/LEDS/LED1 YTggT04gMTY=
05:44:33 /ISIMA/SECRET_DTRVVLVH/CHALLENGE_2/DEFI_5/GROUPE_75/LEDS/LED1 N09GRiAxNmE=
20:16:13 /ISIMA/SECRET_DTRVVLVH/CHALLENGE_2/DEFI_5/GROUPE_75/LEDS/LED1 IDE2YTYgT04=
06:56:19 /ISIMA/SECRET_DTRVVLVH/CHALLENGE_2/DEFI_5/GROUPE_75/LEDS/LED1 T0ZGIDE2YTU=
07:28:17 /ISIMA/SECRET_DTRVVLVH/CHALLENGE_2/DEFI_5/GROUPE_75/LEDS/LED1 NCBPTiAxNmE=
11:21:13 /ISIMA/SECRET_DTRVVLVH/CHALLENGE_2/DEFI_5/GROUPE_75/LEDS/LED1 T0ZGIDE2YTM=
13:06:16 /ISIMA/SECRET_DTRVVLVH/CHALLENGE_2/DEFI_5/GROUPE_75/LEDS/LED1 TiAxNmEyIE8=
14:59:39 /ISIMA/SECRET_DTRVVLVH/CHALLENGE_2/DEFI_5/GROUPE_75/LEDS/LED1 RiAxNmExT0Y=
09:04:58 /ISIMA/SECRET_DTRVVLVH/CHALLENGE_2/DEFI_5/GROUPE_75/LEDS/LED1 YTAgT04gMTY=
03:16:57 /ISIMA/SECRET_DTRVVLVH/CHALLENGE_2/DEFI_5/GROUPE_75/LEDS/LED1 RkYgMTY5Zk8=
10:05:20 /ISIMA/SECRET_DTRVVLVH/CHALLENGE_2/DEFI_5/GROUPE_75/LEDS/LED1 IDE2OWUgT04=
14:02:29 /ISIMA/SECRET_DTRVVLVH/CHALLENGE_2/DEFI_5/GROUPE_75/LEDS/LED1 OWRPRkYgMTY=
16:46:22 /ISIMA/SECRET_DTRVVLVH/CHALLENGE_2/DEFI_5/GROUPE_75/LEDS/LED1 T04gMTY5YyA=
09:37:59 /ISIMA/SECRET_DTRVVLVH/CHALLENGE_2/DEFI_5/GROUPE_75/LEDS/LED1 IDE2OWJPRkY=
19:23:53 /ISIMA/SECRET_DTRVVLVH/CHALLENGE_2/DEFI_5/GROUPE_75/LEDS/LED1 OWEgT04gMTY=
20:51:15 /ISIMA/SECRET_DTRVVLVH/CHALLENGE_2/DEFI_5/GROUPE_75/LEDS/LED1 IDE2OTlPRkY=
09:09:06 /ISIMA/SECRET_DTRVVLVH/CHALLENGE_2/DEFI_5/GROUPE_75/LEDS/LED1 IE9OIDE2OTg=
18:27:57 /ISIMA/SECRET_DTRVVLVH/CHALLENGE_2/DEFI_5/GROUPE_75/LEDS/LED1 OTdPRkYgMTY=
11:36:18 /ISIMA/SECRET_DTRVVLVH/CHALLENGE_2/DEFI_5/GROUPE_75/LEDS/LED1 IE9OIDE2OTY=
10:44:21 /ISIMA/SECRET_DTRVVLVH/CHALLENGE_2/DEFI_5/GROUPE_75/LEDS/LED1 Njk1T0ZGIDE=
20:34:41 /ISIMA/SECRET_DTRVVLVH/CHALLENGE_2/DEFI_5/GROUPE_75/LEDS/LED1 IDE2OTQgT04=
01:52:08 /ISIMA/SECRET_DTRVVLVH/CHALLENGE_2/DEFI_5/GROUPE_75/LEDS/LED1 RkYgMTY5M08=
23:12:18 /ISIMA/SECRET_DTRVVLVH/CHALLENGE_2/DEFI_5/GROUPE_75/LEDS/LED1 MiBPTiAxNjk=
00:38:35 /ISIMA/SECRET_DTRVVLVH/CHALLENGE_2/DEFI_5/GROUPE_75/LEDS/LED1 MU9GRiAxNjk=
13:40:29 /ISIMA/SECRET_DTRVVLVH/CHALLENGE_2/DEFI_5/GROUPE_75/LEDS/LED1 T04gMTY5MCA=
10:50:59 /ISIMA/SECRET_DTRVVLVH/CHALLENGE_2/DEFI_5/GROUPE_75/LEDS/LED1 T0ZGIDE2OGY=
11:49:14 /ISIMA/SECRET_DTRVVLVH/CHALLENGE_2/DEFI_5/GROUPE_75/LEDS/LED1 MTY4ZSBPTiA=
00:20:39 /ISIMA/SECRET_DTRVVLVH/CHALLENGE_2/DEFI_5/GROUPE_75/LEDS/LED1 T0ZGIDE2OGQ=
04:43:38 /ISIMA/SECRET_DTRVVLVH/CHALLENGE_2/DEFI_5/GROUPE_75/LEDS/LED1 T04gMTY4YyA=
09:13:47 /ISIMA/SECRET_DTRVVLVH/CHALLENGE_2/DEFI_5/GROUPE_75/LEDS/LED1 RkYgMTY4Yk8=
16:22:45 /ISIMA/SECRET_DTRVVLVH/CHALLENGE_2/DEFI_5/GROUPE_75/LEDS/LED1 OGEgT04gMTY=
13:37:12 /ISIMA/SECRET_DTRVVLVH/CHALLENGE_2/DEFI_5/GROUPE_75/LEDS/LED1 MTY4OU9GRiA=
09:44:53 /ISIMA/SECRET_DTRVVLVH/CHALLENGE_2/DEFI_5/GROUPE_75/LEDS/LED1 MTY4OCBPTiA=
08:31:59 /ISIMA/SECRET_DTRVVLVH/CHALLENGE_2/DEFI_5/GROUPE_75/LEDS/LED1 T0ZGIDE2ODc=
04:53:15 /ISIMA/SECRET_DTRVVLVH/CHALLENGE_2/DEFI_5/GROUPE_75/LEDS/LED1 IDE2ODYgT04=
01:18:58 /ISIMA/SECRET_DTRVVLVH/CHALLENGE_2/DEFI_5/GROUPE_75/LEDS/LED1 RkYgMTY4NU8=
21:50:32 /ISIMA/SECRET_DTRVVLVH/CHALLENGE_2/DEFI_5/GROUPE_75/LEDS/LED1 IE9OIDE2ODQ=
11:39:48 /ISIMA/SECRET_DTRVVLVH/CHALLENGE_2/DEFI_5/GROUPE_75/LEDS/LED1 M09GRiAxNjg=
15:18:07 /ISIMA/SECRET_DTRVVLVH/CHALLENGE_2/DEFI_5/GROUPE_75/LEDS/LED1 IE9OIDE2ODI=
07:38:39 /ISIMA/SECRET_DTRVVLVH/CHALLENGE_2/DEFI_5/GROUPE_75/LEDS/LED1 RiAxNjgxT0Y=
00:12:43 /ISIMA/SECRET_DTRVVLVH/CHALLENGE_2/DEFI_5/GROUPE_75/LEDS/LED1 TiAxNjgwIE8=
16:39:10 /ISIMA/SECRET_DTRVVLVH/CHALLENGE_2/DEFI_5/GROUPE_75/LEDS/LED1 IDE2N2ZPRkY=
18:14:46 /ISIMA/SECRET_DTRVVLVH/CHALLENGE_2/DEFI_5/GROUPE_75/LEDS/LED1 ZSBPTiAxNjc=
01:14:11 /ISIMA/SECRET_DTRVVLVH/CHALLENGE_2/DEFI_5/GROUPE_75/LEDS/LED1 MTY3ZE9GRiA=
04:19:22 /ISIMA/SECRET_DTRVVLVH/CHALLENGE_2/DEFI_5/GROUPE_75/LEDS/LED1 N2MgT04gMTY=
04:10:05 /ISIMA/SECRET_DTRVVLVH/CHALLENGE_2/DEFI_5/GROUPE_75/LEDS/LED1 T0ZGIDE2N2I=
10:30:32 /ISIMA/SECRET_DTRVVLVH/CHALLENGE_2/DEFI_5/GROUPE_75/LEDS/LED1 MTY3YSBPTiA=
17:14:19 /ISIMA/SECRET_DTRVVLVH/CHALLENGE_2/DEFI_5/GROUPE_75/LEDS/LED1 RiAxNjc5T0Y=
12:16:45 /ISIMA/SECRET_DTRVVLVH/CHALLENGE_2/DEFI_5/GROUPE_75/LEDS/LED1 IDE2NzggT04=
17:24:21 /ISIMA/SECRET_DTRVVLVH/CHALLENGE_2/DEFI_5/GROUPE_75/LEDS/LED1 Njc3T0ZGIDE=
22:26:59 /ISIMA/SECRET_DTRVVLVH/CHALLENGE_2/DEFI_5/GROUPE_75/LEDS/LED1 NiBPTiAxNjc=
14:50:47 /ISIMA/SECRET_DTRVVLVH/CHALLENGE_2/DEFI_5/GROUPE_75/LEDS/LED1 MTY3NU9GRiA=
15:00:23 /ISIMA/SECRET_DTRVVLVH/CHALLENGE_2/DEFI_5/GROUPE_75/LEDS/LED1 IE9OIDE2NzQ=
18:37:41 /ISIMA/SECRET_DTRVVLVH/CHALLENGE_2/DEFI_5/GROUPE_75/LEDS/LED1 T0ZGIDE2NzM=
15:50:40 /ISIMA/SECRET_DTRVVLVH/CHALLENGE_2/DEFI_5/GROUPE_75/LEDS/LED1 T04gMTY3MiA=
12:14:47 /ISIMA/SECRET_DTRVVLVH/CHALLENGE_2/DEFI_5/GROUPE_75/LEDS/LED1 RiAxNjcxT0Y=
09:55:29 /ISIMA/SECRET_DTRVVLVH/CHALLENGE_2/DEFI_5/GROUPE_75/LEDS/LED1 IDE2NzAgT04=
04:35:25 /ISIMA/SECRET_DTRVVLVH/CHALLENGE_2/DEFI_5/GROUPE_75/LEDS/LED1 Zk9GRiAxNjY=
10:31:22 /ISIMA/SECRET_DTRVVLVH/CHALLENGE_2/DEFI_5/GROUPE_75/LEDS/LED1 T04gMTY2ZSA=
02:34:04 /ISIMA/SECRET_DTRVVLVH/CHALLENGE_2/DEFI_5/GROUPE_75/LEDS/LED1 ZE9GRiAxNjY=
18:51:47 /ISIMA/SECRET_DTRVVLVH/CHALLENGE_2/DEFI_5/GROUPE_75/LEDS/LED1 T04gMTY2YyA=
21:36:58 /ISIMA/SECRET_DTRVVLVH/CHALLENGE_2/DEFI_5/GROUPE_75/LEDS/LED1 NjZiT0ZGIDE=
08:24:43 /ISIMA/SECRET_DTRVVLVH/CHALLENGE_2/DEFI_5/GROUPE_75/LEDS/LED1 YSBPTiAxNjY=
10:31:22 /ISIMA/SECRET_DTRVVLVH/CHALLENGE_2/DEFI_5/GROUPE_75/LEDS/LED1 RkYgMTY2OU8=
06:04:32 /ISIMA/SECRET_DTRVVLVH/CHALLENGE_2/DEFI_5/GROUPE_75/LEDS/LED1 IDE2NjggT04=
14:59:20 /ISIMA/SECRET_DTRVVLVH/CHALLENGE_2/DEFI_5/GROUPE_75/LEDS/LED1 RkYgMTY2N08=
23:43:23 /ISIMA/SECRET_DTRVVLVH/CHALLENGE_2/DEFI_5/GROUPE_75/LEDS/LED1 TiAxNjY2IE8=
03:17:26 /ISIMA/SECRET_DTRVVLVH/CHALLENGE_2/DEFI_5/GROUPE_75/LEDS/LED1 MTY2NU9GRiA=
12:58:10 /ISIMA/SECRET_DTRVVLVH/CHALLENGE_2/DEFI_5/GROUPE_75/LEDS/LED1 MTY2NCBPTiA=
13:28:37 /ISIMA/SECRET_DTRVVLVH/CHALLENGE_2/DEFI_5/GROUPE_75/LEDS/LED1 M09GRiAxNjY=
18:51:41 /ISIMA/SECRET_DTRVVLVH/CHALLENGE_2/DEFI_5/GROUPE_75/LEDS/LED1 TiAxNjYyIE8=
16:36:47 /ISIMA/SECRET_DTRVVLVH/CHALLENGE_2/DEFI_5/GROUPE_75/LEDS/LED1 NjFPRkYgMTY=
18:17:28 /ISIMA/SECRET_DTRVVLVH/CHALLENGE_2/DEFI_5/GROUPE_75/LEDS/LED1 MCBPTiAxNjY=
22:58:26 /ISIMA/SECRET_DTRVVLVH/CHALLENGE_2/DEFI_5/GROUPE_75/LEDS/LED1 Zk9GRiAxNjU=
13:47:55 /ISIMA/SECRET_DTRVVLVH/CHALLENGE_2/DEFI_5/GROUPE_75/LEDS/LED1 T04gMTY1ZSA=
09:19:10 /ISIMA/SECRET_DTRVVLVH/CHALLENGE_2/DEFI_5/GROUPE_75/LEDS/LED1 IDE2NWRPRkY=
01:42:52 /ISIMA/SECRET_DTRVVLVH/CHALLENGE_2/DEFI_5/GROUPE_75/LEDS/LED1 IDE2NWMgT04=
04:30:50 /ISIMA/SECRET_DTRVVLVH/CHALLENGE_2/DEFI_5/GROUPE_75/LEDS/LED1 MTY1Yk9GRiA=
12:45:53 /ISIMA/SECRET_DTRVVLVH/CHALLENGE_2/DEFI_5/GROUPE_75/LEDS/LED1 IDE2NWEgT04=
11:13:58 /ISIMA/SECRET_DTRVVLVH/CHALLENGE_2/DEFI_5/GROUPE_75/LEDS/LED1 OU9GRiAxNjU=
14:00:12 /ISIMA/SECRET_DTRVVLVH/CHALLENGE_2/DEFI_5/GROUPE_75/LEDS/LED1 TiAxNjU4IE8=
01:21:39 /ISIMA/SECRET_DTRVVLVH/CHALLENGE_2/DEFI_5/GROUPE_75/LEDS/LED1 MTY1N09GRiA=
04:44:56 /ISIMA/SECRET_DTRVVLVH/CHALLENGE_2/DEFI_5/GROUPE_75/LEDS/LED1 NjU2IE9OIDE=
11:39:07 /ISIMA/SECRET_DTRVVLVH/CHALLENGE_2/DEFI_5/GROUPE_75/LEDS/LED1 NjU1T0ZGIDE=
10:13:39 /ISIMA/SECRET_DTRVVLVH/CHALLENGE_2/DEFI_5/GROUPE_75/LEDS/LED1 IE9OIDE2NTQ=
10:34:53 /ISIMA/SECRET_DTRVVLVH/CHALLENGE_2/DEFI_5/GROUPE_75/LEDS/LED1 T0ZGIDE2NTM=
19:07:04 /ISIMA/SECRET_DTRVVLVH/CHALLENGE_2/DEFI_5/GROUPE_75/LEDS/LED1 MTY1MiBPTiA=
02:43:14 /ISIMA/SECRET_DTRVVLVH/CHALLENGE_2/DEFI_5/GROUPE_75/LEDS/LED1 NTFPRkYgMTY=
23:53:40 /ISIMA/SECRET_DTRVVLVH/CHALLENGE_2/DEFI_5/GROUPE_75/LEDS/LED1 IDE2NTAgT04=
09:53:10 /ISIMA/SECRET_DTRVVLVH/CHALLENGE_2/DEFI_5/GROUPE_75/LEDS/LED1 T0ZGIDE2NGY=
03:19:34 /ISIMA/SECRET_DTRVVLVH/CHALLENGE_2/DEFI_5/GROUPE_75/LEDS/LED1 TiAxNjRlIE8=
12:57:46 /ISIMA/SECRET_DTRVVLVH/CHALLENGE_2/DEFI_5/GROUPE_75/LEDS/LED1 NjRkT0ZGIDE=
11:11:10 /ISIMA/SECRET_DTRVVLVH/CHALLENGE_2/DEFI_5/GROUPE_75/LEDS/LED1 IE9OIDE2NGM=
09:18:47 /ISIMA/SECRET_DTRVVLVH/CHALLENGE_2/DEFI_5/GROUPE_75/LEDS/LED1 NGJPRkYgMTY=
09:43:54 /ISIMA/SECRET_DTRVVLVH/CHALLENGE_2/DEFI_5/GROUPE_75/LEDS/LED1 MTY0YSBPTiA=
01:33:59 /ISIMA/SECRET_DTRVVLVH/CHALLENGE_2/DEFI_5/GROUPE_75/LEDS/LED1 RiAxNjQ5T0Y=
14:59:06 /ISIMA/SECRET_DTRVVLVH/CHALLENGE_2/DEFI_5/GROUPE_75/LEDS/LED1 T04gMTY0OCA=
06:36:41 /ISIMA/SECRET_DTRVVLVH/CHALLENGE_2/DEFI_5/GROUPE_75/LEDS/LED1 T0ZGIDE2NDc=
04:51:36 /ISIMA/SECRET_DTRVVLVH/CHALLENGE_2/DEFI_5/GROUPE_75/LEDS/LED1 T04gMTY0NiA=
09:28:03 /ISIMA/SECRET_DTRVVLVH/CHALLENGE_2/DEFI_5/GROUPE_75/LEDS/LED1 NjQ1T0ZGIDE=
13:59:50 /ISIMA/SECRET_DTRVVLVH/CHALLENGE_2/DEFI_5/GROUPE_75/LEDS/LED1 IDE2NDQgT04=
19:34:17 /ISIMA/SECRET_DTRVVLVH/CHALLENGE_2/DEFI_5/GROUPE_75/LEDS/LED1 T0ZGIDE2NDM=
07:55:54 /ISIMA/SECRET_DTRVVLVH/CHALLENGE_2/DEFI_5/GROUPE_75/LEDS/LED1 TiAxNjQyIE8=
12:12:07 /ISIMA/SECRET_DTRVVLVH/CHALLENGE_2/DEFI_5/GROUPE_75/LEDS/LED1 RkYgMTY0MU8=
05:16:30 /ISIMA/SECRET_DTRVVLVH/CHALLENGE_2/DEFI_5/GROUPE_75/LEDS/LED1 TiAxNjQwIE8=
09:17:10 /ISIMA/SECRET_DTRVVLVH/CHALLENGE_2/DEFI_5/GROUPE_75/LEDS/LED1 MTYzZk9GRiA=
13:23:37 /ISIMA/SECRET_DTRVVLVH/CHALLENGE_2/DEFI_5/GROUPE_75/LEDS/LED1 NjNlIE9OIDE=
16:27:57 /ISIMA/SECRET_DTRVVLVH/CHALLENGE_2/DEFI_5/GROUPE_75/LEDS/LED1 T0ZGIDE2M2Q=
15:09:20 /ISIMA/SECRET_DTRVVLVH/CHALLENGE_2/DEFI_5/GROUPE_75/LEDS/LED1 NjNjIE9OIDE=
19:02:55 /ISIMA/SECRET_DTRVVLVH/CHALLENGE_2/DEFI_5/GROUPE_75/LEDS/LED1 NjNiT0ZGIDE=
13:40:12 /ISIMA/SECRET_DTRVVLVH/CHALLENGE_2/DEFI_5/GROUPE_75/LEDS/LED1 T04gMTYzYSA=
11:22:59 /ISIMA/SECRET_DTRVVLVH/CHALLENGE_2/DEFI_5/GROUPE_75/LEDS/LED1 IDE2MzlPRkY=
05:46:46 /ISIMA/SECRET_DTRVVLVH/CHALLENGE_2/DEFI_5/GROUPE_75/LEDS/LED1 TiAxNjM4IE8=
06:00:31 /ISIMA/SECRET_DTRVVLVH/CHALLENGE_2/DEFI_5/GROUPE_75/LEDS/LED1 RiAxNjM3T0Y=
06:24:49 /ISIMA/SECRET_DTRVVLVH/CHALLENGE_2/DEFI_5/GROUPE_75/LEDS/LED1 T04gMTYzNiA=
23:21:28 /ISIMA/SECRET_DTRVVLVH/CHALLENGE_2/DEFI_5/GROUPE_75/LEDS/LED1 MTYzNU9GRiA=
04:01:53 /ISIMA/SECRET_DTRVVLVH/CHALLENGE_2/DEFI_5/GROUPE_75/LEDS/LED1 MTYzNCBPTiA=
07:49:15 /ISIMA/SECRET_DTRVVLVH/CHALLENGE_2/DEFI_5/GROUPE_75/LEDS/LED1 RkYgMTYzM08=
14:12:58 /ISIMA/SECRET_DTRVVLVH/CHALLENGE_2/DEFI_5/GROUPE_75/LEDS/LED1 MzIgT04gMTY=
16:07:13 /ISIMA/SECRET_DTRVVLVH/CHALLENGE_2/DEFI_5/GROUPE_75/LEDS/LED1 MzFPRkYgMTY=
09:33:25 /ISIMA/SECRET_DTRVVLVH/CHALLENGE_2/DEFI_5/GROUPE_75/LEDS/LED1 MzAgT04gMTY=
04:45:08 /ISIMA/SECRET_DTRVVLVH/CHALLENGE_2/DEFI_5/GROUPE_75/LEDS/LED1 RkYgMTYyZk8=
07:36:05 /ISIMA/SECRET_DTRVVLVH/CHALLENGE_2/DEFI_5/GROUPE_75/LEDS/LED1 T04gMTYyZSA=
22:37:15 /ISIMA/SECRET_DTRVVLVH/CHALLENGE_2/DEFI_5/GROUPE_75/LEDS/LED1 NjJkT0ZGIDE=
04:33:49 /ISIMA/SECRET_DTRVVLVH/CHALLENGE_2/DEFI_5/GROUPE_75/LEDS/LED1 T04gMTYyYyA=
18:07:34 /ISIMA/SECRET_DTRVVLVH/CHALLENGE_2/DEFI_5/GROUPE_75/LEDS/LED1 RkYgMTYyYk8=
18:19:27 /ISIMA/SECRET_DTRVVLVH/CHALLENGE_2/DEFI_5/GROUPE_75/CONFIG MT0x
23:56:44 /ISIMA/SECRET_DTRVVLVH/CHALLENGE_2/DEFI_5/GROUPE_75/LEDS/LED1 YSBPTiAxNjI=
15:48:25 /ISIMA/SECRET_DTRVVLVH/CHALLENGE_2/DEFI_5/GROUPE_75/LEDS/LED1 NjI5T0ZGIDE=
22:20:25 /ISIMA/SECRET_DTRVVLVH/CHALLENGE_2/DEFI_5/GROUPE_75/LEDS/LED1 MTYyOCBPTiA=
23:17:11 /ISIMA/SECRET_DTRVVLVH/CHALLENGE_2/DEFI_5/GROUPE_75/LEDS/LED1 MjdPRkYgMTY=
00:46:08 /ISIMA/SECRET_DTRVVLVH/CHALLENGE_2/DEFI_5/GROUPE_75/LEDS/LED1 IE9OIDE2MjY=
19:09:43 /ISIMA/SECRET_DTRVVLVH/CHALLENGE_2/DEFI_5/GROUPE_75/LEDS/LED1 IDE2MjVPRkY=
22:01:09 /ISIMA/SECRET_DTRVVLVH/CHALLENGE_2/DEFI_5/GROUPE_75/LEDS/LED1 IDE2MjQgT04=
14:47:34 /ISIMA/SECRET_DTRVVLVH/CHALLENGE_2/DEFI_5/GROUPE_75/LEDS/LED1 RiAxNjIzT0Y=
20:31:51 /ISIMA/SECRET_DTRVVLVH/CHALLENGE_2/DEFI_5/GROUPE_75/LEDS/LED1 MiBPTiAxNjI=
14:24:12 /ISIMA/SECRET_DTRVVLVH/CHALLENGE_2/DEFI_5/GROUPE_75/LEDS/LED1 MTYyMU9GRiA=
15:41:14 /ISIMA/SECRET_DTRVVLVH/CHALLENGE_2/DEFI_5/GROUPE_75/LEDS/LED1 MjAgT04gMTY=
08:47:20 /ISIMA/SECRET_DTRVVLVH/CHALLENGE_2/DEFI_5/GROUPE_75/LEDS/LED1 RiAxNjFmT0Y=
05:21:23 /ISIMA/SECRET_DTRVVLVH/CHALLENGE_2/DEFI_5/GROUPE_75/LEDS/LED1 IDE2MWUgT04=
09:41:53 /ISIMA/SECRET_DTRVVLVH/CHALLENGE_2/DEFI_5/GROUPE_75/LEDS/LED1 T0ZGIDE2MWQ=
10:02:10 /ISIMA/SECRET_DTRVVLVH/CHALLENGE_2/DEFI_5/GROUPE_75/LEDS/LED1 NjFjIE9OIDE=
12:56:38 /ISIMA/SECRET_DTRVVLVH/CHALLENGE_2/DEFI_5/GROUPE_75/LEDS/LED1 RiAxNjFiT0Y=
18:34:34 /ISIMA/SECRET_DTRVVLVH/CHALLENGE_2/DEFI_5/GROUPE_75/LEDS/LED1 IDE2MWEgT04=
07:35:37 /ISIMA/SECRET_DTRVVLVH/CHALLENGE_2/DEFI_5/GROUPE_75/LEDS/LED1 MTYxOU9GRiA=
15:00:59 /ISIMA/SECRET_DTRVVLVH/CHALLENGE_2/DEFI_5/GROUPE_75/LEDS/LED1 MTYxOCBPTiA=
13:48:46 /ISIMA/SECRET_DTRVVLVH/CHALLENGE_2/DEFI_5/GROUPE_75/LEDS/LED1 MTYxN09GRiA=
15:36:08 /ISIMA/SECRET_DTRVVLVH/CHALLENGE_2/DEFI_5/GROUPE_75/LEDS/LED1 T04gMTYxNiA=
02:50:16 /ISIMA/SECRET_DTRVVLVH/CHALLENGE_2/DEFI_5/GROUPE_75/LEDS/LED1 RkYgMTYxNU8=
02:00:06 /ISIMA/SECRET_DTRVVLVH/CHALLENGE_2/DEFI_5/GROUPE_75/LEDS/LED1 MTQgT04gMTY=
21:16:52 /ISIMA/SECRET_DTRVVLVH/CHALLENGE_2/DEFI_5/GROUPE_75/LEDS/LED1 MTYxM09GRiA=
21:04:21 /ISIMA/SECRET_DTRVVLVH/CHALLENGE_2/DEFI_5/GROUPE_75/LEDS/LED1 IE9OIDE2MTI=
21:34:12 /ISIMA/SECRET_DTRVVLVH/CHALLENGE_2/DEFI_5/GROUPE_75/LEDS/LED1 RkYgMTYxMU8=
00:02:28 /ISIMA/SECRET_DTRVVLVH/CHALLENGE_2/DEFI_5/GROUPE_75/LEDS/LED1 T04gMTYxMCA=
17:34:54 /ISIMA/SECRET_DTRVVLVH/CHALLENGE_2/DEFI_5/GROUPE_75/LEDS/LED1 NjBmT0ZGIDE=
21:21:42 /ISIMA/SECRET_DTRVVLVH/CHALLENGE_2/DEFI_5/GROUPE_75/LEDS/LED1 ZSBPTiAxNjA=
18:06:44 /ISIMA/SECRET_DTRVVLVH/CHALLENGE_2/DEFI_5/GROUPE_75/LEDS/LED1 MGRPRkYgMTY=
22:24:33 /ISIMA/SECRET_DTRVVLVH/CHALLENGE_2/DEFI_5/GROUPE_75/LEDS/LED1 MGMgT04gMTY=
21:35:41 /ISIMA/SECRET_DTRVVLVH/CHALLENGE_2/DEFI_5/GROUPE_75/LEDS/LED1 Yk9GRiAxNjA=
12:18:43 /ISIMA/SECRET_DTRVVLVH/CHALLENGE_2/DEFI_5/GROUPE_75/LEDS/LED1 IDE2MGEgT04=
19:15:42 /ISIMA/SECRET_DTRVVLVH/CHALLENGE_2/DEFI_5/GROUPE_75/LEDS/LED1 RiAxNjA5T0Y=
00:10:36 /ISIMA/SECRET_DTRVVLVH/CHALLENGE_2/DEFI_5/GROUPE_75/LEDS/LED1 NjA4IE9OIDE=
00:46:24 /ISIMA/SECRET_DTRVVLVH/CHALLENGE_2/DEFI_5/GROUPE_75/LEDS/LED1 RkYgMTYwN08=
05:26:39 /ISIMA/SECRET_DTRVVLVH/CHALLENGE_2/DEFI_5/GROUPE_75/LEDS/LED1 IE9OIDE2MDY=
01:13:02 /ISIMA/SECRET_DTRVVLVH/CHALLENGE_2/DEFI_5/GROUPE_75/LEDS/LED1 NjA1T0ZGIDE=
17:03:57 /ISIMA/SECRET_DTRVVLVH/CHALLENGE_2/DEFI_5/GROUPE_75/LEDS/LED1 NCBPTiAxNjA=
05:36:02 /ISIMA/SECRET_DTRVVLVH/CHALLENGE_2/DEFI_5/GROUPE_75/LEDS/LED1 MTYwM09GRiA=
16:57:06 /ISIMA/SECRET_DTRVVLVH/CHALLENGE_2/DEFI_5/GROUPE_75/LEDS/LED1 IE9OIDE2MDI=
22:43:23 /ISIMA/SECRET_DTRVVLVH/CHALLENGE_2/DEFI_5/GROUPE_75/LEDS/LED1 NjAxT0ZGIDE=
05:59:01 /ISIMA/SECRET_DTRVVLVH/CHALLENGE_2/DEFI_5/GROUPE_75/LEDS/LED1 T04gMTYwMCA=
02:19:36 /ISIMA/SECRET_DTRVVLVH/CHALLENGE_2/DEFI_5/GROUPE_75/LEDS/LED1 NWZmT0ZGIDE=
10:30:49 /ISIMA/SECRET_DTRVVLVH/CHALLENGE_2/DEFI_5/GROUPE_75/LEDS/LED1 IE9OIDE1ZmU=
09:41:09 /ISIMA/SECRET_DTRVVLVH/CHALLENGE_2/DEFI_5/GROUPE_75/LEDS/LED1 RiAxNWZkT0Y=
18:55:59 /ISIMA/SECRET_DTRVVLVH/CHALLENGE_2/DEFI_5/GROUPE_75/LEDS/LED1 IDE1ZmMgT04=
01:42:43 /ISIMA/SECRET_DTRVVLVH/CHALLENGE_2/DEFI_5/GROUPE_75/LEDS/LED1 RkYgMTVmYk8=
13:52:04 /ISIMA/SECRET_DTRVVLVH/CHALLENGE_2/DEFI_5/GROUPE_75/LEDS/LED1 ZmEgT04gMTU=
23:06:14 /ISIMA/SECRET_DTRVVLVH/CHALLENGE_2/DEFI_5/GROUPE_75/LEDS/LED1 NWY5T0ZGIDE=
19:01:46 /ISIMA/SECRET_DTRVVLVH/CHALLENGE_2/DEFI_5/GROUPE_75/LEDS/LED1 NWY4IE9OIDE=
02:22:26 /ISIMA/SECRET_DTRVVLVH/CHALLENGE_2/DEFI_5/GROUPE_75/LEDS/LED1 RkYgMTVmN08=
03:14:04 /ISIMA/SECRET_DTRVVLVH/CHALLENGE_2/DEFI_5/GROUPE_75/LEDS/LED1 IE9OIDE1ZjY=
21:06:47 /ISIMA/SECRET_DTRVVLVH/CHALLENGE_2/DEFI_5/GROUPE_75/LEDS/LED1 NWY1T0ZGIDE=
13:25:32 /ISIMA/SECRET_DTRVVLVH/CHALLENGE_2/DEFI_5/GROUPE_75/LEDS/LED1 NWY0IE9OIDE=
10:44:59 /ISIMA/SECRET_DTRVVLVH/CHALLENGE_2/DEFI_5/GROUPE_75/LEDS/LED1 NWYzT0ZGIDE=
14:27:29 /ISIMA/SECRET_DTRVVLVH/CHALLENGE_2/DEFI_5/GROUPE_75/LEDS/LED1 ZjIgT04gMTU=
10:19:45 /ISIMA/SECRET_DTRVVLVH/CHALLENGE_2/DEFI_5/GROUPE_75/LEDS/LED1 IDE1ZjFPRkY=
12:33:59 /ISIMA/SECRET_DTRVVLVH/CHALLENGE_2/DEFI_5/GROUPE_75/LEDS/LED1 ZjAgT04gMTU=
20:12:51 /ISIMA/SECRET_DTRVVLVH/CHALLENGE_2/DEFI_5/GROUPE_75/LEDS/LED1 ZWZPRkYgMTU=
16:41:27 /ISIMA/SECRET_DTRVVLVH/CHALLENGE_2/DEFI_5/GROUPE_75/LEDS/LED1 MTVlZSBPTiA=
00:42:39 /ISIMA/SECRET_DTRVVLVH/CHALLENGE_2/DEFI_5/GROUPE_75/LEDS/LED1 RkYgMTVlZE8=
01:36:52 /ISIMA/SECRET_DTRVVLVH/CHALLENGE_2/DEFI_5/GROUPE_75/LEDS/LED1 NWVjIE9OIDE=
03:54:50 /ISIMA/SECRET_DTRVVLVH/CHALLENGE_2/DEFI_5/GROUPE_75/LEDS/LED1 MTVlYk9GRiA=
04:50:37 /ISIMA/SECRET_DTRVVLVH/CHALLENGE_2/DEFI_5/GROUPE_75/LEDS/LED1 YSBPTiAxNWU=
02:04:37 /ISIMA/SECRET_DTRVVLVH/CHALLENGE_2/DEFI_5/GROUPE_75/LEDS/LED1 RiAxNWU5T0Y=
10:00:46 /ISIMA/SECRET_DTRVVLVH/CHALLENGE_2/DEFI_5/GROUPE_75/LEDS/LED1 IE9OIDE1ZTg=
14:02:37 /ISIMA/SECRET_DTRVVLVH/CHALLENGE_2/DEFI_5/GROUPE_75/LEDS/LED1 NWU3T0ZGIDE=
22:47:43 /ISIMA/SECRET_DTRVVLVH/CHALLENGE_2/DEFI_5/GROUPE_75/LEDS/LED1 NWU2IE9OIDE=
22:29:06 /ISIMA/SECRET_DTRVVLVH/CHALLENGE_2/DEFI_5/GROUPE_75/LEDS/LED1 IDE1ZTVPRkY=
03:50:50 /ISIMA/SECRET_DTRVVLVH/CHALLENGE_2/DEFI_5/GROUPE_75/LEDS/LED1 TiAxNWU0IE8=
06:11:28 /ISIMA/SECRET_DTRVVLVH/CHALLENGE_2/DEFI_5/GROUPE_75/LEDS/LED1 M09GRiAxNWU=
04:32:29 /ISIMA/SECRET_DTRVVLVH/CHALLENGE_2/DEFI_5/GROUPE_75/LEDS/LED1 MTVlMiBPTiA=
08:00:03 /ISIMA/SECRET_DTRVVLVH/CHALLENGE_2/DEFI_5/GROUPE_75/LEDS/LED1 T0ZGIDE1ZTE=
09:41:42 /ISIMA/SECRET_DTRVVLVH/CHALLENGE_2/DEFI_5/GROUPE_75/LEDS/LED1 TiAxNWUwIE8=
06:59:55 /ISIMA/SECRET_DTRVVLVH/CHALLENGE_2/DEFI_5/GROUPE_75/LEDS/LED1 T0ZGIDE1ZGY=
15:36:04 /ISIMA/SECRET_DTRVVLVH/CHALLENGE_2/DEFI_5/GROUPE_75/LEDS/LED1 ZGUgT04gMTU=
16:13:01 /ISIMA/SECRET_DTRVVLVH/CHALLENGE_2/DEFI_5/GROUPE_75/LEDS/LED1 ZE9GRiAxNWQ=
22:37:28 /ISIMA/SECRET_DTRVVLVH/CHALLENGE_2/DEFI_5/GROUPE_75/LEDS/LED1 ZGMgT04gMTU=
23:44:58 /ISIMA/SECRET_DTRVVLVH/CHALLENGE_2/DEFI_5/GROUPE_75/LEDS/LED1 MTVkYk9GRiA=
00:15:12 /ISIMA/SECRET_DTRVVLVH/CHALLENGE_2/DEFI_5/GROUPE_75/LEDS/LED1 TiAxNWRhIE8=
14:45:54 /ISIMA/SECRET_DTRVVLVH/CHALLENGE_2/DEFI_5/GROUPE_75/LEDS/LED1 NWQ5T0ZGIDE=
08:18:05 /ISIMA/SECRET_DTRVVLVH/CHALLENGE_2/DEFI_5/GROUPE_75/LEDS/LED1 TiAxNWQ4IE8=
14:18:08 /ISIMA/SECRET_DTRVVLVH/CHALLENGE_2/DEFI_5/GROUPE_75/LEDS/LED1 RkYgMTVkN08=
02:45:12 /ISIMA/SECRET_DTRVVLVH/CHALLENGE_2/DEFI_5/GROUPE_75/LEDS/LED1 ZDYgT04gMTU=
13:16:57 /ISIMA/SECRET_DTRVVLVH/CHALLENGE_2/DEFI_5/GROUPE_75/LEDS/LED1 T0ZGIDE1ZDU=
04:44:50 /ISIMA/SECRET_DTRVVLVH/CHALLENGE_2/DEFI_5/GROUPE_75/LEDS/LED1 NCBPTiAxNWQ=
16:50:51 /ISIMA/SECRET_DTRVVLVH/CHALLENGE_2/DEFI_5/GROUPE_75/LEDS/LED1 RkYgMTVkM08=
16:57:18 /ISIMA/SECRET_DTRVVLVH/CHALLENGE_2/DEFI_5/GROUPE_75/LEDS/LED1 T04gMTVkMiA=
22:19:05 /ISIMA/SECRET_DTRVVLVH/CHALLENGE_2/DEFI_5/GROUPE_75/LEDS/LED1 MU9GRiAxNWQ=
03:20:40 /ISIMA/SECRET_DTRVVLVH/CHALLENGE_2/DEFI_5/GROUPE_75/LEDS/LED1 IE9OIDE1ZDA=
07:42:13 /ISIMA/SECRET_DTRVVLVH/CHALLENGE_2/DEFI_5/GROUPE_75/LEDS/LED1 RiAxNWNmT0Y=
09:06:06 /ISIMA/SECRET_DTRVVLVH/CHALLENGE_2/DEFI_5/GROUPE_75/LEDS/LED1 MTVjZSBPTiA=
18:34:59 /ISIMA/SECRET_DTRVVLVH/CHALLENGE_2/DEFI_5/GROUPE_75/LEDS/LED1 IDE1Y2RPRkY=
23:22:22 /ISIMA/SECRET_DTRVVLVH/CHALLENGE_2/DEFI_5/GROUPE_75/LEDS/LED1 NWNjIE9OIDE=
19:38:43 /ISIMA/SECRET_DTRVVLVH/CHALLENGE_2/DEFI_5/GROUPE_75/LEDS/LED1 IDE1Y2JPRkY=
23:18:14 /ISIMA/SECRET_DTRVVLVH/CHALLENGE_2/DEFI_5/GROUPE_75/LEDS/LED1 NWNhIE9OIDE=
13:11:41 /ISIMA/SECRET_DTRVVLVH/CHALLENGE_2/DEFI_5/GROUPE_75/LEDS/LED1 IDE1YzlPRkY=
19:11:58 /ISIMA/SECRET_DTRVVLVH/CHALLENGE_2/DEFI_5/GROUPE_75/LEDS/LED1 NWM4IE9OIDE=
00:57:55 /ISIMA/SECRET_DTRVVLVH/CHALLENGE_2/DEFI_5/GROUPE_75/LEDS/LED1 N09GRiAxNWM=
09:15:49 /ISIMA/SECRET_DTRVVLVH/CHALLENGE_2/DEFI_5/GROUPE_75/LEDS/LED1 IE9OIDE1YzY=
10:04:53 /ISIMA/SECRET_DTRVVLVH/CHALLENGE_2/DEFI_5/GROUPE_75/LEDS/LED1 T0ZGIDE1YzU=
10:19:47 /ISIMA/SECRET_DTRVVLVH/CHALLENGE_2/DEFI_5/GROUPE_75/LEDS/LED1 TiAxNWM0IE8=
08:03:50 /ISIMA/SECRET_DTRVVLVH/CHALLENGE_2/DEFI_5/GROUPE_75/LEDS/LED1 RkYgMTVjM08=
12:52:02 /ISIMA/SECRET_DTRVVLVH/CHALLENGE_2/DEFI_5/GROUPE_75/LEDS/LED1 IDE1YzIgT04=
03:23:47 /ISIMA/SECRET_DTRVVLVH/CHALLENGE_2/DEFI_5/GROUPE_75/LEDS/LED1 RiAxNWMxT0Y=
18:59:01 /ISIMA/SECRET_DTRVVLVH/CHALLENGE_2/DEFI_5/GROUPE_75/LEDS/LED1 YzAgT04gMTU=
19:28:35 /ISIMA/SECRET_DTRVVLVH/CHALLENGE_2/DEFI_5/GROUPE_75/LEDS/LED1 MTViZk9GRiA=
20:12:18 /ISIMA/SECRET_DTRVVLVH/CHALLENGE_2/DEFI_5/GROUPE_75/LEDS/LED1 TiAxNWJlIE8=
20:53:02 /ISIMA/SECRET_DTRVVLVH/CHALLENGE_2/DEFI_5/GROUPE_75/LEDS/LED1 T0ZGIDE1YmQ=
08:12:40 /ISIMA/SECRET_DTRVVLVH/CHALLENGE_2/DEFI_5/GROUPE_75/LEDS/LED1 YmMgT04gMTU=
20:34:12 /ISIMA/SECRET_DTRVVLVH/CHALLENGE_2/DEFI_5/GROUPE_75/LEDS/LED1 MTViYk9GRiA=
01:06:03 /ISIMA/SECRET_DTRVVLVH/CHALLENGE_2/DEFI_5/GROUPE_75/LEDS/LED1 TiAxNWJhIE8=
23:39:29 /ISIMA/SECRET_DTRVVLVH/CHALLENGE_2/DEFI_5/GROUPE_75/LEDS/LED1 OU9GRiAxNWI=
20:10:48 /ISIMA/SECRET_DTRVVLVH/CHALLENGE_2/DEFI_5/GROUPE_75/LEDS/LED1 TiAxNWI4IE8=
21:51:54 /ISIMA/SECRET_DTRVVLVH/CHALLENGE_2/DEFI_5/GROUPE_75/LEDS/LED1 IDE1YjdPRkY=
17:34:46 /ISIMA/SECRET_DTRVVLVH/CHALLENGE_2/DEFI_5/GROUPE_75/LEDS/LED1 IDE1YjYgT04=
21:17:56 /ISIMA/SECRET_DTRVVLVH/CHALLENGE_2/DEFI_5/GROUPE_75/LEDS/LED1 RkYgMTViNU8=
02:26:38 /ISIMA/SECRET_DTRVVLVH/CHALLENGE_2/DEFI_5/GROUPE_75/LEDS/LED1 IDE1YjQgT04=
19:53:28 /ISIMA/SECRET_DTRVVLVH/CHALLENGE_2/DEFI_5/GROUPE_75/LEDS/LED1 YjNPRkYgMTU=
02:49:31 /ISIMA/SECRET_DTRVVLVH/CHALLENGE_2/DEFI_5/GROUPE_75/LEDS/LED1 IDE1YjIgT04=
01:47:46 /ISIMA/SECRET_DTRVVLVH/CHALLENGE_2/DEFI_5/GROUPE_75/LEDS/LED1 NWIxT0ZGIDE=
19:23:46 /ISIMA/SECRET_DTRVVLVH/CHALLENGE_2/DEFI_5/GROUPE_75/LEDS/LED1 T04gMTViMCA=
04:58:10 /ISIMA/SECRET_DTRVVLVH/CHALLENGE_2/DEFI_5/GROUPE_75/LEDS/LED1 Zk9GRiAxNWE=
04:49:15 /ISIMA/SECRET_DTRVVLVH/CHALLENGE_2/DEFI_5/GROUPE_75/LEDS/LED1 TiAxNWFlIE8=
20:13:53 /ISIMA/SECRET_DTRVVLVH/CHALLENGE_2/DEFI_5/GROUPE_75/LEDS/LED1 T0ZGIDE1YWQ=
11:30:41 /ISIMA/SECRET_DTRVVLVH/CHALLENGE_2/DEFI_5/GROUPE_75/LEDS/LED1 YWMgT04gMTU=
14:30:46 /ISIMA/SECRET_DTRVVLVH/CHALLENGE_2/DEFI_5/GROUPE_75/LEDS/LED1 MTVhYk9GRiA=
17:49:02 /ISIMA/SECRET_DTRVVLVH/CHALLENGE_2/DEFI_5/GROUPE_75/LEDS/LED1 IDE1YWEgT04=
01:22:57 /ISIMA/SECRET_DTRVVLVH/CHALLENGE_2/DEFI_5/GROUPE_75/LEDS/LED1 MTVhOU9GRiA=
15:19:50 /ISIMA/SECRET_DTRVVLVH/CHALLENGE_2/DEFI_5/GROUPE_75/LEDS/LED1 IE9OIDE1YTg=
21:26:25 /ISIMA/SECRET_DTRVVLVH/CHALLENGE_2/DEFI_5/GROUPE_75/LEDS/LED1 N09GRiAxNWE=
05:48:17 /ISIMA/SECRET_DTRVVLVH/CHALLENGE_2/DEFI_5/GROUPE_75/LEDS/LED1 YTYgT04gMTU=
06:49:59 /ISIMA/SECRET_DTRVVLVH/CHALLENGE_2/DEFI_5/GROUPE_75/LEDS/LED1 NWE1T0ZGIDE=
22:00:54 /ISIMA/SECRET_DTRVVLVH/CHALLENGE_2/DEFI_5/GROUPE_75/LEDS/LED1 NCBPTiAxNWE=
18:37:58 /ISIMA/SECRET_DTRVVLVH/CHALLENGE_2/DEFI_5/GROUPE_75/LEDS/LED1 MTVhM09GRiA=
04:34:39 /ISIMA/SECRET_DTRVVLVH/CHALLENGE_2/DEFI_5/GROUPE_75/LEDS/LED1 IE9OIDE1YTI=
08:38:15 /ISIMA/SECRET_DTRVVLVH/CHALLENGE_2/DEFI_5/GROUPE_75/LEDS/LED1 MU9GRiAxNWE=
17:22:42 /ISIMA/SECRET_DTRVVLVH/CHALLENGE_2/DEFI_5/GROUPE_75/LEDS/LED1 YTAgT04gMTU=
11:32:14 /ISIMA/SECRET_DTRVVLVH/CHALLENGE_2/DEFI_5/GROUPE_75/LEDS/LED1 Zk9GRiAxNTk=
12:16:53 /ISIMA/SECRET_DTRVVLVH/CHALLENGE_2/DEFI_5/GROUPE_75/LEDS/LED1 IDE1OWUgT04=
21:43:21 /ISIMA/SECRET_DTRVVLVH/CHALLENGE_2/DEFI_5/GROUPE_75/LEDS/LED1 RkYgMTU5ZE8=
20:03:57 /ISIMA/SECRET_DTRVVLVH/CHALLENGE_2/DEFI_5/GROUPE_75/LEDS/LED1 NTljIE9OIDE=
17:19:46 /ISIMA/SECRET_DTRVVLVH/CHALLENGE_2/DEFI_5/GROUPE_75/LEDS/LED1 RkYgMTU5Yk8=
06:13:22 /ISIMA/SECRET_DTRVVLVH/CHALLENGE_2/DEFI_5/GROUPE_75/LEDS/LED1 IDE1OWEgT04=
19:15:03 /ISIMA/SECRET_DTRVVLVH/CHALLENGE_2/DEFI_5/GROUPE_75/LEDS/LED1 RkYgMTU5OU8=
21:30:16 /ISIMA/SECRET_DTRVVLVH/CHALLENGE_2/DEFI_5/GROUPE_75/LEDS/LED1 IDE1OTggT04=
02:08:58 /ISIMA/SECRET_DTRVVLVH/CHALLENGE_2/DEFI_5/GROUPE_75/LEDS/LED1 MTU5N09GRiA=
10:22:07 /ISIMA/SECRET_DTRVVLVH/CHALLENGE_2/DEFI_5/GROUPE_75/LEDS/LED1 TiAxNTk2IE8=
00:29:51 /ISIMA/SECRET_DTRVVLVH/CHALLENGE_2/DEFI_5/GROUPE_75/LEDS/LED1 NTk1T0ZGIDE=
10:43:33 /ISIMA/SECRET_DTRVVLVH/CHALLENGE_2/DEFI_5/GROUPE_75/LEDS/LED1 IE9OIDE1OTQ=
06:33:47 /ISIMA/SECRET_DTRVVLVH/CHALLENGE_2/DEFI_5/GROUPE_75/LEDS/LED1 RiAxNTkzT0Y=
08:14:27 /ISIMA/SECRET_DTRVVLVH/CHALLENGE_2/DEFI_5/GROUPE_75/LEDS/LED1 T04gMTU5MiA=
03:20:07 /ISIMA/SECRET_DTRVVLVH/CHALLENGE_2/DEFI_5/GROUPE_75/LEDS/LED1 IDE1OTFPRkY=
00:47:06 /ISIMA/SECRET_DTRVVLVH/CHALLENGE_2/DEFI_5/GROUPE_75/LEDS/LED1 NTkwIE9OIDE=
12:58:39 /ISIMA/SECRET_DTRVVLVH/CHALLENGE_2/DEFI_5/GROUPE_75/LEDS/LED1 NThmT0ZGIDE=
14:36:53 /ISIMA/SECRET_DTRVVLVH/CHALLENGE_2/DEFI_5/GROUPE_75/LEDS/LED1 IE9OIDE1OGU=
23:59:12 /ISIMA/SECRET_DTRVVLVH/CHALLENGE_2/DEFI_5/GROUPE_75/LEDS/LED1 MTU4ZE9GRiA=
01:59:18 /ISIMA/SECRET_DTRVVLVH/CHALLENGE_2/DEFI_5/GROUPE_75/LEDS/LED1 IE9OIDE1OGM=
01:18:51 /ISIMA/SECRET_DTRVVLVH/CHALLENGE_2/DEFI_5/GROUPE_75/LEDS/LED1 RiAxNThiT0Y=
19:43:17 /ISIMA/SECRET_DTRVVLVH/CHALLENGE_2/DEFI_5/GROUPE_75/LEDS/LED1 NThhIE9OIDE=
01:41:50 /ISIMA/SECRET_DTRVVLVH/CHALLENGE_2/DEFI_5/GROUPE_75/LEDS/LED1 RiAxNTg5T0Y=
15:48:08 /ISIMA/SECRET_DTRVVLVH/CHALLENGE_2/DEFI_5/GROUPE_75/LEDS/LED1 ODggT04gMTU=
06:47:54 /ISIMA/SECRET_DTRVVLVH/CHALLENGE_2/DEFI_5/GROUPE_75/LEDS/LED1 RiAxNTg3T0Y=
14:13:26 /ISIMA/SECRET_DTRVVLVH/CHALLENGE_2/DEFI_5/GROUPE_75/LEDS/LED1 NTg2IE9OIDE=
12:56:26 /ISIMA/SECRET_DTRVVLVH/CHALLENGE_2/DEFI_5/GROUPE_75/LEDS/LED1 RiAxNTg1T0Y=
10:30:21 /ISIMA/SECRET_DTRVVLVH/CHALLENGE_2/DEFI_5/GROUPE_75/LEDS/LED1 IE9OIDE1ODQ=
09:27:22 /ISIMA/SECRET_DTRVVLVH/CHALLENGE_2/DEFI_5/GROUPE_75/LEDS/LED1 MTU4M09GRiA=
09:28:32 /ISIMA/SECRET_DTRVVLVH/CHALLENGE_2/DEFI_5/GROUPE_75/LEDS/LED1 T04gMTU4MiA=
12:37:25 /ISIMA/SECRET_DTRVVLVH/CHALLENGE_2/DEFI_5/GROUPE_75/LEDS/LED1 NTgxT0ZGIDE=
20:56:47 /ISIMA/SECRET_DTRVVLVH/CHALLENGE_2/DEFI_5/GROUPE_75/LEDS/LED1 MTU4MCBPTiA=
14:15:46 /ISIMA/SECRET_DTRVVLVH/CHALLENGE_2/DEFI_5/GROUPE_75/LEDS/LED1 IDE1N2ZPRkY=
09:20:08 /ISIMA/SECRET_DTRVVLVH/CHALLENGE_2/DEFI_5/GROUPE_75/LEDS/LED1 IDE1N2UgT04=
14:15:55 /ISIMA/SECRET_DTRVVLVH/CHALLENGE_2/DEFI_5/GROUPE_75/LEDS/LED1 RkYgMTU3ZE8=
18:02:34 /ISIMA/SECRET_DTRVVLVH/CHALLENGE_2/DEFI_5/GROUPE_75/LEDS/LED1 T04gMTU3YyA=
22:59:23 /ISIMA/SECRET_DTRVVLVH/CHALLENGE_2/DEFI_5/GROUPE_75/LEDS/LED1 Yk9GRiAxNTc=
10:05:16 /ISIMA/SECRET_DTRVVLVH/CHALLENGE_2/DEFI_5/GROUPE_75/LEDS/LED1 TiAxNTdhIE8=
11:24:36 /ISIMA/SECRET_DTRVVLVH/CHALLENGE_2/DEFI_5/GROUPE_75/LEDS/LED1 T0ZGIDE1Nzk=
22:00:54 /ISIMA/SECRET_DTRVVLVH/CHALLENGE_2/DEFI_5/GROUPE_75/LEDS/LED1 T04gMTU3OCA=
14:33:54 /ISIMA/SECRET_DTRVVLVH/CHALLENGE_2/DEFI_5/GROUPE_75/LEDS/LED1 NzdPRkYgMTU=
16:44:01 /ISIMA/SECRET_DTRVVLVH/CHALLENGE_2/DEFI_5/GROUPE_75/LEDS/LED1 NTc2IE9OIDE=
20:02:13 /ISIMA/SECRET_DTRVVLVH/CHALLENGE_2/DEFI_5/GROUPE_75/LEDS/LED1 NU9GRiAxNTc=
21:01:00 /ISIMA/SECRET_DTRVVLVH/CHALLENGE_2/DEFI_5/GROUPE_75/LEDS/LED1 NzQgT04gMTU=
16:22:29 /ISIMA/SECRET_DTRVVLVH/CHALLENGE_2/DEFI_5/GROUPE_75/LEDS/LED1 M09GRiAxNTc=
19:56:21 /ISIMA/SECRET_DTRVVLVH/CHALLENGE_2/DEFI_5/GROUPE_75/LEDS/LED1 NzIgT04gMTU=
00:33:52 /ISIMA/SECRET_DTRVVLVH/CHALLENGE_2/DEFI_5/GROUPE_75/LEDS/LED1 NTcxT0ZGIDE=
10:26:38 /ISIMA/SECRET_DTRVVLVH/CHALLENGE_2/DEFI_5/GROUPE_75/LEDS/LED1 MTU3MCBPTiA=
02:22:30 /ISIMA/SECRET_DTRVVLVH/CHALLENGE_2/DEFI_5/GROUPE_75/LEDS/LED1 NmZPRkYgMTU=
19:50:43 /ISIMA/SECRET_DTRVVLVH/CHALLENGE_2/DEFI_5/GROUPE_75/LEDS/LED1 IDE1NmUgT04=
01:50:02 /ISIMA/SECRET_DTRVVLVH/CHALLENGE_2/DEFI_5/GROUPE_75/LEDS/LED1 T0ZGIDE1NmQ=
16:46:44 /ISIMA/SECRET_DTRVVLVH/CHALLENGE_2/DEFI_5/GROUPE_75/LEDS/LED1 MTU2YyBPTiA=
18:24:33 /ISIMA/SECRET_DTRVVLVH/CHALLENGE_2/DEFI_5/GROUPE_75/LEDS/LED1 IDE1NmJPRkY=
07:33:17 /ISIMA/SECRET_DTRVVLVH/CHALLENGE_2/DEFI_5/GROUPE_75/LEDS/LED1 MTU2YSBPTiA=
17:57:35 /ISIMA/SECRET_DTRVVLVH/CHALLENGE_2/DEFI_5/GROUPE_75/LEDS/LED1 NTY5T0ZGIDE=
23:49:06 /ISIMA/SECRET_DTRVVLVH/CHALLENGE_2/DEFI_5/GROUPE_75/LEDS/LED1 IE9OIDE1Njg=
03:03:54 /ISIMA/SECRET_DTRVVLVH/CHALLENGE_2/DEFI_5/GROUPE_75/LEDS/LED1 IDE1NjdPRkY=