YyBPTiAxNmI=
RkYgMTZiYk8=
IE9OIDE2YmE=
YjlPRkYgMTY=
NmI4IE9OIDE=
IDE2YjdPRkY=
IE9OIDE2YjY=
T0ZGIDE2YjU=
T04gMTZiNCA=
NmIzT0ZGIDE=
IE9OIDE2YjI=
T0ZGIDE2YjE=
MCBPTiAxNmI=
RiAxNmFmT0Y=
ZSBPTiAxNmE=
YWRPRkYgMTY=
MTZhYyBPTiA=
IDE2YWJPRkY=
IE9OIDE2YWE=
OU9GRiAxNmE=
YTggT04gMTY=
N09GRiAxNmE=
IDE2YTYgT04=
T0ZGIDE2YTU=
NCBPTiAxNmE=
T0ZGIDE2YTM=
TiAxNmEyIE8=
RiAxNmExT0Y=
YTAgT04gMTY=
RkYgMTY5Zk8=
IDE2OWUgT04=
OWRPRkYgMTY=
T04gMTY5YyA=
IDE2OWJPRkY=
OWEgT04gMTY=
IDE2OTlPRkY=
IE9OIDE2OTg=
OTdPRkYgMTY=
IE9OIDE2OTY=
Njk1T0ZGIDE=
IDE2OTQgT04=
RkYgMTY5M08=
MiBPTiAxNjk=
MU9GRiAxNjk=
T04gMTY5MCA=
T0ZGIDE2OGY=
MTY4ZSBPTiA=
T0ZGIDE2OGQ=
T04gMTY4YyA=
RkYgMTY4Yk8=
OGEgT04gMTY=
MTY4OU9GRiA=
MTY4OCBPTiA=
T0ZGIDE2ODc=
IDE2ODYgT04=
RkYgMTY4NU8=
IE9OIDE2ODQ=
M09GRiAxNjg=
IE9OIDE2ODI=
RiAxNjgxT0Y=
TiAxNjgwIE8=
IDE2N2ZPRkY=
ZSBPTiAxNjc=
MTY3ZE9GRiA=
N2MgT04gMTY=
T0ZGIDE2N2I=
MTY3YSBPTiA=
RiAxNjc5T0Y=
IDE2NzggT04=
Njc3T0ZGIDE=
NiBPTiAxNjc=
MTY3NU9GRiA=
IE9OIDE2NzQ=
T0ZGIDE2NzM=
T04gMTY3MiA=
RiAxNjcxT0Y=
IDE2NzAgT04=
Zk9GRiAxNjY=
T04gMTY2ZSA=
ZE9GRiAxNjY=
T04gMTY2YyA=
NjZiT0ZGIDE=
YSBPTiAxNjY=
RkYgMTY2OU8=
IDE2NjggT04=
RkYgMTY2N08=
TiAxNjY2IE8=
MTY2NU9GRiA=
MTY2NCBPTiA=
M09GRiAxNjY=
TiAxNjYyIE8=
NjFPRkYgMTY=
MCBPTiAxNjY=
Zk9GRiAxNjU=
T04gMTY1ZSA=
IDE2NWRPRkY=
IDE2NWMgT04=
MTY1Yk9GRiA=
IDE2NWEgT04=
OU9GRiAxNjU=
TiAxNjU4IE8=
MTY1N09GRiA=
NjU2IE9OIDE=
NjU1T0ZGIDE=
IE9OIDE2NTQ=
T0ZGIDE2NTM=
MTY1MiBPTiA=
NTFPRkYgMTY=
IDE2NTAgT04=
T0ZGIDE2NGY=
TiAxNjRlIE8=
NjRkT0ZGIDE=
IE9OIDE2NGM=
NGJPRkYgMTY=
MTY0YSBPTiA=
RiAxNjQ5T0Y=
T04gMTY0OCA=
T0ZGIDE2NDc=
T04gMTY0NiA=
NjQ1T0ZGIDE=
IDE2NDQgT04=
T0ZGIDE2NDM=
TiAxNjQyIE8=
RkYgMTY0MU8=
TiAxNjQwIE8=
MTYzZk9GRiA=
NjNlIE9OIDE=
T0ZGIDE2M2Q=
NjNjIE9OIDE=
NjNiT0ZGIDE=
T04gMTYzYSA=
IDE2MzlPRkY=
TiAxNjM4IE8=
RiAxNjM3T0Y=
T04gMTYzNiA=
MTYzNU9GRiA=
MTYzNCBPTiA=
RkYgMTYzM08=
MzIgT04gMTY=
MzFPRkYgMTY=
MzAgT04gMTY=
RkYgMTYyZk8=
T04gMTYyZSA=
NjJkT0ZGIDE=
T04gMTYyYyA=
RkYgMTYyYk8=
YSBPTiAxNjI=
NjI5T0ZGIDE=
MTYyOCBPTiA=
MjdPRkYgMTY=
IE9OIDE2MjY=
IDE2MjVPRkY=
IDE2MjQgT04=
RiAxNjIzT0Y=
MiBPTiAxNjI=
MTYyMU9GRiA=
MjAgT04gMTY=
RiAxNjFmT0Y=
IDE2MWUgT04=
T0ZGIDE2MWQ=
NjFjIE9OIDE=
RiAxNjFiT0Y=
IDE2MWEgT04=
MTYxOU9GRiA=
MTYxOCBPTiA=
MTYxN09GRiA=
T04gMTYxNiA=
RkYgMTYxNU8=
MTQgT04gMTY=
MTYxM09GRiA=
IE9OIDE2MTI=
RkYgMTYxMU8=
T04gMTYxMCA=
NjBmT0ZGIDE=
ZSBPTiAxNjA=
MGRPRkYgMTY=
MGMgT04gMTY=
Yk9GRiAxNjA=
IDE2MGEgT04=
RiAxNjA5T0Y=
NjA4IE9OIDE=
RkYgMTYwN08=
IE9OIDE2MDY=
NjA1T0ZGIDE=
NCBPTiAxNjA=
MTYwM09GRiA=
IE9OIDE2MDI=
NjAxT0ZGIDE=
T04gMTYwMCA=
NWZmT0ZGIDE=
IE9OIDE1ZmU=
RiAxNWZkT0Y=
IDE1ZmMgT04=
RkYgMTVmYk8=
ZmEgT04gMTU=
NWY5T0ZGIDE=
NWY4IE9OIDE=
RkYgMTVmN08=
IE9OIDE1ZjY=
NWY1T0ZGIDE=
NWY0IE9OIDE=
NWYzT0ZGIDE=
ZjIgT04gMTU=
IDE1ZjFPRkY=
ZjAgT04gMTU=
ZWZPRkYgMTU=
MTVlZSBPTiA=
RkYgMTVlZE8=
NWVjIE9OIDE=
MTVlYk9GRiA=
YSBPTiAxNWU=
RiAxNWU5T0Y=
IE9OIDE1ZTg=
NWU3T0ZGIDE=
NWU2IE9OIDE=
IDE1ZTVPRkY=
TiAxNWU0IE8=
M09GRiAxNWU=
MTVlMiBPTiA=
T0ZGIDE1ZTE=
TiAxNWUwIE8=
T0ZGIDE1ZGY=
ZGUgT04gMTU=
ZE9GRiAxNWQ=
ZGMgT04gMTU=
MTVkYk9GRiA=
TiAxNWRhIE8=
NWQ5T0ZGIDE=
TiAxNWQ4IE8=
RkYgMTVkN08=
ZDYgT04gMTU=
T0ZGIDE1ZDU=
NCBPTiAxNWQ=
RkYgMTVkM08=
T04gMTVkMiA=
MU9GRiAxNWQ=
IE9OIDE1ZDA=
RiAxNWNmT0Y=
MTVjZSBPTiA=
IDE1Y2RPRkY=
NWNjIE9OIDE=
IDE1Y2JPRkY=
NWNhIE9OIDE=
IDE1YzlPRkY=
NWM4IE9OIDE=
N09GRiAxNWM=
IE9OIDE1YzY=
T0ZGIDE1YzU=
TiAxNWM0IE8=
RkYgMTVjM08=
IDE1YzIgT04=
RiAxNWMxT0Y=
YzAgT04gMTU=
MTViZk9GRiA=
TiAxNWJlIE8=
T0ZGIDE1YmQ=
YmMgT04gMTU=
MTViYk9GRiA=
TiAxNWJhIE8=
OU9GRiAxNWI=
TiAxNWI4IE8=
IDE1YjdPRkY=
IDE1YjYgT04=
RkYgMTViNU8=
IDE1YjQgT04=
YjNPRkYgMTU=
IDE1YjIgT04=
NWIxT0ZGIDE=
T04gMTViMCA=
Zk9GRiAxNWE=
TiAxNWFlIE8=
T0ZGIDE1YWQ=
YWMgT04gMTU=
MTVhYk9GRiA=
IDE1YWEgT04=
MTVhOU9GRiA=
IE9OIDE1YTg=
N09GRiAxNWE=
YTYgT04gMTU=
NWE1T0ZGIDE=
NCBPTiAxNWE=
MTVhM09GRiA=
IE9OIDE1YTI=
MU9GRiAxNWE=
YTAgT04gMTU=
Zk9GRiAxNTk=
IDE1OWUgT04=
RkYgMTU5ZE8=
NTljIE9OIDE=
RkYgMTU5Yk8=
IDE1OWEgT04=
RkYgMTU5OU8=
IDE1OTggT04=
MTU5N09GRiA=
TiAxNTk2IE8=
NTk1T0ZGIDE=
IE9OIDE1OTQ=
RiAxNTkzT0Y=
T04gMTU5MiA=
IDE1OTFPRkY=
NTkwIE9OIDE=
NThmT0ZGIDE=
IE9OIDE1OGU=
MTU4ZE9GRiA=
IE9OIDE1OGM=
RiAxNThiT0Y=
NThhIE9OIDE=
RiAxNTg5T0Y=
ODggT04gMTU=
RiAxNTg3T0Y=
NTg2IE9OIDE=
RiAxNTg1T0Y=
IE9OIDE1ODQ=
MTU4M09GRiA=
T04gMTU4MiA=
NTgxT0ZGIDE=
MTU4MCBPTiA=
IDE1N2ZPRkY=
IDE1N2UgT04=
RkYgMTU3ZE8=
T04gMTU3YyA=
Yk9GRiAxNTc=
TiAxNTdhIE8=
T0ZGIDE1Nzk=
T04gMTU3OCA=
NzdPRkYgMTU=
NTc2IE9OIDE=
NU9GRiAxNTc=
NzQgT04gMTU=
M09GRiAxNTc=
NzIgT04gMTU=
NTcxT0ZGIDE=
MTU3MCBPTiA=
NmZPRkYgMTU=
IDE1NmUgT04=
T0ZGIDE1NmQ=
MTU2YyBPTiA=
IDE1NmJPRkY=
MTU2YSBPTiA=
NTY5T0ZGIDE=
IE9OIDE1Njg=
IDE1NjdPRkY=
